Log file open, 10/06/17 19:28:42
LogInit:Display: Running engine for game: AuroraBorealis
LogPlatformFile: Not using cached read wrapper
LogInit:Display: RandInit(1146815395) SRandInit(1146815395).
LogTaskGraph: Started task graph with 5 named threads and 8 total threads with 1 sets of task threads.
LogStats: Stats thread started at 0.066499
LogPluginManager: Loaded Plugin Paper2D, From C:/Gamedev/Unreal Engine/4.14/Engine/Plugins/2D/Paper2D/Paper2D.uplugin
LogPluginManager: Loaded Plugin LightPropagationVolume, From C:/Gamedev/Unreal Engine/4.14/Engine/Plugins/Blendables/LightPropagationVolume/LightPropagationVolume.uplugin
LogPluginManager: Loaded Plugin BlankPlugin, From C:/Gamedev/Unreal Engine/4.14/Engine/Plugins/Developer/BlankPlugin/BlankPlugin.uplugin
LogPluginManager: Loaded Plugin CodeLiteSourceCodeAccess, From C:/Gamedev/Unreal Engine/4.14/Engine/Plugins/Developer/CodeLiteSourceCodeAccess/CodeLiteSourceCodeAccess.uplugin
LogPluginManager: Loaded Plugin GitSourceControl, From C:/Gamedev/Unreal Engine/4.14/Engine/Plugins/Developer/GitSourceControl/GitSourceControl.uplugin
LogPluginManager: Loaded Plugin KDevelopSourceCodeAccess, From C:/Gamedev/Unreal Engine/4.14/Engine/Plugins/Developer/KDevelopSourceCodeAccess/KDevelopSourceCodeAccess.uplugin
LogPluginManager: Loaded Plugin NullSourceCodeAccess, From C:/Gamedev/Unreal Engine/4.14/Engine/Plugins/Developer/NullSourceCodeAccess/NullSourceCodeAccess.uplugin
LogPluginManager: Loaded Plugin OneSkyLocalizationService, From C:/Gamedev/Unreal Engine/4.14/Engine/Plugins/Developer/OneSkyLocalizationService/OneSkyLocalizationService.uplugin
LogPluginManager: Loaded Plugin PerforceSourceControl, From C:/Gamedev/Unreal Engine/4.14/Engine/Plugins/Developer/PerforceSourceControl/PerforceSourceControl.uplugin
LogPluginManager: Loaded Plugin SubversionSourceControl, From C:/Gamedev/Unreal Engine/4.14/Engine/Plugins/Developer/SubversionSourceControl/SubversionSourceControl.uplugin
LogPluginManager: Loaded Plugin UObjectPlugin, From C:/Gamedev/Unreal Engine/4.14/Engine/Plugins/Developer/UObjectPlugin/UObjectPlugin.uplugin
LogPluginManager: Loaded Plugin VisualStudioSourceCodeAccess, From C:/Gamedev/Unreal Engine/4.14/Engine/Plugins/Developer/VisualStudioSourceCodeAccess/VisualStudioSourceCodeAccess.uplugin
LogPluginManager: Loaded Plugin XCodeSourceCodeAccess, From C:/Gamedev/Unreal Engine/4.14/Engine/Plugins/Developer/XCodeSourceCodeAccess/XCodeSourceCodeAccess.uplugin
LogPluginManager: Loaded Plugin AudioCapture, From C:/Gamedev/Unreal Engine/4.14/Engine/Plugins/Editor/AudioCapture/AudioCapture.uplugin
LogPluginManager: Loaded Plugin EpicSurvey, From C:/Gamedev/Unreal Engine/4.14/Engine/Plugins/Editor/EpicSurvey/EpicSurvey.uplugin
LogPluginManager: Loaded Plugin MacGraphicsSwitching, From C:/Gamedev/Unreal Engine/4.14/Engine/Plugins/Editor/MacGraphicsSwitching/MacGraphicsSwitching.uplugin
LogPluginManager: Loaded Plugin MobileLauncherProfileWizard, From C:/Gamedev/Unreal Engine/4.14/Engine/Plugins/Editor/MobileLauncherProfileWizard/MobileLauncherProfileWizard.uplugin
LogPluginManager: Loaded Plugin PluginBrowser, From C:/Gamedev/Unreal Engine/4.14/Engine/Plugins/Editor/PluginBrowser/PluginBrowser.uplugin
LogPluginManager: Loaded Plugin SpeedTreeImporter, From C:/Gamedev/Unreal Engine/4.14/Engine/Plugins/Editor/SpeedTreeImporter/SpeedTreeImporter.uplugin
LogPluginManager: Loaded Plugin SuperSearchEditor, From C:/Gamedev/Unreal Engine/4.14/Engine/Plugins/Editor/SuperSearchEditor/SuperSearchEditor.uplugin
LogPluginManager: Loaded Plugin AlembicImporter, From C:/Gamedev/Unreal Engine/4.14/Engine/Plugins/Experimental/AlembicImporter/AlembicImporter.uplugin
LogPluginManager: Loaded Plugin BlueprintStats, From C:/Gamedev/Unreal Engine/4.14/Engine/Plugins/Experimental/BlueprintStats/BlueprintStats.uplugin
LogPluginManager: Loaded Plugin CharacterAI, From C:/Gamedev/Unreal Engine/4.14/Engine/Plugins/Experimental/CharacterAI/CharacterAI.uplugin
LogPluginManager: Loaded Plugin CodeEditor, From C:/Gamedev/Unreal Engine/4.14/Engine/Plugins/Experimental/CodeEditor/CodeEditor.uplugin
LogPluginManager: Loaded Plugin CodeView, From C:/Gamedev/Unreal Engine/4.14/Engine/Plugins/Experimental/CodeView/CodeView.uplugin
LogPluginManager: Loaded Plugin HTML5Networking, From C:/Gamedev/Unreal Engine/4.14/Engine/Plugins/Experimental/HTML5Networking/HTML5Networking.uplugin
LogPluginManager: Loaded Plugin OSVR, From C:/Gamedev/Unreal Engine/4.14/Engine/Plugins/Experimental/OSVR/OSVR.uplugin
LogPluginManager: Loaded Plugin Phya, From C:/Gamedev/Unreal Engine/4.14/Engine/Plugins/Experimental/Phya/Phya.uplugin
LogPluginManager: Loaded Plugin SignificanceManager, From C:/Gamedev/Unreal Engine/4.14/Engine/Plugins/Experimental/SignificanceManager/SignificanceManager.uplugin
LogPluginManager: Loaded Plugin SimpleHMD, From C:/Gamedev/Unreal Engine/4.14/Engine/Plugins/Experimental/SimpleHMD/SimpleHMD.uplugin
LogPluginManager: Loaded Plugin StereoPanorama, From C:/Gamedev/Unreal Engine/4.14/Engine/Plugins/Experimental/StereoPanorama/StereoPanorama.uplugin
LogPluginManager: Loaded Plugin StructBox, From C:/Gamedev/Unreal Engine/4.14/Engine/Plugins/Experimental/StructBox/StructBox.uplugin
LogPluginManager: Loaded Plugin ModoMaterialImporter, From C:/Gamedev/Unreal Engine/4.14/Engine/Plugins/Marketplace/ModoMaterialImporter/ModoMaterialImporter.uplugin
LogPluginManager: Loaded Plugin Substance, From C:/Gamedev/Unreal Engine/4.14/Engine/Plugins/Marketplace/Substance/Substance.uplugin
LogPluginManager: Loaded Plugin VaRestPlugin, From C:/Gamedev/Unreal Engine/4.14/Engine/Plugins/Marketplace/VaRestPlugin/VaRestPlugin.uplugin
LogPluginManager: Loaded Plugin AndroidMedia, From C:/Gamedev/Unreal Engine/4.14/Engine/Plugins/Media/AndroidMedia/AndroidMedia.uplugin
LogPluginManager: Loaded Plugin AvfMedia, From C:/Gamedev/Unreal Engine/4.14/Engine/Plugins/Media/AvfMedia/AvfMedia.uplugin
LogPluginManager: Loaded Plugin MediaPlayerEditor, From C:/Gamedev/Unreal Engine/4.14/Engine/Plugins/Media/MediaPlayerEditor/MediaPlayerEditor.uplugin
LogPluginManager: Loaded Plugin WmfMedia, From C:/Gamedev/Unreal Engine/4.14/Engine/Plugins/Media/WmfMedia/WmfMedia.uplugin
LogPluginManager: Loaded Plugin MessagingDebugger, From C:/Gamedev/Unreal Engine/4.14/Engine/Plugins/Messaging/MessagingDebugger/MessagingDebugger.uplugin
LogPluginManager: Loaded Plugin TcpMessaging, From C:/Gamedev/Unreal Engine/4.14/Engine/Plugins/Messaging/TcpMessaging/TcpMessaging.uplugin
LogPluginManager: Loaded Plugin UdpMessaging, From C:/Gamedev/Unreal Engine/4.14/Engine/Plugins/Messaging/UdpMessaging/UdpMessaging.uplugin
LogPluginManager: Loaded Plugin LevelSequenceEditor, From C:/Gamedev/Unreal Engine/4.14/Engine/Plugins/MovieScene/LevelSequenceEditor/LevelSequenceEditor.uplugin
LogPluginManager: Loaded Plugin MatineeToLevelSequence, From C:/Gamedev/Unreal Engine/4.14/Engine/Plugins/MovieScene/MatineeToLevelSequence/MatineeToLevelSequence.uplugin
LogPluginManager: Loaded Plugin NetcodeUnitTest, From C:/Gamedev/Unreal Engine/4.14/Engine/Plugins/NetcodeUnitTest/NetcodeUnitTest/NetcodeUnitTest.uplugin
LogPluginManager: Loaded Plugin NUTUnrealEngine4, From C:/Gamedev/Unreal Engine/4.14/Engine/Plugins/NetcodeUnitTest/NUTUnrealEngine4/NUTUnrealEngine4.uplugin
LogPluginManager: Loaded Plugin OnlineSubsystemGameCircle, From C:/Gamedev/Unreal Engine/4.14/Engine/Plugins/Online/Android/OnlineSubsystemGameCircle/OnlineSubsystemGameCircle.uplugin
LogPluginManager: Loaded Plugin OnlineSubsystemGooglePlay, From C:/Gamedev/Unreal Engine/4.14/Engine/Plugins/Online/Android/OnlineSubsystemGooglePlay/OnlineSubsystemGooglePlay.uplugin
LogPluginManager: Loaded Plugin OnlineSubsystemIOS, From C:/Gamedev/Unreal Engine/4.14/Engine/Plugins/Online/IOS/OnlineSubsystemIOS/OnlineSubsystemIOS.uplugin
LogPluginManager: Loaded Plugin OnlineFramework, From C:/Gamedev/Unreal Engine/4.14/Engine/Plugins/Online/OnlineFramework/OnlineFramework.uplugin
LogPluginManager: Loaded Plugin OnlineSubsystem, From C:/Gamedev/Unreal Engine/4.14/Engine/Plugins/Online/OnlineSubsystem/OnlineSubsystem.uplugin
LogPluginManager: Loaded Plugin OnlineSubsystemAmazon, From C:/Gamedev/Unreal Engine/4.14/Engine/Plugins/Online/OnlineSubsystemAmazon/OnlineSubsystemAmazon.uplugin
LogPluginManager: Loaded Plugin OnlineSubsystemFacebook, From C:/Gamedev/Unreal Engine/4.14/Engine/Plugins/Online/OnlineSubsystemFacebook/OnlineSubsystemFacebook.uplugin
LogPluginManager: Loaded Plugin OnlineSubsystemNull, From C:/Gamedev/Unreal Engine/4.14/Engine/Plugins/Online/OnlineSubsystemNull/OnlineSubsystemNull.uplugin
LogPluginManager: Loaded Plugin OnlineSubsystemOculus, From C:/Gamedev/Unreal Engine/4.14/Engine/Plugins/Online/OnlineSubsystemOculus/OnlineSubsystemOculus.uplugin
LogPluginManager: Loaded Plugin OnlineSubsystemSteam, From C:/Gamedev/Unreal Engine/4.14/Engine/Plugins/Online/OnlineSubsystemSteam/OnlineSubsystemSteam.uplugin
LogPluginManager: Loaded Plugin OnlineSubsystemUtils, From C:/Gamedev/Unreal Engine/4.14/Engine/Plugins/Online/OnlineSubsystemUtils/OnlineSubsystemUtils.uplugin
LogPluginManager: Loaded Plugin IOSTapJoy, From C:/Gamedev/Unreal Engine/4.14/Engine/Plugins/Runtime/Advertising/IOSTapJoy/IOSTapJoy.uplugin
LogPluginManager: Loaded Plugin AnalyticsBlueprintLibrary, From C:/Gamedev/Unreal Engine/4.14/Engine/Plugins/Runtime/Analytics/AnalyticsBlueprintLibrary/AnalyticsBlueprintLibrary.uplugin
LogPluginManager: Loaded Plugin AnalyticsMulticast, From C:/Gamedev/Unreal Engine/4.14/Engine/Plugins/Runtime/Analytics/AnalyticsMulticast/AnalyticsMulticast.uplugin
LogPluginManager: Loaded Plugin Apsalar, From C:/Gamedev/Unreal Engine/4.14/Engine/Plugins/Runtime/Analytics/Apsalar/Apsalar.uplugin
LogPluginManager: Loaded Plugin FileLogging, From C:/Gamedev/Unreal Engine/4.14/Engine/Plugins/Runtime/Analytics/FileLogging/FileLogging.uplugin
LogPluginManager: Loaded Plugin Flurry, From C:/Gamedev/Unreal Engine/4.14/Engine/Plugins/Runtime/Analytics/Flurry/Flurry.uplugin
LogPluginManager: Loaded Plugin AndroidDeviceProfileSelector, From C:/Gamedev/Unreal Engine/4.14/Engine/Plugins/Runtime/AndroidDeviceProfileSelector/AndroidDeviceProfileSelector.uplugin
LogPluginManager: Loaded Plugin AndroidMoviePlayer, From C:/Gamedev/Unreal Engine/4.14/Engine/Plugins/Runtime/AndroidMoviePlayer/AndroidMoviePlayer.uplugin
LogPluginManager: Loaded Plugin AppleMoviePlayer, From C:/Gamedev/Unreal Engine/4.14/Engine/Plugins/Runtime/AppleMoviePlayer/AppleMoviePlayer.uplugin
LogPluginManager: Loaded Plugin ArchVisCharacter, From C:/Gamedev/Unreal Engine/4.14/Engine/Plugins/Runtime/ArchVisCharacter/ArchVisCharacter.uplugin
LogPluginManager: Loaded Plugin CableComponent, From C:/Gamedev/Unreal Engine/4.14/Engine/Plugins/Runtime/CableComponent/CableComponent.uplugin
LogPluginManager: Loaded Plugin CustomMeshComponent, From C:/Gamedev/Unreal Engine/4.14/Engine/Plugins/Runtime/CustomMeshComponent/CustomMeshComponent.uplugin
LogPluginManager: Loaded Plugin ExampleDeviceProfileSelector, From C:/Gamedev/Unreal Engine/4.14/Engine/Plugins/Runtime/ExampleDeviceProfileSelector/ExampleDeviceProfileSelector.uplugin
LogPluginManager: Loaded Plugin GearVR, From C:/Gamedev/Unreal Engine/4.14/Engine/Plugins/Runtime/GearVR/GearVR.uplugin
LogPluginManager: Loaded Plugin GoogleVRController, From C:/Gamedev/Unreal Engine/4.14/Engine/Plugins/Runtime/GoogleVR/GoogleVRController/GoogleVRController.uplugin
LogPluginManager: Loaded Plugin GoogleVRHMD, From C:/Gamedev/Unreal Engine/4.14/Engine/Plugins/Runtime/GoogleVR/GoogleVRHMD/GoogleVRHMD.uplugin
LogPluginManager: Loaded Plugin IOSDeviceProfileSelector, From C:/Gamedev/Unreal Engine/4.14/Engine/Plugins/Runtime/IOSDeviceProfileSelector/IOSDeviceProfileSelector.uplugin
LogPluginManager: Loaded Plugin LeapMotion, From C:/Gamedev/Unreal Engine/4.14/Engine/Plugins/Runtime/LeapMotion/LeapMotion.uplugin
LogPluginManager: Loaded Plugin LinuxDeviceProfileSelector, From C:/Gamedev/Unreal Engine/4.14/Engine/Plugins/Runtime/LinuxDeviceProfileSelector/LinuxDeviceProfileSelector.uplugin
LogPluginManager: Loaded Plugin MIDIDevice, From C:/Gamedev/Unreal Engine/4.14/Engine/Plugins/Runtime/MIDIDevice/MIDIDevice.uplugin
LogPluginManager: Loaded Plugin MobilePatchingUtils, From C:/Gamedev/Unreal Engine/4.14/Engine/Plugins/Runtime/MobilePatchingUtils/MobilePatchingUtils.uplugin
LogPluginManager: Loaded Plugin Ansel, From C:/Gamedev/Unreal Engine/4.14/Engine/Plugins/Runtime/Nvidia/Ansel/Ansel.uplugin
LogPluginManager: Loaded Plugin OculusAudio, From C:/Gamedev/Unreal Engine/4.14/Engine/Plugins/Runtime/OculusAudio/OculusAudio.uplugin
LogPluginManager: Loaded Plugin OculusInput, From C:/Gamedev/Unreal Engine/4.14/Engine/Plugins/Runtime/OculusInput/OculusInput.uplugin
LogPluginManager: Loaded Plugin OculusLibrary, From C:/Gamedev/Unreal Engine/4.14/Engine/Plugins/Runtime/OculusLibrary/OculusLibrary.uplugin
LogPluginManager: Loaded Plugin OculusRift, From C:/Gamedev/Unreal Engine/4.14/Engine/Plugins/Runtime/OculusRift/OculusRift.uplugin
LogPluginManager: Loaded Plugin Oodle, From C:/Gamedev/Unreal Engine/4.14/Engine/Plugins/Runtime/PacketHandlers/CompressionComponents/Oodle/Oodle.uplugin
LogPluginManager: Loaded Plugin ProceduralMeshComponent, From C:/Gamedev/Unreal Engine/4.14/Engine/Plugins/Runtime/ProceduralMeshComponent/ProceduralMeshComponent.uplugin
LogPluginManager: Loaded Plugin SoundMod, From C:/Gamedev/Unreal Engine/4.14/Engine/Plugins/Runtime/SoundMod/SoundMod.uplugin
LogPluginManager: Loaded Plugin SoundVisualizations, From C:/Gamedev/Unreal Engine/4.14/Engine/Plugins/Runtime/SoundVisualizations/SoundVisualizations.uplugin
LogPluginManager: Loaded Plugin SteamController, From C:/Gamedev/Unreal Engine/4.14/Engine/Plugins/Runtime/Steam/SteamController/SteamController.uplugin
LogPluginManager: Loaded Plugin SteamVR, From C:/Gamedev/Unreal Engine/4.14/Engine/Plugins/Runtime/Steam/SteamVR/SteamVR.uplugin
LogPluginManager: Loaded Plugin WebBrowserWidget, From C:/Gamedev/Unreal Engine/4.14/Engine/Plugins/Runtime/WebBrowserWidget/WebBrowserWidget.uplugin
LogPluginManager: Loaded Plugin WindowsDeviceProfileSelector, From C:/Gamedev/Unreal Engine/4.14/Engine/Plugins/Runtime/WindowsDeviceProfileSelector/WindowsDeviceProfileSelector.uplugin
LogPluginManager: Loaded Plugin WindowsMoviePlayer, From C:/Gamedev/Unreal Engine/4.14/Engine/Plugins/Runtime/WindowsMoviePlayer/WindowsMoviePlayer.uplugin
LogPluginManager: Loaded Plugin ScriptPlugin, From C:/Gamedev/Unreal Engine/4.14/Engine/Plugins/ScriptPlugin/ScriptPlugin.uplugin
LogPluginManager: Loaded Plugin SlateRemote, From C:/Gamedev/Unreal Engine/4.14/Engine/Plugins/Slate/SlateRemote/SlateRemote.uplugin
LogPluginManager: Loaded Plugin EditorTests, From C:/Gamedev/Unreal Engine/4.14/Engine/Plugins/Tests/EditorTests/EditorTests.uplugin
LogPluginManager: Loaded Plugin FbxAutomationTestBuilder, From C:/Gamedev/Unreal Engine/4.14/Engine/Plugins/Tests/FbxAutomationTestBuilder/FbxAutomationTestBuilder.uplugin
LogPluginManager: Loaded Plugin FunctionalTestingEditor, From C:/Gamedev/Unreal Engine/4.14/Engine/Plugins/Tests/FunctionalTestingEditor/FunctionalTestingEditor.uplugin
LogPluginManager: Loaded Plugin RuntimeTests, From C:/Gamedev/Unreal Engine/4.14/Engine/Plugins/Tests/RuntimeTests/RuntimeTests.uplugin
LogPluginManager: Loaded Plugin ScreenshotTools, From C:/Gamedev/Unreal Engine/4.14/Engine/Plugins/Tests/ScreenshotTools/ScreenshotTools.uplugin
LogInit: Using libcurl 7.47.1
LogInit:  - built for x86_64-pc-win32
LogInit:  - supports SSL with OpenSSL/1.0.2g
LogInit:  - supports HTTP deflate (compression) using libz 1.2.8
LogInit:  - other features:
LogInit:      CURL_VERSION_SSL
LogInit:      CURL_VERSION_LIBZ
LogInit:      CURL_VERSION_IPV6
LogInit:      CURL_VERSION_ASYNCHDNS
LogInit:      CURL_VERSION_LARGEFILE
LogInit:      CURL_VERSION_IDN
LogInit:  CurlRequestOptions (configurable via config and command line):
LogInit:  - bVerifyPeer = false  - Libcurl will NOT verify peer certificate
LogInit:  - bUseHttpProxy = false  - Libcurl will NOT use HTTP proxy
LogInit:  - bDontReuseConnections = false  - Libcurl will reuse connections
LogInit:  - CertBundlePath = nullptr  - Libcurl will use whatever was configured at build time.
OCULUS: Info: [CAPI] LibOVR module is located at C:\Program Files\Oculus\Support\oculus-runtime\LibOVRRT64_1.dll
OCULUS: Debug: Connected to the server running version (prod = 1).1.19.0(build = 456193) feature version = 0. Client runs version (prod = 1).1.19.0(build = 456193) feature version = 0
OCULUS: Debug: [HMDState] Using default profile default
OCULUS: Info: IAD changed to 63.9mm
OCULUS: Debug: Creating factory
LogInit: Build: ++UE4+Release-4.14-CL-3249277
LogInit: Engine Version: 4.14.3-3249277+++UE4+Release-4.14
LogInit: Compatible Engine Version: 4.14.0-3195953+++UE4+Release-4.14
LogInit: Net CL: 3195953
LogDevObjectVersion: Number of dev versions registered: 13
LogDevObjectVersion:   Dev-Blueprints (B0D832E4-1F89-4F0D-ACCF-7EB736FD4AA2): 7
LogDevObjectVersion:   Dev-Build (E1C64328-A22C-4D53-A36C-8E866417BD8C): 0
LogDevObjectVersion:   Dev-Core (375EC13C-06E4-48FB-B500-84F0262A717E): 1
LogDevObjectVersion:   Dev-Editor (E4B068ED-F494-42E9-A231-DA0B2E46BB41): 8
LogDevObjectVersion:   Dev-Framework (CFFC743F-43B0-4480-9391-14DF171D2073): 17
LogDevObjectVersion:   Dev-Mobile (B02B49B5-BB20-44E9-A304-32B752E40360): 0
LogDevObjectVersion:   Dev-Networking (A4E4105C-59A1-49B5-A7C5-40C4547EDFEE): 0
LogDevObjectVersion:   Dev-Online (39C831C9-5AE6-47DC-9A44-9C173E1C8E7C): 0
LogDevObjectVersion:   Dev-Physics (78F01B33-EBEA-4F98-B9B4-84EACCB95AA2): 0
LogDevObjectVersion:   Dev-Platform (6631380F-2D4D-43E0-8009-CF276956A95A): 0
LogDevObjectVersion:   Dev-Rendering (12F88B9F-8875-4AFC-A67C-D90C383ABD29): 12
LogDevObjectVersion:   Dev-Sequencer (7B5AE74C-D270-4C10-A958-57980B212A5A): 1
LogDevObjectVersion:   Dev-VR (D7296918-1DD6-4BDD-9DE2-64A83CC13884): 0
LogInit: Compiled (64-bit): Jan  6 2017 10:49:43
LogInit: Compiled with Visual C++: 19.00.23026.00
LogInit: Build Configuration: Development
LogInit: Branch Name: ++UE4+Release-4.14
LogInit: Command line:  
LogInit: Base directory: C:/Gamedev/Unreal Engine/4.14/Engine/Binaries/Win64/
LogInit: Installed Engine Build: 1
LogInit: Presizing for max 8388607 objects, including 0 objects not considered by GC, pre-allocating 0 bytes for permanent pool.
LogInit: Object subsystem initialized
[2017.10.06-17.28.43:248][  0]LogInit: Selected Device Profile: [Windows]
[2017.10.06-17.28.43:248][  0]LogInit: Applying CVar settings loaded from the selected device profile: [Windows]
[2017.10.06-17.28.43:255][  0]LogInit: Computer: ACRIAX-WINDOWS
[2017.10.06-17.28.43:255][  0]LogInit: User: Acriax
[2017.10.06-17.28.43:255][  0]LogInit: CPU Page size=65536, Cores=4
[2017.10.06-17.28.43:255][  0]LogInit: High frequency timer resolution =3.914069 MHz
[2017.10.06-17.28.43:255][  0]LogMemory: Memory total: Physical=15.9GB (16GB approx)
[2017.10.06-17.28.43:255][  0]LogMemory: Platform Memory Stats for Windows
[2017.10.06-17.28.43:255][  0]LogMemory: Process Physical Memory: 269.60 MB used, 269.60 MB peak
[2017.10.06-17.28.43:255][  0]LogMemory: Process Virtual Memory: 266.21 MB used, 266.21 MB peak
[2017.10.06-17.28.43:255][  0]LogMemory: Physical Memory: 8936.48 MB used,  7359.94 MB free, 16296.43 MB total
[2017.10.06-17.28.43:255][  0]LogMemory: Virtual Memory: 715.47 MB used,  7359.94 MB free, 134217728.00 MB total
[2017.10.06-17.28.43:277][  0]LogTextLocalizationManager: No translations for ('sv-SE') exist, falling back to 'en' for localization and internationalization data.
[2017.10.06-17.28.43:732][  0]LogD3D11RHI: D3D11 adapters:
[2017.10.06-17.28.43:761][  0]LogD3D11RHI:    0. 'NVIDIA GeForce GTX 1080 Ti' (Feature Level 11_0)
[2017.10.06-17.28.43:761][  0]LogD3D11RHI:       11117/0/8148 MB DedicatedVideo/DedicatedSystem/SharedSystem, Outputs:1, VendorId:0x10de
[2017.10.06-17.28.43:767][  0]LogD3D11RHI:    1. 'Intel(R) HD Graphics 530' (Feature Level 11_0)
[2017.10.06-17.28.43:767][  0]LogD3D11RHI:       128/0/8148 MB DedicatedVideo/DedicatedSystem/SharedSystem, Outputs:0, VendorId:0x8086
[2017.10.06-17.28.43:767][  0]LogD3D11RHI:    2. 'Microsoft Basic Render Driver' (Feature Level 11_0)
[2017.10.06-17.28.43:767][  0]LogD3D11RHI:       0/0/8148 MB DedicatedVideo/DedicatedSystem/SharedSystem, Outputs:0, VendorId:0x1414
[2017.10.06-17.28.43:768][  0]LogD3D11RHI:    3. 'Microsoft Basic Render Driver' (Feature Level 11_0)
[2017.10.06-17.28.43:768][  0]LogD3D11RHI:       0/0/8148 MB DedicatedVideo/DedicatedSystem/SharedSystem, Outputs:0, VendorId:0x1414
[2017.10.06-17.28.43:768][  0]LogD3D11RHI: Chosen D3D11 Adapter: 0
[2017.10.06-17.28.43:774][  0]LogD3D11RHI: Creating new Direct3DDevice
[2017.10.06-17.28.43:774][  0]LogD3D11RHI:     GPU DeviceId: 0x1b06 (for the marketing name, search the web for "GPU Device Id")
[2017.10.06-17.28.43:774][  0]LogWindows: EnumDisplayDevices:
[2017.10.06-17.28.43:774][  0]LogWindows:    0. 'NVIDIA GeForce GTX 1080 Ti' (P:1 D:1)
[2017.10.06-17.28.43:774][  0]LogWindows:    1. 'NVIDIA GeForce GTX 1080 Ti' (P:0 D:0)
[2017.10.06-17.28.43:774][  0]LogWindows:    2. 'NVIDIA GeForce GTX 1080 Ti' (P:0 D:0)
[2017.10.06-17.28.43:774][  0]LogWindows:    3. 'NVIDIA GeForce GTX 1080 Ti' (P:0 D:0)
[2017.10.06-17.28.43:774][  0]LogWindows:    4. 'Intel(R) HD Graphics 530' (P:0 D:0)
[2017.10.06-17.28.43:775][  0]LogWindows:    5. 'Intel(R) HD Graphics 530' (P:0 D:0)
[2017.10.06-17.28.43:775][  0]LogWindows:    6. 'Intel(R) HD Graphics 530' (P:0 D:0)
[2017.10.06-17.28.43:775][  0]LogWindows:    7. 'iDisplay (Microsoft Corporation - WDDM v1.1)' (P:0 D:0)
[2017.10.06-17.28.43:775][  0]LogWindows: DebugString: PrimaryIsNotTheChoosenAdapter PrimaryIsNotTheChoosenAdapter PrimaryIsNotTheChoosenAdapter GetVideoDriverDetailsInvalid PrimaryIsNotTheChoosenAdapter FoundDriverCount:4 
[2017.10.06-17.28.43:775][  0]LogD3D11RHI:     Adapter Name: NVIDIA GeForce GTX 1080 Ti
[2017.10.06-17.28.43:775][  0]LogD3D11RHI:   Driver Version: 385.69 (internal:22.21.13.8569, unified:385.69)
[2017.10.06-17.28.43:775][  0]LogD3D11RHI:      Driver Date: 9-16-2017
[2017.10.06-17.28.43:775][  0]LogRHI: Texture pool is 1361 MB (70% of 1945 MB)
[2017.10.06-17.28.43:793][  0]LogD3D11RHI: Async texture creation enabled
[2017.10.06-17.28.43:802][  0]LogD3D11RHI: GPU Timing Frequency: 1000.000000 (Debug: 2 1)
[2017.10.06-17.28.43:802][  0]LogShaderCompilers: Guid format shader working directory is -19 characters bigger than the processId version (F:/UnrealProjects/4.14/Finished/AuroraBorealis_414/AuroraBorealis/Intermediate/Shaders/WorkingDirectory/13560/).
[2017.10.06-17.28.43:802][  0]LogShaderCompilers: Cleaned the shader compiler working directory 'C:/Users/Acriax/AppData/Local/Temp/UnrealShaderWorkingDir/8A1C05B6436DD8EA2C2D28B3D2FFA665/'.
[2017.10.06-17.28.43:802][  0]LogShaderCompilers:Display: Using Local Shader Compiler.
[2017.10.06-17.28.44:550][  0]LogTemp:Display: Loaded TP AllDesktopTargetPlatform
[2017.10.06-17.28.44:589][  0]LogTemp:Display: Loaded TP MacClientTargetPlatform
[2017.10.06-17.28.44:627][  0]LogTemp:Display: Loaded TP MacNoEditorTargetPlatform
[2017.10.06-17.28.44:665][  0]LogTemp:Display: Loaded TP MacServerTargetPlatform
[2017.10.06-17.28.44:703][  0]LogTemp:Display: Loaded TP MacTargetPlatform
[2017.10.06-17.28.44:740][  0]LogTemp:Display: Loaded TP WindowsClientTargetPlatform
[2017.10.06-17.28.44:779][  0]LogTemp:Display: Loaded TP WindowsNoEditorTargetPlatform
[2017.10.06-17.28.44:817][  0]LogTemp:Display: Loaded TP WindowsServerTargetPlatform
[2017.10.06-17.28.44:850][  0]LogTemp:Display: Loaded TP WindowsTargetPlatform
[2017.10.06-17.28.44:886][  0]LogTemp:Display: Loaded TP AndroidTargetPlatform
[2017.10.06-17.28.44:924][  0]LogTemp:Display: Loaded TP Android_ASTCTargetPlatform
[2017.10.06-17.28.44:962][  0]LogTemp:Display: Loaded TP Android_ATCTargetPlatform
[2017.10.06-17.28.44:999][  0]LogTemp:Display: Loaded TP Android_DXTTargetPlatform
[2017.10.06-17.28.45:037][  0]LogTemp:Display: Loaded TP Android_ETC1TargetPlatform
[2017.10.06-17.28.45:075][  0]LogTemp:Display: Loaded TP Android_ETC2TargetPlatform
[2017.10.06-17.28.45:150][  0]LogTemp:Display: Loaded TP Android_MultiTargetPlatform
[2017.10.06-17.28.45:150][  0]LogTemp:Display: Loaded TP Android_PVRTCTargetPlatform
[2017.10.06-17.28.45:177][  0]LogTemp:Display: Loaded TP HTML5TargetPlatform
[2017.10.06-17.28.45:240][  0]LogTemp:Display: Loaded TP IOSTargetPlatform
[2017.10.06-17.28.45:264][  0]LogTemp:Display: Loaded TP TVOSTargetPlatform
[2017.10.06-17.28.45:300][  0]LogTemp:Display: Loaded TP LinuxClientTargetPlatform
[2017.10.06-17.28.45:338][  0]LogTemp:Display: Loaded TP LinuxNoEditorTargetPlatform
[2017.10.06-17.28.45:374][  0]LogTemp:Display: Loaded TP LinuxServerTargetPlatform
[2017.10.06-17.28.45:412][  0]LogTemp:Display: Loaded TP LinuxTargetPlatform
[2017.10.06-17.28.45:412][  0]LogTargetPlatformManager:Display: Building Assets For Windows
[2017.10.06-17.28.45:687][  0]LogDerivedDataCache:Display: Max Cache Size: 512 MB
[2017.10.06-17.28.45:726][  0]LogDerivedDataCache: Loaded boot cache 0.04s 50MB C:/Users/Acriax/AppData/Local/UnrealEngine/4.14/DerivedDataCache/Boot.ddc.
[2017.10.06-17.28.45:726][  0]LogDerivedDataCache:Display: Loaded Boot cache: C:/Users/Acriax/AppData/Local/UnrealEngine/4.14/DerivedDataCache/Boot.ddc
[2017.10.06-17.28.45:726][  0]LogDerivedDataCache: FDerivedDataBackendGraph:  Pak pak cache file F:/UnrealProjects/4.14/Finished/AuroraBorealis_414/AuroraBorealis/DerivedDataCache/DDC.ddp not found, will not use a pak cache.
[2017.10.06-17.28.45:726][  0]LogDerivedDataCache: Unable to find inner node Pak for hierarchical cache Hierarchy.
[2017.10.06-17.28.45:726][  0]LogDerivedDataCache: FDerivedDataBackendGraph:  CompressedPak pak cache file F:/UnrealProjects/4.14/Finished/AuroraBorealis_414/AuroraBorealis/DerivedDataCache/Compressed.ddp not found, will not use a pak cache.
[2017.10.06-17.28.45:726][  0]LogDerivedDataCache: Unable to find inner node CompressedPak for hierarchical cache Hierarchy.
[2017.10.06-17.28.45:738][  0]LogDerivedDataCache:Display: Pak cache opened for reading ../../../Engine/DerivedDataCache/Compressed.ddp.
[2017.10.06-17.28.45:749][  0]LogDerivedDataCache: Using Local data cache path C:/Users/Acriax/AppData/Local/UnrealEngine/Common/DerivedDataCache: Writable
[2017.10.06-17.28.45:886][  0]LogInit: Selected Device Profile: [Windows]
[2017.10.06-17.28.45:887][  0]LogContentStreaming: Texture pool size is 0.00 MB
[2017.10.06-17.28.46:029][  0]LogMeshUtilities: Using QuadricMeshReduction for automatic static mesh reduction
[2017.10.06-17.28.46:058][  0]LogSimplygon: Simplygon DLL not present - disabling.
[2017.10.06-17.28.46:090][  0]LogMeshUtilities: Using SimplygonSwarm for distributed automatic mesh merging
[2017.10.06-17.28.46:090][  0]LogMeshUtilities: No automatic skeletal mesh reduction module available
[2017.10.06-17.28.46:090][  0]LogMeshUtilities: No automatic mesh merging module available
[2017.10.06-17.28.46:422][  0]LogNetVersion: GetLocalNetworkVersion: CL: 3195953, ProjectName: auroraborealis, ProjectVersion: , EngineNetworkVersion: 2, GameNetworkVersion: 0, NetworkChecksum: 331854691
[2017.10.06-17.28.46:466][  0]LogAssetRegistry: FAssetRegistry took 0.0212 seconds to start up
[2017.10.06-17.28.46:489][  0]LogPackageLocalizationCache: Processed 3 localized package path(s) for 1 prioritized culture(s) in 0.007203 seconds
[2017.10.06-17.28.46:494][  0]LogUObjectArray: 31946 objects as part of root set at end of initial load.
[2017.10.06-17.28.46:494][  0]LogUObjectAllocator: 6935840 out of 0 bytes used by permanent object pool.
[2017.10.06-17.28.46:494][  0]LogUObjectArray: CloseDisregardForGC: 0/0 objects in disregard for GC pool
[2017.10.06-17.28.46:541][  0]LogInit: WinSock: version 1.1 (2.2), MaxSocks=32767, MaxUdp=65467
[2017.10.06-17.28.47:098][  0]LogSlate: Using Freetype 2.6.0
[2017.10.06-17.28.47:098][  0]LogSlate: SlateFontCache - WITH_FREETYPE: 1, WITH_HARFBUZZ: 1
[2017.10.06-17.28.47:098][  0]LogSlate: SlateFontCache - WITH_FREETYPE: 1, WITH_HARFBUZZ: 1
[2017.10.06-17.28.47:692][  0]LogSubstanceCoreModule: Substance CPU Engine Loaded, Max Texture Size 2048
[2017.10.06-17.28.47:743][  0]LogTcpMessaging: Initializing TcpMessaging bridge
[2017.10.06-17.28.47:786][  0]LogUdpMessaging: Initializing bridge on interface 0.0.0.0:0 to multicast group 230.0.0.1:6666.
[2017.10.06-17.28.48:007][  0]LogMaterial: Uniform references updated for custom material expression Custom.
[2017.10.06-17.28.48:274][  0]SourceControl: Info Source control is disabled
[2017.10.06-17.28.48:299][  0]SourceControl: Info Source control is disabled
[2017.10.06-17.28.48:330][  0]SourceControl: Info Source control is disabled
[2017.10.06-17.28.48:361][  0]SourceControl: Info Source control is disabled
[2017.10.06-17.28.49:352][  0]LogEngine: Initializing Engine...
[2017.10.06-17.28.49:352][  0]LogHMD: Oculus plugin initialized. Version: 4.14.3-3249277+++UE4+Release-4.14, LibOVR: 1.19.0, SDK: 1.8.0, built Jan  6 2017, 10:50:26
[2017.10.06-17.28.49:437][  0]OCULUS: Debug: [HMDState] Using default profile default
[2017.10.06-17.28.49:437][  0]OCULUS: Info: IAD changed to 63.9mm
[2017.10.06-17.28.49:528][  0]LogAIModule: Creating AISystem for world Untitled
[2017.10.06-17.28.49:550][  0]LogInit: XAudio2 using 'Speakers (Sound Blaster Z)' : 6 channels at 48 kHz using 32 bits per sample (channel mask 0x3f)
[2017.10.06-17.28.49:560][  0]LogInit: FAudioDevice initialized.
[2017.10.06-17.28.49:582][  0]LogDerivedDataCache: Saved boot cache 0.02s 50MB C:/Users/Acriax/AppData/Local/UnrealEngine/4.14/DerivedDataCache/Boot.ddc.
[2017.10.06-17.28.49:590][  0]LogInit: Texture streaming: Enabled
[2017.10.06-17.28.49:703][  0]LogInit: Transaction tracking system initialized
[2017.10.06-17.28.49:949][  0]BlueprintLog: New page: Editor Load
[2017.10.06-17.28.50:579][  0]LocalizationService: Info Localization service is disabled
[2017.10.06-17.28.51:050][  0]LogConsoleResponse:Display: 
[2017.10.06-17.28.51:147][  0]LogCook:Display: Max memory allowance for cook 16384mb min free memory 0mb
[2017.10.06-17.28.51:147][  0]LogCook:Display: Mobile HDR setting 1
[2017.10.06-17.28.51:490][  0]LogFileCache: Scanning file cache for directory 'F:/UnrealProjects/4.14/Finished/AuroraBorealis_414/AuroraBorealis/Content/' took 0.01s
[2017.10.06-17.28.51:793][  0]SourceControl: Info Source control is disabled
[2017.10.06-17.28.51:793][  0]Cmd: MAP LOAD FILE="F:/UnrealProjects/4.14/Finished/AuroraBorealis_414/AuroraBorealis/Content/AuroraBorealis/Levels/Overview.umap" TEMPLATE=0 SHOWPROGRESS=1 FEATURELEVEL=3
[2017.10.06-17.28.51:794][  0]LightingResults: New page: Lighting Build
[2017.10.06-17.28.51:823][  0]MapCheck: New page: Map Check
[2017.10.06-17.28.51:823][  0]LightingResults: New page: Lighting Build
[2017.10.06-17.28.52:038][  0]LogAIModule: Creating AISystem for world Overview
[2017.10.06-17.28.52:045][  0]LogEditorServer: Finished looking for orphan Actors (0.000 secs)
[2017.10.06-17.28.52:045][  0]Cmd: MAP CHECKDEP NOCLEARLOG
[2017.10.06-17.28.52:074][  0]MapCheck: Info Map check complete: 0 Error(s), 0 Warning(s), took 28.656ms to complete.
[2017.10.06-17.28.52:074][  0]LogFileHelpers: Loading map 'Overview' took 0.281
[2017.10.06-17.28.52:120][  0]LogWindowsTextInputMethodSystem:Display: IME system now deactivated.
[2017.10.06-17.28.52:121][  0]LogWindowsTextInputMethodSystem:Display: IME system now deactivated.
[2017.10.06-17.28.52:145][  0]LogCollectionManager: Loaded 0 collections in 0.000973 seconds
[2017.10.06-17.28.52:208][  0]LogFileCache: Scanning file cache for directory 'F:/UnrealProjects/4.14/Finished/AuroraBorealis_414/AuroraBorealis/Saved/Collections/' took 0.01s
[2017.10.06-17.28.52:208][  0]LogFileCache: Scanning file cache for directory 'F:/UnrealProjects/4.14/Finished/AuroraBorealis_414/AuroraBorealis/Content/Developers/Acriax/Collections/' took 0.01s
[2017.10.06-17.28.52:208][  0]LogFileCache: Scanning file cache for directory 'F:/UnrealProjects/4.14/Finished/AuroraBorealis_414/AuroraBorealis/Content/Collections/' took 0.01s
[2017.10.06-17.28.52:208][  0]LogCollectionManager: Rebuilt the GUID cache for 0 collections in 0.000001 seconds
[2017.10.06-17.28.52:214][  0]LogContentBrowser: Native class hierarchy populated in 0.0061 seconds. Added 2210 classes and 439 folders.
[2017.10.06-17.28.52:242][  0]LogStats: UGameplayTagsManager::ConstructGameplayTagTree: Construct from data asset -  0.000 s
[2017.10.06-17.28.52:242][  0]LogStats: UGameplayTagsManager::ConstructGameplayTagTree: GameplayTagTreeChangedEvent.Broadcast -  0.000 s
[2017.10.06-17.28.52:242][  0]LogContentBrowser: Native class hierarchy updated for 'GameplayTags' in 0.0004 seconds. Added 13 classes and 0 folders.
[2017.10.06-17.28.52:285][  0]LogContentBrowser: Native class hierarchy updated for 'WidgetCarousel' in 0.0003 seconds. Added 0 classes and 0 folders.
[2017.10.06-17.28.52:309][  0]LogContentBrowser: Native class hierarchy updated for 'AddContentDialog' in 0.0004 seconds. Added 0 classes and 0 folders.
[2017.10.06-17.28.52:310][  0]ModoMaterialImporter: Starting Extension logic
[2017.10.06-17.28.52:367][  0]LogContentBrowser: Native class hierarchy updated for 'SceneOutliner' in 0.0004 seconds. Added 1 classes and 2 folders.
[2017.10.06-17.28.52:424][  0]LogCrashTracker: Crashtracker disabled due to settings.
[2017.10.06-17.28.52:429][  0]LogUObjectGlobals:Warning: Failed to find object 'Class None.'
[2017.10.06-17.28.52:481][  0]LogContentBrowser: Native class hierarchy updated for 'HierarchicalLODOutliner' in 0.0003 seconds. Added 1 classes and 2 folders.
[2017.10.06-17.28.52:481][  0]LogLoad: (Engine Initialization) Total time: 10.28 seconds
[2017.10.06-17.28.52:481][  0]LogLoad: (Engine Initialization) Total Blueprint compile time: 0.07 seconds
[2017.10.06-17.28.52:481][  0]LogExternalProfiler: Found external profiler: VSPerf
[2017.10.06-17.28.52:481][  0]LogExternalProfiler: Using external profiler: VSPerf
[2017.10.06-17.28.52:494][  0]LogOcInput: OculusInput pre-init called
[2017.10.06-17.28.52:505][  0]LogOcInput: OculusInput is initialized. Init status 0. Runtime version: 1.19.0
[2017.10.06-17.28.52:521][  0]LogAssetRegistry: Asset discovery search completed in 6.0759 seconds
[2017.10.06-17.28.52:521][  0]LogCollectionManager: Rebuilt the object cache for 0 collections in 0.000001 seconds (found 0 objects)
[2017.10.06-17.28.52:521][  0]LogCollectionManager: Fixed up redirectors for 0 collections in 0.000014 seconds (updated 0 objects)
[2017.10.06-17.28.52:523][  0]LogContentStreaming: Texture pool size now 1000 MB
[2017.10.06-17.28.52:644][  0]LogRenderer: Reallocating scene render targets to support 1780x1080 NumSamples 1 (Frame:2).
[2017.10.06-17.29.01:235][999]LogTemp: Repeting last play command: Selected Viewport
[2017.10.06-17.29.01:240][999]LogPlayLevel: PlayLevel: No blueprints needed recompiling
[2017.10.06-17.29.01:240][999]OCULUS: Debug: [HMDState] Using default profile default
[2017.10.06-17.29.01:241][999]OCULUS: Info: IAD changed to 63.9mm
[2017.10.06-17.29.01:241][999]LogHMD: New ovr session is created
[2017.10.06-17.29.01:241][999]LogHMD: HMD Oculus Rift CV1, res = 2160 x 1200
[2017.10.06-17.29.01:241][999]PIE: New page: PIE session: Overview (Oct 6, 2017, 9:29:01 PM)
[2017.10.06-17.29.01:241][999]LogPlayLevel: Creating play world package: /Game/AuroraBorealis/Levels/UEDPIE_0_Overview
[2017.10.06-17.29.01:244][999]LogPlayLevel: PIE: StaticDuplicateObject took: (0.002766s)
[2017.10.06-17.29.01:244][999]LogAIModule: Creating AISystem for world Overview
[2017.10.06-17.29.01:245][999]LogPlayLevel: PIE: World Init took: (0.000435s)
[2017.10.06-17.29.01:245][999]LogPlayLevel: PIE: Created PIE world by copying editor world from /Game/AuroraBorealis/Levels/Overview.Overview to /Game/AuroraBorealis/Levels/UEDPIE_0_Overview.Overview (0.003513s)
[2017.10.06-17.29.01:271][999]LogInit: XAudio2 using 'Speakers (Sound Blaster Z)' : 6 channels at 48 kHz using 32 bits per sample (channel mask 0x3f)
[2017.10.06-17.29.01:277][999]LogInit: FAudioDevice initialized.
[2017.10.06-17.29.01:317][999]LogLoad: Game class is 'GameModeBase'
[2017.10.06-17.29.01:318][999]LogWorld: Bringing World /Game/AuroraBorealis/Levels/UEDPIE_0_Overview.Overview up for play (max tick rate 0) at 2017.10.06-19.29.01
[2017.10.06-17.29.01:318][999]LogWorld: Bringing up level for play took: 0.000630
[2017.10.06-17.29.01:346][999]LogContentBrowser: Native class hierarchy updated for 'MovieSceneCapture' in 0.0004 seconds. Added 11 classes and 0 folders.
[2017.10.06-17.29.01:347][999]PIE: Info Play in editor start time for /Game/AuroraBorealis/Levels/UEDPIE_0_Overview 0.146
[2017.10.06-17.29.02:055][ 81]LogHMD: Destroying ovr session
[2017.10.06-17.29.50:405][260]LogSavePackage: Save=19.71ms
[2017.10.06-17.29.50:405][260]LogSavePackage: Moving 'F:/UnrealProjects/4.14/Finished/AuroraBorealis_414/AuroraBorealis/Saved/Overview00A7567841B9F88AD107F28FADEF0740.tmp' to 'F:/UnrealProjects/4.14/Finished/AuroraBorealis_414/AuroraBorealis/Content/AuroraBorealis/Levels/Overview.umap'
[2017.10.06-17.29.50:406][260]LogSavePackage:Display: Finished SavePackage F:/UnrealProjects/4.14/Finished/AuroraBorealis_414/AuroraBorealis/Content/AuroraBorealis/Levels/Overview.umap
[2017.10.06-17.29.51:383][260]LogSavePackage: Save=950.52ms
[2017.10.06-17.29.51:383][260]LogSavePackage: Moving 'F:/UnrealProjects/4.14/Finished/AuroraBorealis_414/AuroraBorealis/Saved/Overview_BuiltData68AB8CF848CC86CA621F01A4BD40EC74.tmp' to 'F:/UnrealProjects/4.14/Finished/AuroraBorealis_414/AuroraBorealis/Content/AuroraBorealis/Levels/Overview_BuiltData.uasset'
[2017.10.06-17.29.51:385][260]LogSavePackage:Display: Finished SavePackage F:/UnrealProjects/4.14/Finished/AuroraBorealis_414/AuroraBorealis/Content/AuroraBorealis/Levels/Overview_BuiltData.uasset
[2017.10.06-17.29.51:952][328]LogTemp: Repeting last play command: Selected Viewport
[2017.10.06-17.29.51:975][328]LogPlayLevel: PlayLevel: No blueprints needed recompiling
[2017.10.06-17.29.51:975][328]OCULUS: Debug: [HMDState] Using default profile default
[2017.10.06-17.29.51:975][328]OCULUS: Info: IAD changed to 63.9mm
[2017.10.06-17.29.51:975][328]LogHMD: New ovr session is created
[2017.10.06-17.29.51:976][328]LogHMD: HMD Oculus Rift CV1, res = 2160 x 1200
[2017.10.06-17.29.51:976][328]PIE: New page: PIE session: Overview (Oct 6, 2017, 9:29:51 PM)
[2017.10.06-17.29.51:976][328]LogPlayLevel: Creating play world package: /Game/AuroraBorealis/Levels/UEDPIE_0_Overview
[2017.10.06-17.29.51:979][328]LogPlayLevel: PIE: StaticDuplicateObject took: (0.002734s)
[2017.10.06-17.29.51:979][328]LogAIModule: Creating AISystem for world Overview
[2017.10.06-17.29.51:979][328]LogPlayLevel: PIE: World Init took: (0.000434s)
[2017.10.06-17.29.51:979][328]LogPlayLevel: PIE: Created PIE world by copying editor world from /Game/AuroraBorealis/Levels/Overview.Overview to /Game/AuroraBorealis/Levels/UEDPIE_0_Overview.Overview (0.003453s)
[2017.10.06-17.29.52:003][328]LogInit: XAudio2 using 'Speakers (Sound Blaster Z)' : 6 channels at 48 kHz using 32 bits per sample (channel mask 0x3f)
[2017.10.06-17.29.52:009][328]LogInit: FAudioDevice initialized.
[2017.10.06-17.29.52:038][328]LogLoad: Game class is 'GameModeBase'
[2017.10.06-17.29.52:039][328]LogWorld: Bringing World /Game/AuroraBorealis/Levels/UEDPIE_0_Overview.Overview up for play (max tick rate 0) at 2017.10.06-19.29.52
[2017.10.06-17.29.52:039][328]LogWorld: Bringing up level for play took: 0.000641
[2017.10.06-17.29.52:040][328]PIE: Info Play in editor start time for /Game/AuroraBorealis/Levels/UEDPIE_0_Overview 0.839
[2017.10.06-17.29.53:100][453]LogHMD: Destroying ovr session
[2017.10.06-17.29.57:982][ 22]MapCheck: New page: Map Check
[2017.10.06-17.29.57:991][ 22]Cmd: MAP REBUILD ALLVISIBLE
[2017.10.06-17.29.57:991][ 22]LogEditorServer: Rebuildmap Clear paths rebuilt
[2017.10.06-17.29.58:034][ 22]LightingResults: New page: Lighting Build - Oct 6, 2017, 9:29:58 PM
[2017.10.06-17.29.58:034][ 22]LogStaticLightingSystem:Warning: WorldSettings.bForceNoPrecomputedLighting is true, Skipping Lighting Build!
[2017.10.06-17.29.58:091][ 22]LogEditorBuildUtils: Build time 0:00
[2017.10.06-17.30.01:999][480]LogSavePackage: Save=18.06ms
[2017.10.06-17.30.01:999][480]LogSavePackage: Moving 'F:/UnrealProjects/4.14/Finished/AuroraBorealis_414/AuroraBorealis/Saved/Overview356B43F44A00744946C0DD9CD91FB20A.tmp' to 'F:/UnrealProjects/4.14/Finished/AuroraBorealis_414/AuroraBorealis/Content/AuroraBorealis/Levels/Overview.umap'
[2017.10.06-17.30.02:000][480]LogSavePackage:Display: Finished SavePackage F:/UnrealProjects/4.14/Finished/AuroraBorealis_414/AuroraBorealis/Content/AuroraBorealis/Levels/Overview.umap
[2017.10.06-17.30.02:017][480]LogSavePackage: Save=3.08ms
[2017.10.06-17.30.02:017][480]LogSavePackage: Moving 'F:/UnrealProjects/4.14/Finished/AuroraBorealis_414/AuroraBorealis/Saved/Overview_BuiltData6F5CCEFC492A7EBAE426519F4B670654.tmp' to 'F:/UnrealProjects/4.14/Finished/AuroraBorealis_414/AuroraBorealis/Content/AuroraBorealis/Levels/Overview_BuiltData.uasset'
[2017.10.06-17.30.02:020][480]LogSavePackage:Display: Finished SavePackage F:/UnrealProjects/4.14/Finished/AuroraBorealis_414/AuroraBorealis/Content/AuroraBorealis/Levels/Overview_BuiltData.uasset
[2017.10.06-17.30.03:202][621]LogTemp: Repeting last play command: Selected Viewport
[2017.10.06-17.30.03:206][621]LogPlayLevel: PlayLevel: No blueprints needed recompiling
[2017.10.06-17.30.03:207][621]OCULUS: Debug: [HMDState] Using default profile default
[2017.10.06-17.30.03:207][621]OCULUS: Info: IAD changed to 63.9mm
[2017.10.06-17.30.03:207][621]LogHMD: New ovr session is created
[2017.10.06-17.30.03:207][621]LogHMD: HMD Oculus Rift CV1, res = 2160 x 1200
[2017.10.06-17.30.03:207][621]PIE: New page: PIE session: Overview (Oct 6, 2017, 9:30:03 PM)
[2017.10.06-17.30.03:207][621]LogPlayLevel: Creating play world package: /Game/AuroraBorealis/Levels/UEDPIE_0_Overview
[2017.10.06-17.30.03:211][621]LogPlayLevel: PIE: StaticDuplicateObject took: (0.003272s)
[2017.10.06-17.30.03:211][621]LogAIModule: Creating AISystem for world Overview
[2017.10.06-17.30.03:211][621]LogPlayLevel: PIE: World Init took: (0.000493s)
[2017.10.06-17.30.03:211][621]LogPlayLevel: PIE: Created PIE world by copying editor world from /Game/AuroraBorealis/Levels/Overview.Overview to /Game/AuroraBorealis/Levels/UEDPIE_0_Overview.Overview (0.004197s)
[2017.10.06-17.30.03:235][621]LogInit: XAudio2 using 'Speakers (Sound Blaster Z)' : 6 channels at 48 kHz using 32 bits per sample (channel mask 0x3f)
[2017.10.06-17.30.03:242][621]LogInit: FAudioDevice initialized.
[2017.10.06-17.30.03:267][621]LogLoad: Game class is 'GameModeBase'
[2017.10.06-17.30.03:268][621]LogWorld: Bringing World /Game/AuroraBorealis/Levels/UEDPIE_0_Overview.Overview up for play (max tick rate 0) at 2017.10.06-19.30.03
[2017.10.06-17.30.03:269][621]LogWorld: Bringing up level for play took: 0.000600
[2017.10.06-17.30.03:269][621]PIE: Info Play in editor start time for /Game/AuroraBorealis/Levels/UEDPIE_0_Overview 0.068
[2017.10.06-17.30.04:508][767]LogHMD: Destroying ovr session
[2017.10.06-17.30.12:962][761]LogWindowsTextInputMethodSystem:Display: IME system now deactivated.
[2017.10.06-17.30.12:962][761]LogWindowsTextInputMethodSystem:Display: IME system now deactivated.
[2017.10.06-17.30.13:129][762]Cmd: QUIT_EDITOR
[2017.10.06-17.30.14:113][762]LogExit: Preparing to exit.
[2017.10.06-17.30.14:923][762]LogExit: Editor shut down
[2017.10.06-17.30.14:923][762]LogExit: Transaction tracking system shut down
[2017.10.06-17.30.14:956][762]LogObj: Freed 0b from 0 cluster array pools.
[2017.10.06-17.30.14:956][762]LogExit: Object subsystem successfully closed.
[2017.10.06-17.30.14:964][762]LogD3D11RHI: Shutdown
[2017.10.06-17.30.14:964][762]LogD3D11RHI: CleanupD3DDevice
[2017.10.06-17.30.15:005][762]LogD3D11RHI: ~FD3D11DynamicRHI
[2017.10.06-17.30.15:050][762]LogModuleManager: Shutting down and abandoning module MovieSceneCapture (246)
[2017.10.06-17.30.15:050][762]LogModuleManager: Shutting down and abandoning module HierarchicalLODOutliner (245)
[2017.10.06-17.30.15:050][762]LogModuleManager: Shutting down and abandoning module CrashTracker (244)
[2017.10.06-17.30.15:050][762]LogModuleManager: Shutting down and abandoning module SceneOutliner (243)
[2017.10.06-17.30.15:050][762]LogModuleManager: Shutting down and abandoning module WidgetCarousel (242)
[2017.10.06-17.30.15:050][762]LogModuleManager: Shutting down and abandoning module AddContentDialog (241)
[2017.10.06-17.30.15:050][762]LogDirectoryWatcher: A directory notification for 'C:/Gamedev/Unreal Engine/4.14/FeaturePacks/' was aborted.
[2017.10.06-17.30.15:052][762]LogModuleManager: Shutting down and abandoning module GameplayTags (240)
[2017.10.06-17.30.15:052][762]LogModuleManager: Shutting down and abandoning module EditorWidgets (239)
[2017.10.06-17.30.15:052][762]LogModuleManager: Shutting down and abandoning module CollectionManager (238)
[2017.10.06-17.30.15:052][762]LogDirectoryWatcher: A directory notification for 'F:/UnrealProjects/4.14/Finished/AuroraBorealis_414/AuroraBorealis/Content/Collections/' was aborted.
[2017.10.06-17.30.15:052][762]LogDirectoryWatcher: A directory notification for 'F:/UnrealProjects/4.14/Finished/AuroraBorealis_414/AuroraBorealis/Content/Developers/Acriax/Collections/' was aborted.
[2017.10.06-17.30.15:052][762]LogDirectoryWatcher: A directory notification for 'F:/UnrealProjects/4.14/Finished/AuroraBorealis_414/AuroraBorealis/Saved/Collections/' was aborted.
[2017.10.06-17.30.15:052][762]LogModuleManager: Shutting down and abandoning module StatsViewer (237)
[2017.10.06-17.30.15:052][762]LogModuleManager: Shutting down and abandoning module FoliageEdit (236)
[2017.10.06-17.30.15:052][762]LogModuleManager: Shutting down and abandoning module LandscapeEditor (235)
[2017.10.06-17.30.15:052][762]LogModuleManager: Shutting down and abandoning module SceneDepthPickerMode (234)
[2017.10.06-17.30.15:052][762]LogModuleManager: Shutting down and abandoning module ActorPickerMode (233)
[2017.10.06-17.30.15:052][762]LogModuleManager: Shutting down and abandoning module GeometryMode (232)
[2017.10.06-17.30.15:052][762]LogModuleManager: Shutting down and abandoning module TextureAlignMode (231)
[2017.10.06-17.30.15:052][762]LogModuleManager: Shutting down and abandoning module BspMode (230)
[2017.10.06-17.30.15:052][762]LogModuleManager: Shutting down and abandoning module SequenceRecorderSections (229)
[2017.10.06-17.30.15:053][762]LogModuleManager: Shutting down and abandoning module AutomationWorker (228)
[2017.10.06-17.30.15:053][762]LogModuleManager: Shutting down and abandoning module MatineeToLevelSequence (227)
[2017.10.06-17.30.15:053][762]LogModuleManager: Shutting down and abandoning module PlacementMode (226)
[2017.10.06-17.30.15:053][762]LogModuleManager: Shutting down and abandoning module LevelSequenceEditor (225)
[2017.10.06-17.30.15:053][762]LogModuleManager: Shutting down and abandoning module WmfMediaFactory (224)
[2017.10.06-17.30.15:053][762]LogModuleManager: Shutting down and abandoning module WmfMediaEditor (223)
[2017.10.06-17.30.15:053][762]LogModuleManager: Shutting down and abandoning module AvfMediaFactory (222)
[2017.10.06-17.30.15:053][762]LogModuleManager: Shutting down and abandoning module AvfMediaEditor (221)
[2017.10.06-17.30.15:053][762]LogModuleManager: Shutting down and abandoning module Media (220)
[2017.10.06-17.30.15:053][762]LogModuleManager: Shutting down and abandoning module AndroidMediaFactory (219)
[2017.10.06-17.30.15:053][762]LogModuleManager: Shutting down and abandoning module AndroidMediaEditor (218)
[2017.10.06-17.30.15:053][762]LogModuleManager: Shutting down and abandoning module CharacterAI (217)
[2017.10.06-17.30.15:053][762]LogModuleManager: Shutting down and abandoning module SequenceRecorder (216)
[2017.10.06-17.30.15:053][762]LogModuleManager: Shutting down and abandoning module AudioCapture (215)
[2017.10.06-17.30.15:053][762]LogModuleManager: Shutting down and abandoning module SmartSnapping (214)
[2017.10.06-17.30.15:053][762]LogModuleManager: Shutting down and abandoning module SessionServices (213)
[2017.10.06-17.30.15:053][762]LogModuleManager: Shutting down and abandoning module ViewportSnapping (212)
[2017.10.06-17.30.15:053][762]LogModuleManager: Shutting down and abandoning module ViewportInteraction (211)
[2017.10.06-17.30.15:053][762]LogModuleManager: Shutting down and abandoning module LogVisualizer (210)
[2017.10.06-17.30.15:053][762]LogModuleManager: Shutting down and abandoning module GameProjectGeneration (209)
[2017.10.06-17.30.15:053][762]LogModuleManager: Shutting down and abandoning module IntroTutorials (208)
[2017.10.06-17.30.15:053][762]LogModuleManager: Shutting down and abandoning module EditorLiveStreaming (207)
[2017.10.06-17.30.15:053][762]LogModuleManager: Shutting down and abandoning module IOSPlatformEditor (206)
[2017.10.06-17.30.15:053][762]LogModuleManager: Shutting down and abandoning module HTML5PlatformEditor (205)
[2017.10.06-17.30.15:053][762]LogModuleManager: Shutting down and abandoning module AndroidDeviceDetection (204)
[2017.10.06-17.30.15:840][762]LogModuleManager: Shutting down and abandoning module AndroidPlatformEditor (203)
[2017.10.06-17.30.15:840][762]LogModuleManager: Shutting down and abandoning module IOSRuntimeSettings (202)
[2017.10.06-17.30.15:840][762]LogModuleManager: Shutting down and abandoning module AndroidRuntimeSettings (201)
[2017.10.06-17.30.15:840][762]LogModuleManager: Shutting down and abandoning module InputBindingEditor (200)
[2017.10.06-17.30.15:840][762]LogModuleManager: Shutting down and abandoning module NiagaraEditor (199)
[2017.10.06-17.30.15:840][762]LogModuleManager: Shutting down and abandoning module MergeActors (198)
[2017.10.06-17.30.15:840][762]LogModuleManager: Shutting down and abandoning module SizeMap (197)
[2017.10.06-17.30.15:840][762]LogModuleManager: Shutting down and abandoning module TreeMap (196)
[2017.10.06-17.30.15:840][762]LogModuleManager: Shutting down and abandoning module ReferenceViewer (195)
[2017.10.06-17.30.15:840][762]LogModuleManager: Shutting down and abandoning module LocalizationService (194)
[2017.10.06-17.30.15:840][762]LogModuleManager: Shutting down and abandoning module LocalizationDashboard (193)
[2017.10.06-17.30.15:840][762]LogModuleManager: Shutting down and abandoning module HardwareTargeting (192)
[2017.10.06-17.30.15:840][762]LogModuleManager: Shutting down and abandoning module DeviceProfileEditor (191)
[2017.10.06-17.30.15:840][762]LogModuleManager: Shutting down and abandoning module UndoHistory (190)
[2017.10.06-17.30.15:840][762]LogModuleManager: Shutting down and abandoning module UserFeedback (189)
[2017.10.06-17.30.15:840][762]LogModuleManager: Shutting down and abandoning module XmlParser (188)
[2017.10.06-17.30.15:840][762]LogModuleManager: Shutting down and abandoning module Blutility (187)
[2017.10.06-17.30.15:840][762]LogModuleManager: Shutting down and abandoning module ProjectTargetPlatformEditor (186)
[2017.10.06-17.30.15:840][762]LogModuleManager: Shutting down and abandoning module ProjectSettingsViewer (185)
[2017.10.06-17.30.15:840][762]LogModuleManager: Shutting down and abandoning module EditorSettingsViewer (184)
[2017.10.06-17.30.15:840][762]LogModuleManager: Shutting down and abandoning module SettingsEditor (183)
[2017.10.06-17.30.15:840][762]LogModuleManager: Shutting down and abandoning module ProjectLauncher (182)
[2017.10.06-17.30.15:840][762]LogModuleManager: Shutting down and abandoning module SessionFrontend (181)
[2017.10.06-17.30.15:840][762]LogModuleManager: Shutting down and abandoning module ProfilerClient (180)
[2017.10.06-17.30.15:840][762]LogModuleManager: Shutting down and abandoning module TargetDeviceServices (179)
[2017.10.06-17.30.15:840][762]LogModuleManager: Shutting down and abandoning module DeviceManager (178)
[2017.10.06-17.30.15:882][762]LogModuleManager: Shutting down and abandoning module AutomationController (177)
[2017.10.06-17.30.15:882][762]LogModuleManager: Shutting down and abandoning module AutomationWindow (176)
[2017.10.06-17.30.15:882][762]LogModuleManager: Shutting down and abandoning module Layers (175)
[2017.10.06-17.30.15:882][762]LogModuleManager: Shutting down and abandoning module ComponentVisualizers (174)
[2017.10.06-17.30.15:882][762]LogModuleManager: Shutting down and abandoning module DetailCustomizations (173)
[2017.10.06-17.30.15:882][762]LogModuleManager: Shutting down and abandoning module PackagesDialog (172)
[2017.10.06-17.30.15:882][762]LogModuleManager: Shutting down and abandoning module AnimGraph (171)
[2017.10.06-17.30.15:882][762]LogModuleManager: Shutting down and abandoning module Persona (170)
[2017.10.06-17.30.15:882][762]LogModuleManager: Shutting down and abandoning module Kismet (169)
[2017.10.06-17.30.15:883][762]LogModuleManager: Shutting down and abandoning module GraphEditor (168)
[2017.10.06-17.30.15:883][762]LogModuleManager: Shutting down and abandoning module ClassViewer (167)
[2017.10.06-17.30.15:883][762]LogModuleManager: Shutting down and abandoning module Toolbox (166)
[2017.10.06-17.30.15:883][762]LogModuleManager: Shutting down and abandoning module ModuleUI (165)
[2017.10.06-17.30.15:883][762]LogModuleManager: Shutting down and abandoning module MovieSceneTools (164)
[2017.10.06-17.30.15:883][762]LogModuleManager: Shutting down and abandoning module OutputLog (163)
[2017.10.06-17.30.15:883][762]LogModuleManager: Shutting down and abandoning module GammaUI (162)
[2017.10.06-17.30.15:883][762]LogModuleManager: Shutting down and abandoning module Documentation (161)
[2017.10.06-17.30.15:883][762]LogModuleManager: Shutting down and abandoning module Niagara (160)
[2017.10.06-17.30.15:883][762]LogModuleManager: Shutting down and abandoning module StreamingPauseRendering (159)
[2017.10.06-17.30.15:883][762]LogModuleManager: Shutting down and abandoning module PortalServices (158)
[2017.10.06-17.30.15:883][762]LogModuleManager: Shutting down and abandoning module PortalRpc (157)
[2017.10.06-17.30.15:883][762]LogModuleManager: Shutting down and abandoning module MessagingRpc (156)
[2017.10.06-17.30.15:883][762]LogModuleManager: Shutting down and abandoning module GameplayDebugger (155)
[2017.10.06-17.30.15:883][762]LogModuleManager: Shutting down and abandoning module AITestSuite (154)
[2017.10.06-17.30.15:883][762]LogModuleManager: Shutting down and abandoning module AIModule (153)
[2017.10.06-17.30.15:883][762]LogModuleManager: Shutting down and abandoning module ProfilerService (152)
[2017.10.06-17.30.16:127][762]LogModuleManager: Shutting down and abandoning module TaskGraph (151)
[2017.10.06-17.30.16:127][762]LogModuleManager: Shutting down and abandoning module SubstanceEditor (150)
[2017.10.06-17.30.16:127][762]LogModuleManager: Shutting down and abandoning module SlateRemote (149)
[2017.10.06-17.30.16:128][762]LogModuleManager: Shutting down and abandoning module SteamVRController (148)
[2017.10.06-17.30.16:128][762]LogModuleManager: Shutting down and abandoning module SteamVR (147)
[2017.10.06-17.30.16:128][762]LogModuleManager: Shutting down and abandoning module ProceduralMeshComponentEditor (146)
[2017.10.06-17.30.16:128][762]LogModuleManager: Shutting down and abandoning module ProceduralMeshComponent (145)
[2017.10.06-17.30.16:128][762]LogModuleManager: Shutting down and abandoning module OculusLibrary (144)
[2017.10.06-17.30.16:128][762]LogModuleManager: Shutting down and abandoning module OculusInput (143)
[2017.10.06-17.30.16:128][762]LogModuleManager: Shutting down and abandoning module MobilePatchingUtils (142)
[2017.10.06-17.30.16:128][762]LogModuleManager: Shutting down and abandoning module CustomMeshComponent (141)
[2017.10.06-17.30.16:128][762]LogModuleManager: Shutting down and abandoning module CableComponent (140)
[2017.10.06-17.30.16:128][762]LogModuleManager: Shutting down and abandoning module ArchVisCharacter (139)
[2017.10.06-17.30.16:128][762]LogModuleManager: Shutting down and abandoning module MediaPlayerEditor (137)
[2017.10.06-17.30.16:128][762]LogModuleManager: Shutting down and abandoning module VaRestEditorPlugin (136)
[2017.10.06-17.30.16:128][762]LogModuleManager: Shutting down and abandoning module ModoMaterialImporter (135)
[2017.10.06-17.30.16:128][762]LogModuleManager: Shutting down and abandoning module HTML5Networking (134)
[2017.10.06-17.30.16:128][762]LogModuleManager: Shutting down and abandoning module GeometryCacheEd (133)
[2017.10.06-17.30.16:128][762]LogModuleManager: Shutting down and abandoning module GeometryCache (132)
[2017.10.06-17.30.16:128][762]LogModuleManager: Shutting down and abandoning module AlembicLibrary (131)
[2017.10.06-17.30.16:128][762]LogModuleManager: Shutting down and abandoning module AlembicImporter (130)
[2017.10.06-17.30.16:128][762]LogModuleManager: Shutting down and abandoning module SuperSearch (129)
[2017.10.06-17.30.16:128][762]LogModuleManager: Shutting down and abandoning module SuperSearchEditor (128)
[2017.10.06-17.30.16:128][762]LogModuleManager: Shutting down and abandoning module SpeedTreeImporter (127)
[2017.10.06-17.30.16:128][762]LogModuleManager: Shutting down and abandoning module PluginBrowser (126)
[2017.10.06-17.30.16:128][762]LogModuleManager: Shutting down and abandoning module MobileLauncherProfileWizard (125)
[2017.10.06-17.30.16:128][762]LogModuleManager: Shutting down and abandoning module EpicSurvey (124)
[2017.10.06-17.30.16:128][762]LogModuleManager: Shutting down and abandoning module DesktopPlatform (123)
[2017.10.06-17.30.16:128][762]LogModuleManager: Shutting down and abandoning module VisualStudioSourceCodeAccess (122)
[2017.10.06-17.30.16:128][762]LogModuleManager: Shutting down and abandoning module UObjectPlugin (121)
[2017.10.06-17.30.16:128][762]LogModuleManager: Shutting down and abandoning module SubversionSourceControl (120)
[2017.10.06-17.30.16:128][762]LogModuleManager: Shutting down and abandoning module PerforceSourceControl (119)
[2017.10.06-17.30.16:128][762]LogModuleManager: Shutting down and abandoning module SourceControl (118)
[2017.10.06-17.30.16:128][762]LogModuleManager: Shutting down and abandoning module GitSourceControl (117)
[2017.10.06-17.30.16:128][762]LogModuleManager: Shutting down and abandoning module LightPropagationVolumeEditor (116)
[2017.10.06-17.30.16:128][762]LogModuleManager: Shutting down and abandoning module PaperTiledImporter (115)
[2017.10.06-17.30.16:128][762]LogModuleManager: Shutting down and abandoning module PaperSpriteSheetImporter (114)
[2017.10.06-17.30.16:128][762]LogModuleManager: Shutting down and abandoning module MeshPaint (113)
[2017.10.06-17.30.16:128][762]LogModuleManager: Shutting down and abandoning module PixelInspectorModule (112)
[2017.10.06-17.30.16:128][762]LogModuleManager: Shutting down and abandoning module HotReload (111)
[2017.10.06-17.30.16:128][762]LogModuleManager: Shutting down and abandoning module MainFrame (110)
[2017.10.06-17.30.16:128][762]LogModuleManager: Shutting down and abandoning module LevelEditor (109)
[2017.10.06-17.30.16:129][762]LogModuleManager: Shutting down and abandoning module ContentBrowser (108)
[2017.10.06-17.30.16:129][762]LogModuleManager: Shutting down and abandoning module Paper2DEditor (107)
[2017.10.06-17.30.16:129][762]LogModuleManager: Shutting down and abandoning module UdpMessaging (106)
[2017.10.06-17.30.16:230][762]LogModuleManager: Shutting down and abandoning module TcpMessaging (105)
[2017.10.06-17.30.16:330][762]LogModuleManager: Shutting down and abandoning module VaRestPlugin (104)
[2017.10.06-17.30.16:330][762]LogModuleManager: Shutting down and abandoning module SubstanceCore (103)
[2017.10.06-17.30.16:330][762]LogModuleManager: Shutting down and abandoning module ModoPlugin (102)
[2017.10.06-17.30.16:330][762]LogModuleManager: Shutting down and abandoning module LightPropagationVolumeRuntime (101)
[2017.10.06-17.30.16:330][762]LogModuleManager: Shutting down and abandoning module Paper2D (100)
[2017.10.06-17.30.16:330][762]LogModuleManager: Shutting down and abandoning module WindowsMoviePlayer (99)
[2017.10.06-17.30.16:330][762]LogModuleManager: Shutting down and abandoning module WmfMedia (98)
[2017.10.06-17.30.16:330][762]LogModuleManager: Shutting down and abandoning module MediaAssets (97)
[2017.10.06-17.30.16:330][762]LogModuleManager: Shutting down and abandoning module GameLiveStreaming (96)
[2017.10.06-17.30.16:330][762]LogModuleManager: Shutting down and abandoning module GameplayTagsEditor (95)
[2017.10.06-17.30.16:330][762]LogModuleManager: Shutting down and abandoning module VREditor (94)
[2017.10.06-17.30.16:330][762]LogModuleManager: Shutting down and abandoning module GameplayTasksEditor (93)
[2017.10.06-17.30.16:330][762]LogModuleManager: Shutting down and abandoning module BehaviorTreeEditor (92)
[2017.10.06-17.30.16:330][762]LogModuleManager: Shutting down and abandoning module FunctionalTesting (91)
[2017.10.06-17.30.16:330][762]LogModuleManager: Shutting down and abandoning module CollisionAnalyzer (90)
[2017.10.06-17.30.16:330][762]LogModuleManager: Shutting down and abandoning module Sequencer (89)
[2017.10.06-17.30.16:330][762]LogModuleManager: Shutting down and abandoning module WorkspaceMenuStructure (88)
[2017.10.06-17.30.16:330][762]LogModuleManager: Shutting down and abandoning module MessageLog (87)
[2017.10.06-17.30.16:330][762]LogModuleManager: Shutting down and abandoning module AssetTools (86)
[2017.10.06-17.30.16:330][762]LogModuleManager: Shutting down and abandoning module UMGEditor (85)
[2017.10.06-17.30.16:330][762]LogModuleManager: Shutting down and abandoning module UMG (84)
[2017.10.06-17.30.16:330][762]LogModuleManager: Shutting down and abandoning module SlateReflector (83)
[2017.10.06-17.30.16:330][762]LogModuleManager: Shutting down and abandoning module Slate (82)
[2017.10.06-17.30.16:330][762]LogModuleManager: Shutting down and abandoning module EditorStyle (81)
[2017.10.06-17.30.16:331][762]LogModuleManager: Shutting down and abandoning module SourceCodeAccess (80)
[2017.10.06-17.30.16:331][762]LogModuleManager: Shutting down and abandoning module HeadMountedDisplay (79)
[2017.10.06-17.30.16:331][762]LogModuleManager: Shutting down and abandoning module XAudio2 (78)
[2017.10.06-17.30.16:331][762]LogModuleManager: Shutting down and abandoning module Networking (76)
[2017.10.06-17.30.16:331][762]LogModuleManager: Shutting down and abandoning module Core (75)
[2017.10.06-17.30.16:331][762]LogModuleManager: Shutting down and abandoning module DirectoryWatcher (74)
[2017.10.06-17.30.16:331][762]LogDirectoryWatcher: A directory notification for '../../../Engine/Content/' was aborted.
[2017.10.06-17.30.16:332][762]LogDirectoryWatcher: A directory notification for 'F:/UnrealProjects/4.14/Finished/AuroraBorealis_414/AuroraBorealis/Content/' was aborted.
[2017.10.06-17.30.16:332][762]LogDirectoryWatcher: A directory notification for '../../../Engine/Plugins/2D/Paper2D/Content/' was aborted.
[2017.10.06-17.30.16:332][762]LogModuleManager: Shutting down and abandoning module AssetRegistry (73)
[2017.10.06-17.30.16:469][762]LogModuleManager: Shutting down and abandoning module KismetCompiler (72)
[2017.10.06-17.30.16:469][762]LogModuleManager: Shutting down and abandoning module PhysXFormats (71)
[2017.10.06-17.30.16:469][762]LogModuleManager: Shutting down and abandoning module SimplygonSwarm (70)
[2017.10.06-17.30.16:469][762]LogModuleManager: Shutting down and abandoning module SimplygonMeshReduction (69)
[2017.10.06-17.30.16:469][762]LogModuleManager: Shutting down and abandoning module QuadricMeshReduction (68)
[2017.10.06-17.30.16:469][762]LogModuleManager: Shutting down and abandoning module PropertyEditor (67)
[2017.10.06-17.30.16:469][762]LogModuleManager: Shutting down and abandoning module MeshUtilities (66)
[2017.10.06-17.30.16:469][762]LogModuleManager: Shutting down and abandoning module DerivedDataCache (65)
[2017.10.06-17.30.16:800][762]LogDerivedDataCache: Shutdown
[2017.10.06-17.30.16:800][762]LogModuleManager: Shutting down and abandoning module VulkanShaderFormat (64)
[2017.10.06-17.30.16:800][762]LogModuleManager: Shutting down and abandoning module ShaderFormatOpenGL (63)
[2017.10.06-17.30.16:800][762]LogModuleManager: Shutting down and abandoning module ShaderFormatD3D (62)
[2017.10.06-17.30.16:800][762]LogModuleManager: Shutting down and abandoning module MetalShaderFormat (61)
[2017.10.06-17.30.16:800][762]LogModuleManager: Shutting down and abandoning module TextureFormatUncompressed (60)
[2017.10.06-17.30.16:800][762]LogModuleManager: Shutting down and abandoning module TextureFormatPVR (59)
[2017.10.06-17.30.16:800][762]LogModuleManager: Shutting down and abandoning module TextureFormatDXT (58)
[2017.10.06-17.30.16:800][762]LogModuleManager: Shutting down and abandoning module TextureFormatIntelISPCTexComp (57)
[2017.10.06-17.30.16:800][762]LogModuleManager: Shutting down and abandoning module ImageWrapper (56)
[2017.10.06-17.30.16:800][762]LogModuleManager: Shutting down and abandoning module TextureFormatASTC (55)
[2017.10.06-17.30.16:800][762]LogModuleManager: Shutting down and abandoning module TextureFormatAndroid (54)
[2017.10.06-17.30.16:800][762]LogModuleManager: Shutting down and abandoning module AudioFormatOpus (53)
[2017.10.06-17.30.16:800][762]LogModuleManager: Shutting down and abandoning module AudioFormatOgg (52)
[2017.10.06-17.30.16:800][762]LogModuleManager: Shutting down and abandoning module AudioFormatADPCM (51)
[2017.10.06-17.30.16:800][762]LogModuleManager: Shutting down and abandoning module LinuxTargetPlatform (50)
[2017.10.06-17.30.16:800][762]LogModuleManager: Shutting down and abandoning module LinuxServerTargetPlatform (49)
[2017.10.06-17.30.16:800][762]LogModuleManager: Shutting down and abandoning module LinuxNoEditorTargetPlatform (48)
[2017.10.06-17.30.16:800][762]LogModuleManager: Shutting down and abandoning module LinuxClientTargetPlatform (47)
[2017.10.06-17.30.16:800][762]LogModuleManager: Shutting down and abandoning module TVOSTargetPlatform (46)
[2017.10.06-17.30.16:800][762]LogModuleManager: Shutting down and abandoning module Messaging (45)
[2017.10.06-17.30.16:800][762]LogModuleManager: Shutting down and abandoning module IOSTargetPlatform (44)
[2017.10.06-17.30.16:800][762]LogModuleManager: Shutting down and abandoning module HTML5TargetPlatform (43)
[2017.10.06-17.30.16:800][762]LogModuleManager: Shutting down and abandoning module Android_PVRTCTargetPlatform (42)
[2017.10.06-17.30.16:800][762]LogModuleManager: Shutting down and abandoning module Android_MultiTargetPlatform (41)
[2017.10.06-17.30.16:800][762]LogModuleManager: Shutting down and abandoning module Android_ETC2TargetPlatform (40)
[2017.10.06-17.30.16:800][762]LogModuleManager: Shutting down and abandoning module Android_ETC1TargetPlatform (39)
[2017.10.06-17.30.16:800][762]LogModuleManager: Shutting down and abandoning module Android_DXTTargetPlatform (38)
[2017.10.06-17.30.16:800][762]LogModuleManager: Shutting down and abandoning module Android_ATCTargetPlatform (37)
[2017.10.06-17.30.16:800][762]LogModuleManager: Shutting down and abandoning module Android_ASTCTargetPlatform (36)
[2017.10.06-17.30.16:800][762]LogModuleManager: Shutting down and abandoning module AndroidTargetPlatform (35)
[2017.10.06-17.30.16:800][762]LogModuleManager: Shutting down and abandoning module WindowsTargetPlatform (34)
[2017.10.06-17.30.16:800][762]LogModuleManager: Shutting down and abandoning module WindowsServerTargetPlatform (33)
[2017.10.06-17.30.16:800][762]LogModuleManager: Shutting down and abandoning module WindowsNoEditorTargetPlatform (32)
[2017.10.06-17.30.16:800][762]LogModuleManager: Shutting down and abandoning module WindowsClientTargetPlatform (31)
[2017.10.06-17.30.16:800][762]LogModuleManager: Shutting down and abandoning module MacTargetPlatform (30)
[2017.10.06-17.30.16:800][762]LogModuleManager: Shutting down and abandoning module MacServerTargetPlatform (29)
[2017.10.06-17.30.16:801][762]LogModuleManager: Shutting down and abandoning module MacNoEditorTargetPlatform (28)
[2017.10.06-17.30.16:801][762]LogModuleManager: Shutting down and abandoning module MacClientTargetPlatform (27)
[2017.10.06-17.30.16:801][762]LogModuleManager: Shutting down and abandoning module AllDesktopTargetPlatform (26)
[2017.10.06-17.30.16:801][762]LogModuleManager: Shutting down and abandoning module TargetPlatform (25)
[2017.10.06-17.30.16:801][762]LogModuleManager: Shutting down and abandoning module InputCore (24)
[2017.10.06-17.30.16:801][762]LogModuleManager: Shutting down and abandoning module Settings (23)
[2017.10.06-17.30.16:801][762]LogModuleManager: Shutting down and abandoning module OculusRift (22)
[2017.10.06-17.30.16:801][762]LogHMD: Oculus shutdown.
[2017.10.06-17.30.16:801][762]LogModuleManager: Shutting down and abandoning module ExampleDeviceProfileSelector (21)
[2017.10.06-17.30.16:801][762]LogModuleManager: Shutting down and abandoning module OnlineBlueprintSupport (20)
[2017.10.06-17.30.16:801][762]LogModuleManager: Shutting down and abandoning module OnlineSubsystem (18)
[2017.10.06-17.30.16:801][762]LogOnline:Display: Unloading online subsystem: NULL
[2017.10.06-17.30.16:801][762]LogModuleManager: Shutting down and abandoning module SSL (17)
[2017.10.06-17.30.16:802][762]LogModuleManager: Shutting down and abandoning module HTTP (16)
[2017.10.06-17.30.16:802][762]LogModuleManager: Shutting down and abandoning module XMPP (15)
[2017.10.06-17.30.16:802][762]LogModuleManager: Shutting down and abandoning module TextureCompressor (14)
[2017.10.06-17.30.16:802][762]LogModuleManager: Shutting down and abandoning module ShaderCore (13)
[2017.10.06-17.30.16:802][762]LogModuleManager: Shutting down and abandoning module Landscape (12)
[2017.10.06-17.30.16:802][762]LogModuleManager: Shutting down and abandoning module SlateRHIRenderer (11)
[2017.10.06-17.30.16:803][762]LogModuleManager: Shutting down and abandoning module OpenGLDrv (10)
[2017.10.06-17.30.16:803][762]LogModuleManager: Shutting down and abandoning module D3D11RHI (9)
[2017.10.06-17.30.16:803][762]LogModuleManager: Shutting down and abandoning module AnimGraphRuntime (8)
[2017.10.06-17.30.16:803][762]LogModuleManager: Shutting down and abandoning module Renderer (7)
[2017.10.06-17.30.16:803][762]LogModuleManager: Shutting down and abandoning module Engine (6)
[2017.10.06-17.30.16:803][762]LogModuleManager: Shutting down and abandoning module CoreUObject (5)
[2017.10.06-17.30.16:803][762]LogModuleManager: Shutting down and abandoning module NetworkFile (4)
[2017.10.06-17.30.16:803][762]LogModuleManager: Shutting down and abandoning module StreamingFile (3)
[2017.10.06-17.30.16:803][762]LogModuleManager: Shutting down and abandoning module SandboxFile (2)
[2017.10.06-17.30.16:803][762]LogModuleManager: Shutting down and abandoning module PakFile (1)
[2017.10.06-17.30.16:804][762]LogExit: Exiting.
[2017.10.06-17.30.16:810][762]Log file closed, 10/06/17 19:30:16
