Log file open, 12/06/20 12:35:32
LogInit: Display: Running engine for game: Fly_me_to_the_Moon
LogPlatformFile: Not using cached read wrapper
LogTaskGraph: Started task graph with 5 named threads and 35 total threads with 3 sets of task threads.
LogStats: Stats thread started at 0.080779
LogD3D11RHI: Loaded GFSDK_Aftermath_Lib.x64.dll
LogICUInternationalization: ICU TimeZone Detection - Raw Offset: +9:00, Platform Override: ''
LogPluginManager: Mounting plugin Paper2D
LogPluginManager: Mounting plugin AISupport
LogPluginManager: Mounting plugin LightPropagationVolume
LogPluginManager: Mounting plugin CameraShakePreviewer
LogPluginManager: Mounting plugin ActorLayerUtilities
LogPluginManager: Mounting plugin AnimationSharing
LogPluginManager: Mounting plugin CLionSourceCodeAccess
LogPluginManager: Mounting plugin CodeLiteSourceCodeAccess
LogPluginManager: Mounting plugin GitSourceControl
LogPluginManager: Mounting plugin KDevelopSourceCodeAccess
LogPluginManager: Mounting plugin NullSourceCodeAccess
LogPluginManager: Mounting plugin PerforceSourceControl
LogPluginManager: Mounting plugin PlasticSourceControl
LogPluginManager: Mounting plugin RiderSourceCodeAccess
LogPluginManager: Mounting plugin SubversionSourceControl
LogPluginManager: Mounting plugin UObjectPlugin
LogPluginManager: Mounting plugin VisualStudioCodeSourceCodeAccess
LogPluginManager: Mounting plugin VisualStudioSourceCodeAccess
LogPluginManager: Mounting plugin XCodeSourceCodeAccess
LogPluginManager: Mounting plugin AssetManagerEditor
LogPluginManager: Mounting plugin CryptoKeys
LogPluginManager: Mounting plugin CurveEditorTools
LogPluginManager: Mounting plugin DataValidation
LogPluginManager: Mounting plugin EditorScriptingUtilities
LogPluginManager: Mounting plugin FacialAnimation
LogPluginManager: Mounting plugin GameplayTagsEditor
LogPluginManager: Mounting plugin GeometryMode
LogPluginManager: Mounting plugin MacGraphicsSwitching
LogPluginManager: Mounting plugin MaterialAnalyzer
LogPluginManager: Mounting plugin MobileLauncherProfileWizard
LogPluginManager: Mounting plugin PluginBrowser
LogPluginManager: Mounting plugin SpeedTreeImporter
LogPluginManager: Mounting plugin DatasmithContent
LogPluginManager: Mounting plugin VariantManagerContent
LogPluginManager: Mounting plugin AlembicImporter
LogPluginManager: Mounting plugin AutomationUtils
LogPluginManager: Mounting plugin BackChannel
LogPluginManager: Mounting plugin ChaosCloth
LogPluginManager: Mounting plugin ChaosClothEditor
LogPluginManager: Mounting plugin ChaosEditor
LogPluginManager: Mounting plugin ChaosNiagara
LogPluginManager: Mounting plugin ChaosSolverPlugin
LogPluginManager: Mounting plugin CharacterAI
LogPluginManager: Mounting plugin GeometryCache
LogPluginManager: Mounting plugin GeometryCollectionPlugin
LogPluginManager: Mounting plugin GeometryProcessing
LogPluginManager: Mounting plugin PlanarCut
LogPluginManager: Mounting plugin PlatformCrypto
LogPluginManager: Mounting plugin ProxyLODPlugin
LogPluginManager: Mounting plugin SkeletalReduction
LogPluginManager: Mounting plugin Niagara
LogPluginManager: Mounting plugin MagicLeap
LogPluginManager: Mounting plugin MagicLeapLightEstimation
LogPluginManager: Mounting plugin MagicLeapMedia
LogPluginManager: Mounting plugin MagicLeapPassableWorld
LogPluginManager: Mounting plugin MLSDK
LogPluginManager: Mounting plugin Substance
LogPluginManager: Mounting plugin AndroidMedia
LogPluginManager: Mounting plugin AvfMedia
LogPluginManager: Mounting plugin ImgMedia
LogPluginManager: Mounting plugin MediaCompositing
LogPluginManager: Mounting plugin MediaPlayerEditor
LogPluginManager: Mounting plugin WebMMedia
LogPluginManager: Mounting plugin WmfMedia
LogPluginManager: Mounting plugin MeshPainting
LogPluginManager: Mounting plugin TcpMessaging
LogPluginManager: Mounting plugin UdpMessaging
LogPluginManager: Mounting plugin ActorSequence
LogPluginManager: Mounting plugin LevelSequenceEditor
LogPluginManager: Mounting plugin MatineeToLevelSequence
LogPluginManager: Mounting plugin MovieRenderPipeline
LogPluginManager: Mounting plugin TemplateSequence
LogPluginManager: Mounting plugin NetcodeUnitTest
LogPluginManager: Mounting plugin NUTUnrealEngine4
LogPluginManager: Mounting plugin OnlineSubsystemGooglePlay
LogPluginManager: Mounting plugin OnlineSubsystemIOS
LogPluginManager: Mounting plugin OnlineSubsystem
LogPluginManager: Mounting plugin OnlineSubsystemNull
LogPluginManager: Mounting plugin OnlineSubsystemUtils
LogPluginManager: Mounting plugin LauncherChunkInstaller
LogPluginManager: Mounting plugin AndroidDeviceProfileSelector
LogPluginManager: Mounting plugin AndroidMoviePlayer
LogPluginManager: Mounting plugin AndroidPermission
LogPluginManager: Mounting plugin AppleImageUtils
LogPluginManager: Mounting plugin AppleMoviePlayer
LogPluginManager: Mounting plugin ArchVisCharacter
LogPluginManager: Mounting plugin AssetTags
LogPluginManager: Mounting plugin AudioCapture
LogPluginManager: Mounting plugin CableComponent
LogPluginManager: Mounting plugin CustomMeshComponent
LogPluginManager: Mounting plugin EditableMesh
LogPluginManager: Mounting plugin ExampleDeviceProfileSelector
LogPluginManager: Mounting plugin GoogleCloudMessaging
LogPluginManager: Mounting plugin GooglePAD
LogPluginManager: Mounting plugin IOSDeviceProfileSelector
LogPluginManager: Mounting plugin LinuxDeviceProfileSelector
LogPluginManager: Mounting plugin LocationServicesBPLibrary
LogPluginManager: Mounting plugin MobilePatchingUtils
LogPluginManager: Mounting plugin OculusVR
LogPluginManager: Mounting plugin PhysXVehicles
LogPluginManager: Mounting plugin PostSplashScreen
LogPluginManager: Mounting plugin ProceduralMeshComponent
LogPluginManager: Mounting plugin RuntimePhysXCooking
LogPluginManager: Mounting plugin SignificanceManager
LogPluginManager: Mounting plugin SoundFields
LogPluginManager: Mounting plugin SteamVR
LogPluginManager: Mounting plugin Synthesis
LogPluginManager: Mounting plugin WebMMoviePlayer
LogPluginManager: Mounting plugin WindowsMoviePlayer
LogPluginManager: Mounting plugin ScreenshotTools
LogInit: Using libcurl 7.55.1-DEV
LogInit:  - built for x86_64-pc-win32
LogInit:  - supports SSL with OpenSSL/1.1.1
LogInit:  - supports HTTP deflate (compression) using libz 1.2.8
LogInit:  - other features:
LogInit:      CURL_VERSION_SSL
LogInit:      CURL_VERSION_LIBZ
LogInit:      CURL_VERSION_IPV6
LogInit:      CURL_VERSION_ASYNCHDNS
LogInit:      CURL_VERSION_LARGEFILE
LogInit:      CURL_VERSION_IDN
LogInit:  CurlRequestOptions (configurable via config and command line):
LogInit:  - bVerifyPeer = true  - Libcurl will verify peer certificate
LogInit:  - bUseHttpProxy = false  - Libcurl will NOT use HTTP proxy
LogInit:  - bDontReuseConnections = false  - Libcurl will reuse connections
LogInit:  - MaxHostConnections = 16  - Libcurl will limit the number of connections to a host
LogInit:  - LocalHostAddr = Default
LogInit:  - BufferSize = 65536
LogOnline: OSS: Creating online subsystem instance for: NULL
LogInit: WinSock: version 1.1 (2.2), MaxSocks=32767, MaxUdp=65467
LogOnline: OSS: TryLoadSubsystemAndSetDefault: Loaded subsystem for module [NULL]
LogInit: Build: ++UE4+Release-4.25-CL-13144385
LogInit: Engine Version: 4.25.0-13144385+++UE4+Release-4.25
LogInit: Compatible Engine Version: 4.25.0-13144385+++UE4+Release-4.25
LogInit: Net CL: 13144385
LogInit: OS: Windows 10 (Release 1909) (), CPU: Intel(R) Core(TM) i7-8700 CPU @ 3.20GHz, GPU: NVIDIA GeForce GTX 1070 Ti
LogInit: Compiled (64-bit): May  2 2020 02:12:11
LogInit: Compiled with Visual C++: 19.24.28315.00
LogInit: Build Configuration: Development
LogInit: Branch Name: ++UE4+Release-4.25
LogInit: Command Line: 
LogInit: Base Directory: E:/UE_4.25/Engine/Binaries/Win64/
LogInit: Allocator: TBB
LogInit: Installed Engine Build: 1
LogDevObjectVersion: Number of dev versions registered: 26
LogDevObjectVersion:   Dev-Blueprints (B0D832E4-1F89-4F0D-ACCF-7EB736FD4AA2): 10
LogDevObjectVersion:   Dev-Build (E1C64328-A22C-4D53-A36C-8E866417BD8C): 0
LogDevObjectVersion:   Dev-Core (375EC13C-06E4-48FB-B500-84F0262A717E): 4
LogDevObjectVersion:   Dev-Editor (E4B068ED-F494-42E9-A231-DA0B2E46BB41): 38
LogDevObjectVersion:   Dev-Framework (CFFC743F-43B0-4480-9391-14DF171D2073): 37
LogDevObjectVersion:   Dev-Mobile (B02B49B5-BB20-44E9-A304-32B752E40360): 2
LogDevObjectVersion:   Dev-Networking (A4E4105C-59A1-49B5-A7C5-40C4547EDFEE): 0
LogDevObjectVersion:   Dev-Online (39C831C9-5AE6-47DC-9A44-9C173E1C8E7C): 0
LogDevObjectVersion:   Dev-Physics (78F01B33-EBEA-4F98-B9B4-84EACCB95AA2): 4
LogDevObjectVersion:   Dev-Platform (6631380F-2D4D-43E0-8009-CF276956A95A): 0
LogDevObjectVersion:   Dev-Rendering (12F88B9F-8875-4AFC-A67C-D90C383ABD29): 43
LogDevObjectVersion:   Dev-Sequencer (7B5AE74C-D270-4C10-A958-57980B212A5A): 12
LogDevObjectVersion:   Dev-VR (D7296918-1DD6-4BDD-9DE2-64A83CC13884): 3
LogDevObjectVersion:   Dev-LoadTimes (C2A15278-BFE7-4AFE-6C17-90FF531DF755): 1
LogDevObjectVersion:   Private-Geometry (6EACA3D4-40EC-4CC1-B786-8BED09428FC5): 3
LogDevObjectVersion:   Dev-AnimPhys (29E575DD-E0A3-4627-9D10-D276232CDCEA): 17
LogDevObjectVersion:   Dev-Anim (AF43A65D-7FD3-4947-9873-3E8ED9C1BB05): 7
LogDevObjectVersion:   Dev-ReflectionCapture (6B266CEC-1EC7-4B8F-A30B-E4D90942FC07): 1
LogDevObjectVersion:   Dev-Automation (0DF73D61-A23F-47EA-B727-89E90C41499A): 1
LogDevObjectVersion:   FortniteMain (601D1886-AC64-4F84-AA16-D3DE0DEAC7D6): 31
LogDevObjectVersion:   Dev-Enterprise (9DFFBCD6-494F-0158-E221-12823C92A888): 10
LogDevObjectVersion:   Dev-Niagara (F2AED0AC-9AFE-416F-8664-AA7FFA26D6FC): 1
LogDevObjectVersion:   Dev-Destruction (174F1F0B-B4C6-45A5-B13F-2EE8D0FB917D): 10
LogDevObjectVersion:   Dev-Physics-Ext (35F94A83-E258-406C-A318-09F59610247C): 37
LogDevObjectVersion:   Dev-PhysicsMaterial-Chaos (B68FC16E-8B1B-42E2-B453-215C058844FE): 1
LogDevObjectVersion:   Dev-CineCamera (B2E18506-4273-CFC2-A54E-F4BB758BBA07): 1
LogInit: Presizing for max 25165824 objects, including 0 objects not considered by GC, pre-allocating 0 bytes for permanent pool.
LogConfig: Applying CVar settings from Section [/Script/Engine.StreamingSettings] File [E:/卒業制作/Fly_me_to_the_Moon/Saved/Config/Windows/Engine.ini]
LogConfig: Setting CVar [[s.MinBulkDataSizeForAsyncLoading:131072]]
LogConfig: Setting CVar [[s.AsyncLoadingThreadEnabled:0]]
LogConfig: Setting CVar [[s.EventDrivenLoaderEnabled:1]]
LogConfig: Setting CVar [[s.WarnIfTimeLimitExceeded:0]]
LogConfig: Setting CVar [[s.TimeLimitExceededMultiplier:1.5]]
LogConfig: Setting CVar [[s.TimeLimitExceededMinTime:0.005]]
LogConfig: Setting CVar [[s.UseBackgroundLevelStreaming:1]]
LogConfig: Setting CVar [[s.PriorityAsyncLoadingExtraTime:15.0]]
LogConfig: Setting CVar [[s.LevelStreamingActorsUpdateTimeLimit:5.0]]
LogConfig: Setting CVar [[s.PriorityLevelStreamingActorsUpdateExtraTime:5.0]]
LogConfig: Setting CVar [[s.LevelStreamingComponentsRegistrationGranularity:10]]
LogConfig: Setting CVar [[s.UnregisterComponentsTimeLimit:1.0]]
LogConfig: Setting CVar [[s.LevelStreamingComponentsUnregistrationGranularity:5]]
LogConfig: Setting CVar [[s.FlushStreamingOnExit:1]]
LogInit: Object subsystem initialized
LogConfig: Setting CVar [[con.DebugEarlyDefault:1]]
LogConfig: Setting CVar [[r.setres:1280x720]]
[2020.12.06-03.35.33:203][  0]LogConfig: Setting CVar [[r.VSync:0]]
[2020.12.06-03.35.33:203][  0]LogConfig: Setting CVar [[r.RHICmdBypass:0]]
[2020.12.06-03.35.33:203][  0]LogConfig: Applying CVar settings from Section [/Script/Engine.RendererSettings] File [E:/卒業制作/Fly_me_to_the_Moon/Saved/Config/Windows/Engine.ini]
[2020.12.06-03.35.33:203][  0]LogConfig: Setting CVar [[r.GPUCrashDebugging:0]]
[2020.12.06-03.35.33:203][  0]LogConfig: Setting CVar [[r.DefaultFeature.AmbientOcclusion:0]]
[2020.12.06-03.35.33:203][  0]LogConfig: Setting CVar [[r.DefaultFeature.AmbientOcclusionStaticFraction:0]]
[2020.12.06-03.35.33:203][  0]LogConfig: Setting CVar [[vr.InstancedStereo:1]]
[2020.12.06-03.35.33:203][  0]LogConfig: Setting CVar [[r.SeparateTranslucency:0]]
[2020.12.06-03.35.33:203][  0]LogConfig: Setting CVar [[r.HZBOcclusion:0]]
[2020.12.06-03.35.33:203][  0]LogConfig: Setting CVar [[r.SSR.MaxRoughness:0]]
[2020.12.06-03.35.33:203][  0]LogConfig: Setting CVar [[r.rhicmdbypass:0]]
[2020.12.06-03.35.33:203][  0]LogConfig: Applying CVar settings from Section [/Script/Engine.RendererOverrideSettings] File [E:/卒業制作/Fly_me_to_the_Moon/Saved/Config/Windows/Engine.ini]
[2020.12.06-03.35.33:203][  0]LogConfig: Applying CVar settings from Section [/Script/Engine.StreamingSettings] File [E:/卒業制作/Fly_me_to_the_Moon/Saved/Config/Windows/Engine.ini]
[2020.12.06-03.35.33:203][  0]LogConfig: Setting CVar [[s.MinBulkDataSizeForAsyncLoading:131072]]
[2020.12.06-03.35.33:203][  0]LogConfig: Setting CVar [[s.AsyncLoadingThreadEnabled:0]]
[2020.12.06-03.35.33:203][  0]LogConfig: Setting CVar [[s.EventDrivenLoaderEnabled:1]]
[2020.12.06-03.35.33:203][  0]LogConfig: Setting CVar [[s.WarnIfTimeLimitExceeded:0]]
[2020.12.06-03.35.33:203][  0]LogConfig: Setting CVar [[s.TimeLimitExceededMultiplier:1.5]]
[2020.12.06-03.35.33:203][  0]LogConfig: Setting CVar [[s.TimeLimitExceededMinTime:0.005]]
[2020.12.06-03.35.33:203][  0]LogConfig: Setting CVar [[s.UseBackgroundLevelStreaming:1]]
[2020.12.06-03.35.33:203][  0]LogConfig: Setting CVar [[s.PriorityAsyncLoadingExtraTime:15.0]]
[2020.12.06-03.35.33:203][  0]LogConfig: Setting CVar [[s.LevelStreamingActorsUpdateTimeLimit:5.0]]
[2020.12.06-03.35.33:203][  0]LogConfig: Setting CVar [[s.PriorityLevelStreamingActorsUpdateExtraTime:5.0]]
[2020.12.06-03.35.33:203][  0]LogConfig: Setting CVar [[s.LevelStreamingComponentsRegistrationGranularity:10]]
[2020.12.06-03.35.33:203][  0]LogConfig: Setting CVar [[s.UnregisterComponentsTimeLimit:1.0]]
[2020.12.06-03.35.33:203][  0]LogConfig: Setting CVar [[s.LevelStreamingComponentsUnregistrationGranularity:5]]
[2020.12.06-03.35.33:203][  0]LogConfig: Setting CVar [[s.FlushStreamingOnExit:1]]
[2020.12.06-03.35.33:203][  0]LogConfig: Applying CVar settings from Section [/Script/Engine.GarbageCollectionSettings] File [E:/卒業制作/Fly_me_to_the_Moon/Saved/Config/Windows/Engine.ini]
[2020.12.06-03.35.33:203][  0]LogConfig: Setting CVar [[gc.MaxObjectsNotConsideredByGC:1]]
[2020.12.06-03.35.33:203][  0]LogConfig: Setting CVar [[gc.SizeOfPermanentObjectPool:0]]
[2020.12.06-03.35.33:204][  0]LogConfig: Setting CVar [[gc.FlushStreamingOnGC:0]]
[2020.12.06-03.35.33:204][  0]LogConfig: Setting CVar [[gc.NumRetriesBeforeForcingGC:10]]
[2020.12.06-03.35.33:204][  0]LogConfig: Setting CVar [[gc.AllowParallelGC:1]]
[2020.12.06-03.35.33:204][  0]LogConfig: Setting CVar [[gc.TimeBetweenPurgingPendingKillObjects:61.1]]
[2020.12.06-03.35.33:204][  0]LogConfig: Setting CVar [[gc.MaxObjectsInEditor:25165824]]
[2020.12.06-03.35.33:204][  0]LogConfig: Setting CVar [[gc.IncrementalBeginDestroyEnabled:1]]
[2020.12.06-03.35.33:204][  0]LogConfig: Setting CVar [[gc.CreateGCClusters:1]]
[2020.12.06-03.35.33:204][  0]LogConfig: Setting CVar [[gc.MinGCClusterSize:5]]
[2020.12.06-03.35.33:204][  0]LogConfig: Setting CVar [[gc.ActorClusteringEnabled:0]]
[2020.12.06-03.35.33:204][  0]LogConfig: Setting CVar [[gc.BlueprintClusteringEnabled:0]]
[2020.12.06-03.35.33:204][  0]LogConfig: Setting CVar [[gc.UseDisregardForGCOnDedicatedServers:0]]
[2020.12.06-03.35.33:204][  0]LogConfig: Applying CVar settings from Section [/Script/Engine.NetworkSettings] File [E:/卒業制作/Fly_me_to_the_Moon/Saved/Config/Windows/Engine.ini]
[2020.12.06-03.35.33:204][  0]LogConfig: Applying CVar settings from Section [/Script/UnrealEd.CookerSettings] File [E:/卒業制作/Fly_me_to_the_Moon/Saved/Config/Windows/Engine.ini]
[2020.12.06-03.35.33:208][  0]LogConfig: Applying CVar settings from Section [ViewDistanceQuality@3] File [E:/卒業制作/Fly_me_to_the_Moon/Saved/Config/Windows/Scalability.ini]
[2020.12.06-03.35.33:208][  0]LogConfig: Setting CVar [[r.SkeletalMeshLODBias:0]]
[2020.12.06-03.35.33:208][  0]LogConfig: Setting CVar [[r.ViewDistanceScale:1.0]]
[2020.12.06-03.35.33:208][  0]LogConfig: Applying CVar settings from Section [AntiAliasingQuality@3] File [E:/卒業制作/Fly_me_to_the_Moon/Saved/Config/Windows/Scalability.ini]
[2020.12.06-03.35.33:208][  0]LogConfig: Setting CVar [[r.PostProcessAAQuality:3]]
[2020.12.06-03.35.33:208][  0]LogConfig: Applying CVar settings from Section [ShadowQuality@3] File [E:/卒業制作/Fly_me_to_the_Moon/Saved/Config/Windows/Scalability.ini]
[2020.12.06-03.35.33:208][  0]LogConfig: Setting CVar [[r.LightFunctionQuality:1]]
[2020.12.06-03.35.33:208][  0]LogConfig: Setting CVar [[r.ShadowQuality:5]]
[2020.12.06-03.35.33:208][  0]LogConfig: Setting CVar [[r.Shadow.CSM.MaxCascades:10]]
[2020.12.06-03.35.33:208][  0]LogConfig: Setting CVar [[r.Shadow.MaxResolution:2048]]
[2020.12.06-03.35.33:208][  0]LogConfig: Setting CVar [[r.Shadow.MaxCSMResolution:2048]]
[2020.12.06-03.35.33:208][  0]LogConfig: Setting CVar [[r.Shadow.RadiusThreshold:0.01]]
[2020.12.06-03.35.33:208][  0]LogConfig: Setting CVar [[r.Shadow.DistanceScale:1.0]]
[2020.12.06-03.35.33:208][  0]LogConfig: Setting CVar [[r.Shadow.CSM.TransitionScale:1.0]]
[2020.12.06-03.35.33:208][  0]LogConfig: Setting CVar [[r.Shadow.PreShadowResolutionFactor:1.0]]
[2020.12.06-03.35.33:208][  0]LogConfig: Setting CVar [[r.DistanceFieldShadowing:1]]
[2020.12.06-03.35.33:208][  0]LogConfig: Setting CVar [[r.DistanceFieldAO:1]]
[2020.12.06-03.35.33:208][  0]LogConfig: Setting CVar [[r.AOQuality:2]]
[2020.12.06-03.35.33:208][  0]LogConfig: Setting CVar [[r.VolumetricFog:1]]
[2020.12.06-03.35.33:208][  0]LogConfig: Setting CVar [[r.VolumetricFog.GridPixelSize:8]]
[2020.12.06-03.35.33:208][  0]LogConfig: Setting CVar [[r.VolumetricFog.GridSizeZ:128]]
[2020.12.06-03.35.33:208][  0]LogConfig: Setting CVar [[r.VolumetricFog.HistoryMissSupersampleCount:4]]
[2020.12.06-03.35.33:208][  0]LogConfig: Setting CVar [[r.LightMaxDrawDistanceScale:1]]
[2020.12.06-03.35.33:208][  0]LogConfig: Setting CVar [[r.CapsuleShadows:1]]
[2020.12.06-03.35.33:208][  0]LogConfig: Applying CVar settings from Section [PostProcessQuality@3] File [E:/卒業制作/Fly_me_to_the_Moon/Saved/Config/Windows/Scalability.ini]
[2020.12.06-03.35.33:208][  0]LogConfig: Setting CVar [[r.MotionBlurQuality:0]]
[2020.12.06-03.35.33:208][  0]LogConfig: Setting CVar [[r.AmbientOcclusionMipLevelFactor:0.4]]
[2020.12.06-03.35.33:208][  0]LogConfig: Setting CVar [[r.AmbientOcclusionMaxQuality:100]]
[2020.12.06-03.35.33:208][  0]LogConfig: Setting CVar [[r.AmbientOcclusionLevels:0]]
[2020.12.06-03.35.33:208][  0]LogConfig: Setting CVar [[r.AmbientOcclusionRadiusScale:1.0]]
[2020.12.06-03.35.33:208][  0]LogConfig: Setting CVar [[r.DepthOfFieldQuality:0]]
[2020.12.06-03.35.33:208][  0]LogConfig: Setting CVar [[r.RenderTargetPoolMin:400]]
[2020.12.06-03.35.33:208][  0]LogConfig: Setting CVar [[r.LensFlareQuality:0]]
[2020.12.06-03.35.33:208][  0]LogConfig: Setting CVar [[r.SceneColorFringeQuality:0]]
[2020.12.06-03.35.33:208][  0]LogConfig: Setting CVar [[r.EyeAdaptationQuality:2]]
[2020.12.06-03.35.33:208][  0]LogConfig: Setting CVar [[r.BloomQuality:1]]
[2020.12.06-03.35.33:208][  0]LogConfig: Setting CVar [[r.FastBlurThreshold:0]]
[2020.12.06-03.35.33:208][  0]LogConfig: Setting CVar [[r.Upscale.Quality:3]]
[2020.12.06-03.35.33:208][  0]LogConfig: Setting CVar [[r.Tonemapper.GrainQuantization:1]]
[2020.12.06-03.35.33:208][  0]LogConfig: Setting CVar [[r.LightShaftQuality:1]]
[2020.12.06-03.35.33:208][  0]LogConfig: Setting CVar [[r.Filter.SizeScale:1]]
[2020.12.06-03.35.33:208][  0]LogConfig: Setting CVar [[r.Tonemapper.Quality:5]]
[2020.12.06-03.35.33:208][  0]LogConfig: Setting CVar [[r.DOF.Gather.AccumulatorQuality:1        ; higher gathering accumulator quality]]
[2020.12.06-03.35.33:208][  0]LogConfig: Setting CVar [[r.DOF.Gather.PostfilterMethod:1          ; Median3x3 postfilering method]]
[2020.12.06-03.35.33:208][  0]LogConfig: Setting CVar [[r.DOF.Gather.EnableBokehSettings:0       ; no bokeh simulation when gathering]]
[2020.12.06-03.35.33:208][  0]LogConfig: Setting CVar [[r.DOF.Gather.RingCount:4                 ; medium number of samples when gathering]]
[2020.12.06-03.35.33:208][  0]LogConfig: Setting CVar [[r.DOF.Scatter.ForegroundCompositing:1    ; additive foreground scattering]]
[2020.12.06-03.35.33:208][  0]LogConfig: Setting CVar [[r.DOF.Scatter.BackgroundCompositing:2    ; additive background scattering]]
[2020.12.06-03.35.33:208][  0]LogConfig: Setting CVar [[r.DOF.Scatter.EnableBokehSettings:1      ; bokeh simulation when scattering]]
[2020.12.06-03.35.33:208][  0]LogConfig: Setting CVar [[r.DOF.Scatter.MaxSpriteRatio:0.1         ; only a maximum of 10% of scattered bokeh]]
[2020.12.06-03.35.33:208][  0]LogConfig: Setting CVar [[r.DOF.Recombine.Quality:1                ; cheap slight out of focus]]
[2020.12.06-03.35.33:208][  0]LogConfig: Setting CVar [[r.DOF.Recombine.EnableBokehSettings:0    ; no bokeh simulation on slight out of focus]]
[2020.12.06-03.35.33:208][  0]LogConfig: Setting CVar [[r.DOF.TemporalAAQuality:1                ; more stable temporal accumulation]]
[2020.12.06-03.35.33:208][  0]LogConfig: Setting CVar [[r.DOF.Kernel.MaxForegroundRadius:0.025]]
[2020.12.06-03.35.33:208][  0]LogConfig: Setting CVar [[r.DOF.Kernel.MaxBackgroundRadius:0.025]]
[2020.12.06-03.35.33:208][  0]LogConfig: Applying CVar settings from Section [TextureQuality@3] File [E:/卒業制作/Fly_me_to_the_Moon/Saved/Config/Windows/Scalability.ini]
[2020.12.06-03.35.33:208][  0]LogConfig: Setting CVar [[r.Streaming.MipBias:0]]
[2020.12.06-03.35.33:208][  0]LogConfig: Setting CVar [[r.Streaming.AmortizeCPUToGPUCopy:0]]
[2020.12.06-03.35.33:208][  0]LogConfig: Setting CVar [[r.Streaming.MaxNumTexturesToStreamPerFrame:0]]
[2020.12.06-03.35.33:208][  0]LogConfig: Setting CVar [[r.Streaming.Boost:1]]
[2020.12.06-03.35.33:208][  0]LogConfig: Setting CVar [[r.MaxAnisotropy:8]]
[2020.12.06-03.35.33:208][  0]LogConfig: Setting CVar [[r.VT.MaxAnisotropy:8]]
[2020.12.06-03.35.33:208][  0]LogConfig: Setting CVar [[r.Streaming.LimitPoolSizeToVRAM:0]]
[2020.12.06-03.35.33:208][  0]LogConfig: Setting CVar [[r.Streaming.PoolSize:1000]]
[2020.12.06-03.35.33:208][  0]LogConfig: Setting CVar [[r.Streaming.MaxEffectiveScreenSize:0]]
[2020.12.06-03.35.33:208][  0]LogConfig: Applying CVar settings from Section [EffectsQuality@3] File [E:/卒業制作/Fly_me_to_the_Moon/Saved/Config/Windows/Scalability.ini]
[2020.12.06-03.35.33:208][  0]LogConfig: Setting CVar [[r.TranslucencyLightingVolumeDim:4]]
[2020.12.06-03.35.33:208][  0]LogConfig: Setting CVar [[r.RefractionQuality:2]]
[2020.12.06-03.35.33:208][  0]LogConfig: Setting CVar [[r.SSR.Quality:0]]
[2020.12.06-03.35.33:208][  0]LogConfig: Setting CVar [[r.SSR.HalfResSceneColor:0]]
[2020.12.06-03.35.33:208][  0]LogConfig: Setting CVar [[r.SceneColorFormat:2]]
[2020.12.06-03.35.33:208][  0]LogConfig: Setting CVar [[r.DetailMode:2]]
[2020.12.06-03.35.33:208][  0]LogConfig: Setting CVar [[r.TranslucencyVolumeBlur:0]]
[2020.12.06-03.35.33:208][  0]LogConfig: Setting CVar [[r.MaterialQualityLevel:1 ; High quality]]
[2020.12.06-03.35.33:209][  0]LogConfig: Setting CVar [[r.SSS.Scale:1]]
[2020.12.06-03.35.33:209][  0]LogConfig: Setting CVar [[r.SSS.SampleSet:2]]
[2020.12.06-03.35.33:209][  0]LogConfig: Setting CVar [[r.SSS.Quality:1]]
[2020.12.06-03.35.33:209][  0]LogConfig: Setting CVar [[r.SSS.HalfRes:0]]
[2020.12.06-03.35.33:209][  0]LogConfig: Setting CVar [[r.SSGI.Quality:3]]
[2020.12.06-03.35.33:209][  0]LogConfig: Setting CVar [[r.EmitterSpawnRateScale:1.0]]
[2020.12.06-03.35.33:209][  0]LogConfig: Setting CVar [[r.ParticleLightQuality:2]]
[2020.12.06-03.35.33:209][  0]LogConfig: Setting CVar [[r.SkyAtmosphere.AerialPerspectiveLUT.FastApplyOnOpaque:1 ; Always have FastSkyLUT 1 in this case to avoid wrong sky]]
[2020.12.06-03.35.33:209][  0]LogConfig: Setting CVar [[r.SkyAtmosphere.AerialPerspectiveLUT.SampleCountPerSlice:1]]
[2020.12.06-03.35.33:209][  0]LogConfig: Setting CVar [[r.SkyAtmosphere.AerialPerspectiveLUT.DepthResolution:16.0]]
[2020.12.06-03.35.33:209][  0]LogConfig: Setting CVar [[r.SkyAtmosphere.FastSkyLUT:1]]
[2020.12.06-03.35.33:209][  0]LogConfig: Setting CVar [[r.SkyAtmosphere.FastSkyLUT.SampleCountMin:4.0]]
[2020.12.06-03.35.33:209][  0]LogConfig: Setting CVar [[r.SkyAtmosphere.FastSkyLUT.SampleCountMax:32.0]]
[2020.12.06-03.35.33:209][  0]LogConfig: Setting CVar [[r.SkyAtmosphere.SampleCountMin:4.0]]
[2020.12.06-03.35.33:209][  0]LogConfig: Setting CVar [[r.SkyAtmosphere.SampleCountMax:32.0]]
[2020.12.06-03.35.33:209][  0]LogConfig: Setting CVar [[r.SkyAtmosphere.TransmittanceLUT.UseSmallFormat:0]]
[2020.12.06-03.35.33:209][  0]LogConfig: Setting CVar [[r.SkyAtmosphere.TransmittanceLUT.SampleCount:10.0]]
[2020.12.06-03.35.33:209][  0]LogConfig: Setting CVar [[r.SkyAtmosphere.MultiScatteringLUT.SampleCount:15.0]]
[2020.12.06-03.35.33:209][  0]LogConfig: Applying CVar settings from Section [FoliageQuality@3] File [E:/卒業制作/Fly_me_to_the_Moon/Saved/Config/Windows/Scalability.ini]
[2020.12.06-03.35.33:209][  0]LogConfig: Setting CVar [[foliage.DensityScale:1.0]]
[2020.12.06-03.35.33:209][  0]LogConfig: Setting CVar [[grass.DensityScale:1.0]]
[2020.12.06-03.35.33:209][  0]LogConfig: Applying CVar settings from Section [ShadingQuality@3] File [E:/卒業制作/Fly_me_to_the_Moon/Saved/Config/Windows/Scalability.ini]
[2020.12.06-03.35.33:209][  0]LogConfig: Setting CVar [[r.HairStrands.SkyLighting.SampleCount:16]]
[2020.12.06-03.35.33:209][  0]LogConfig: Setting CVar [[r.HairStrands.SkyLighting.JitterIntegration:0]]
[2020.12.06-03.35.33:209][  0]LogConfig: Setting CVar [[r.HairStrands.SkyAO.SampleCount:16]]
[2020.12.06-03.35.33:209][  0]LogConfig: Setting CVar [[r.HairStrands.DeepShadow.SuperSampling:0]]
[2020.12.06-03.35.33:209][  0]LogConfig: Setting CVar [[r.HairStrands.VisibilityPPLL:0]]
[2020.12.06-03.35.33:209][  0]LogConfig: Setting CVar [[r.HairStrands.RasterizationScale:0.5]]
[2020.12.06-03.35.33:209][  0]LogConfig: Setting CVar [[r.HairStrands.VelocityRasterizationScale:1]]
[2020.12.06-03.35.33:209][  0]LogInit: Selected Device Profile: [Windows]
[2020.12.06-03.35.33:209][  0]LogInit: Applying CVar settings loaded from the selected device profile: [Windows]
[2020.12.06-03.35.33:209][  0]LogHAL: Display: Platform has ~ 32 GB [34318204928 / 34359738368 / 32], which maps to Largest [LargestMinGB=32, LargerMinGB=12, DefaultMinGB=8, SmallerMinGB=6, SmallestMinGB=0)
[2020.12.06-03.35.33:209][  0]LogInit: Going up to parent DeviceProfile []
[2020.12.06-03.35.33:209][  0]LogConfig: Applying CVar settings from Section [ViewDistanceQuality@3] File [E:/卒業制作/Fly_me_to_the_Moon/Saved/Config/Windows/Scalability.ini]
[2020.12.06-03.35.33:209][  0]LogConfig: Setting CVar [[r.SkeletalMeshLODBias:0]]
[2020.12.06-03.35.33:209][  0]LogConfig: Setting CVar [[r.ViewDistanceScale:1.0]]
[2020.12.06-03.35.33:209][  0]LogConfig: Applying CVar settings from Section [AntiAliasingQuality@3] File [E:/卒業制作/Fly_me_to_the_Moon/Saved/Config/Windows/Scalability.ini]
[2020.12.06-03.35.33:209][  0]LogConfig: Setting CVar [[r.PostProcessAAQuality:3]]
[2020.12.06-03.35.33:209][  0]LogConfig: Applying CVar settings from Section [ShadowQuality@3] File [E:/卒業制作/Fly_me_to_the_Moon/Saved/Config/Windows/Scalability.ini]
[2020.12.06-03.35.33:209][  0]LogConfig: Setting CVar [[r.LightFunctionQuality:1]]
[2020.12.06-03.35.33:209][  0]LogConfig: Setting CVar [[r.ShadowQuality:5]]
[2020.12.06-03.35.33:209][  0]LogConfig: Setting CVar [[r.Shadow.CSM.MaxCascades:10]]
[2020.12.06-03.35.33:209][  0]LogConfig: Setting CVar [[r.Shadow.MaxResolution:2048]]
[2020.12.06-03.35.33:209][  0]LogConfig: Setting CVar [[r.Shadow.MaxCSMResolution:2048]]
[2020.12.06-03.35.33:209][  0]LogConfig: Setting CVar [[r.Shadow.RadiusThreshold:0.01]]
[2020.12.06-03.35.33:209][  0]LogConfig: Setting CVar [[r.Shadow.DistanceScale:1.0]]
[2020.12.06-03.35.33:209][  0]LogConfig: Setting CVar [[r.Shadow.CSM.TransitionScale:1.0]]
[2020.12.06-03.35.33:209][  0]LogConfig: Setting CVar [[r.Shadow.PreShadowResolutionFactor:1.0]]
[2020.12.06-03.35.33:209][  0]LogConfig: Setting CVar [[r.DistanceFieldShadowing:1]]
[2020.12.06-03.35.33:209][  0]LogConfig: Setting CVar [[r.DistanceFieldAO:1]]
[2020.12.06-03.35.33:209][  0]LogConfig: Setting CVar [[r.AOQuality:2]]
[2020.12.06-03.35.33:209][  0]LogConfig: Setting CVar [[r.VolumetricFog:1]]
[2020.12.06-03.35.33:209][  0]LogConfig: Setting CVar [[r.VolumetricFog.GridPixelSize:8]]
[2020.12.06-03.35.33:209][  0]LogConfig: Setting CVar [[r.VolumetricFog.GridSizeZ:128]]
[2020.12.06-03.35.33:209][  0]LogConfig: Setting CVar [[r.VolumetricFog.HistoryMissSupersampleCount:4]]
[2020.12.06-03.35.33:209][  0]LogConfig: Setting CVar [[r.LightMaxDrawDistanceScale:1]]
[2020.12.06-03.35.33:209][  0]LogConfig: Setting CVar [[r.CapsuleShadows:1]]
[2020.12.06-03.35.33:209][  0]LogConfig: Applying CVar settings from Section [PostProcessQuality@3] File [E:/卒業制作/Fly_me_to_the_Moon/Saved/Config/Windows/Scalability.ini]
[2020.12.06-03.35.33:209][  0]LogConfig: Setting CVar [[r.MotionBlurQuality:0]]
[2020.12.06-03.35.33:209][  0]LogConfig: Setting CVar [[r.AmbientOcclusionMipLevelFactor:0.4]]
[2020.12.06-03.35.33:209][  0]LogConfig: Setting CVar [[r.AmbientOcclusionMaxQuality:100]]
[2020.12.06-03.35.33:209][  0]LogConfig: Setting CVar [[r.AmbientOcclusionLevels:0]]
[2020.12.06-03.35.33:209][  0]LogConfig: Setting CVar [[r.AmbientOcclusionRadiusScale:1.0]]
[2020.12.06-03.35.33:209][  0]LogConfig: Setting CVar [[r.DepthOfFieldQuality:0]]
[2020.12.06-03.35.33:209][  0]LogConfig: Setting CVar [[r.RenderTargetPoolMin:400]]
[2020.12.06-03.35.33:209][  0]LogConfig: Setting CVar [[r.LensFlareQuality:0]]
[2020.12.06-03.35.33:209][  0]LogConfig: Setting CVar [[r.SceneColorFringeQuality:0]]
[2020.12.06-03.35.33:209][  0]LogConfig: Setting CVar [[r.EyeAdaptationQuality:2]]
[2020.12.06-03.35.33:209][  0]LogConfig: Setting CVar [[r.BloomQuality:1]]
[2020.12.06-03.35.33:209][  0]LogConfig: Setting CVar [[r.FastBlurThreshold:0]]
[2020.12.06-03.35.33:209][  0]LogConfig: Setting CVar [[r.Upscale.Quality:3]]
[2020.12.06-03.35.33:209][  0]LogConfig: Setting CVar [[r.Tonemapper.GrainQuantization:1]]
[2020.12.06-03.35.33:209][  0]LogConfig: Setting CVar [[r.LightShaftQuality:1]]
[2020.12.06-03.35.33:209][  0]LogConfig: Setting CVar [[r.Filter.SizeScale:1]]
[2020.12.06-03.35.33:209][  0]LogConfig: Setting CVar [[r.Tonemapper.Quality:5]]
[2020.12.06-03.35.33:209][  0]LogConfig: Setting CVar [[r.DOF.Gather.AccumulatorQuality:1        ; higher gathering accumulator quality]]
[2020.12.06-03.35.33:209][  0]LogConfig: Setting CVar [[r.DOF.Gather.PostfilterMethod:1          ; Median3x3 postfilering method]]
[2020.12.06-03.35.33:209][  0]LogConfig: Setting CVar [[r.DOF.Gather.EnableBokehSettings:0       ; no bokeh simulation when gathering]]
[2020.12.06-03.35.33:209][  0]LogConfig: Setting CVar [[r.DOF.Gather.RingCount:4                 ; medium number of samples when gathering]]
[2020.12.06-03.35.33:209][  0]LogConfig: Setting CVar [[r.DOF.Scatter.ForegroundCompositing:1    ; additive foreground scattering]]
[2020.12.06-03.35.33:209][  0]LogConfig: Setting CVar [[r.DOF.Scatter.BackgroundCompositing:2    ; additive background scattering]]
[2020.12.06-03.35.33:209][  0]LogConfig: Setting CVar [[r.DOF.Scatter.EnableBokehSettings:1      ; bokeh simulation when scattering]]
[2020.12.06-03.35.33:210][  0]LogConfig: Setting CVar [[r.DOF.Scatter.MaxSpriteRatio:0.1         ; only a maximum of 10% of scattered bokeh]]
[2020.12.06-03.35.33:210][  0]LogConfig: Setting CVar [[r.DOF.Recombine.Quality:1                ; cheap slight out of focus]]
[2020.12.06-03.35.33:210][  0]LogConfig: Setting CVar [[r.DOF.Recombine.EnableBokehSettings:0    ; no bokeh simulation on slight out of focus]]
[2020.12.06-03.35.33:210][  0]LogConfig: Setting CVar [[r.DOF.TemporalAAQuality:1                ; more stable temporal accumulation]]
[2020.12.06-03.35.33:210][  0]LogConfig: Setting CVar [[r.DOF.Kernel.MaxForegroundRadius:0.025]]
[2020.12.06-03.35.33:210][  0]LogConfig: Setting CVar [[r.DOF.Kernel.MaxBackgroundRadius:0.025]]
[2020.12.06-03.35.33:210][  0]LogConfig: Applying CVar settings from Section [TextureQuality@3] File [E:/卒業制作/Fly_me_to_the_Moon/Saved/Config/Windows/Scalability.ini]
[2020.12.06-03.35.33:210][  0]LogConfig: Setting CVar [[r.Streaming.MipBias:0]]
[2020.12.06-03.35.33:210][  0]LogConfig: Setting CVar [[r.Streaming.AmortizeCPUToGPUCopy:0]]
[2020.12.06-03.35.33:210][  0]LogConfig: Setting CVar [[r.Streaming.MaxNumTexturesToStreamPerFrame:0]]
[2020.12.06-03.35.33:210][  0]LogConfig: Setting CVar [[r.Streaming.Boost:1]]
[2020.12.06-03.35.33:210][  0]LogConfig: Setting CVar [[r.MaxAnisotropy:8]]
[2020.12.06-03.35.33:210][  0]LogConfig: Setting CVar [[r.VT.MaxAnisotropy:8]]
[2020.12.06-03.35.33:210][  0]LogConfig: Setting CVar [[r.Streaming.LimitPoolSizeToVRAM:0]]
[2020.12.06-03.35.33:210][  0]LogConfig: Setting CVar [[r.Streaming.PoolSize:1000]]
[2020.12.06-03.35.33:210][  0]LogConfig: Setting CVar [[r.Streaming.MaxEffectiveScreenSize:0]]
[2020.12.06-03.35.33:210][  0]LogConfig: Applying CVar settings from Section [EffectsQuality@3] File [E:/卒業制作/Fly_me_to_the_Moon/Saved/Config/Windows/Scalability.ini]
[2020.12.06-03.35.33:210][  0]LogConfig: Setting CVar [[r.TranslucencyLightingVolumeDim:4]]
[2020.12.06-03.35.33:210][  0]LogConfig: Setting CVar [[r.RefractionQuality:2]]
[2020.12.06-03.35.33:210][  0]LogConfig: Setting CVar [[r.SSR.Quality:0]]
[2020.12.06-03.35.33:210][  0]LogConfig: Setting CVar [[r.SSR.HalfResSceneColor:0]]
[2020.12.06-03.35.33:210][  0]LogConfig: Setting CVar [[r.SceneColorFormat:2]]
[2020.12.06-03.35.33:210][  0]LogConfig: Setting CVar [[r.DetailMode:2]]
[2020.12.06-03.35.33:210][  0]LogConfig: Setting CVar [[r.TranslucencyVolumeBlur:0]]
[2020.12.06-03.35.33:210][  0]LogConfig: Setting CVar [[r.MaterialQualityLevel:1 ; High quality]]
[2020.12.06-03.35.33:210][  0]LogConfig: Setting CVar [[r.SSS.Scale:1]]
[2020.12.06-03.35.33:210][  0]LogConfig: Setting CVar [[r.SSS.SampleSet:2]]
[2020.12.06-03.35.33:210][  0]LogConfig: Setting CVar [[r.SSS.Quality:1]]
[2020.12.06-03.35.33:210][  0]LogConfig: Setting CVar [[r.SSS.HalfRes:0]]
[2020.12.06-03.35.33:210][  0]LogConfig: Setting CVar [[r.SSGI.Quality:3]]
[2020.12.06-03.35.33:210][  0]LogConfig: Setting CVar [[r.EmitterSpawnRateScale:1.0]]
[2020.12.06-03.35.33:210][  0]LogConfig: Setting CVar [[r.ParticleLightQuality:2]]
[2020.12.06-03.35.33:210][  0]LogConfig: Setting CVar [[r.SkyAtmosphere.AerialPerspectiveLUT.FastApplyOnOpaque:1 ; Always have FastSkyLUT 1 in this case to avoid wrong sky]]
[2020.12.06-03.35.33:210][  0]LogConfig: Setting CVar [[r.SkyAtmosphere.AerialPerspectiveLUT.SampleCountPerSlice:1]]
[2020.12.06-03.35.33:210][  0]LogConfig: Setting CVar [[r.SkyAtmosphere.AerialPerspectiveLUT.DepthResolution:16.0]]
[2020.12.06-03.35.33:210][  0]LogConfig: Setting CVar [[r.SkyAtmosphere.FastSkyLUT:1]]
[2020.12.06-03.35.33:210][  0]LogConfig: Setting CVar [[r.SkyAtmosphere.FastSkyLUT.SampleCountMin:4.0]]
[2020.12.06-03.35.33:210][  0]LogConfig: Setting CVar [[r.SkyAtmosphere.FastSkyLUT.SampleCountMax:32.0]]
[2020.12.06-03.35.33:210][  0]LogConfig: Setting CVar [[r.SkyAtmosphere.SampleCountMin:4.0]]
[2020.12.06-03.35.33:210][  0]LogConfig: Setting CVar [[r.SkyAtmosphere.SampleCountMax:32.0]]
[2020.12.06-03.35.33:210][  0]LogConfig: Setting CVar [[r.SkyAtmosphere.TransmittanceLUT.UseSmallFormat:0]]
[2020.12.06-03.35.33:210][  0]LogConfig: Setting CVar [[r.SkyAtmosphere.TransmittanceLUT.SampleCount:10.0]]
[2020.12.06-03.35.33:210][  0]LogConfig: Setting CVar [[r.SkyAtmosphere.MultiScatteringLUT.SampleCount:15.0]]
[2020.12.06-03.35.33:210][  0]LogConfig: Applying CVar settings from Section [FoliageQuality@3] File [E:/卒業制作/Fly_me_to_the_Moon/Saved/Config/Windows/Scalability.ini]
[2020.12.06-03.35.33:210][  0]LogConfig: Setting CVar [[foliage.DensityScale:1.0]]
[2020.12.06-03.35.33:210][  0]LogConfig: Setting CVar [[grass.DensityScale:1.0]]
[2020.12.06-03.35.33:210][  0]LogConfig: Applying CVar settings from Section [ShadingQuality@3] File [E:/卒業制作/Fly_me_to_the_Moon/Saved/Config/Windows/Scalability.ini]
[2020.12.06-03.35.33:210][  0]LogConfig: Setting CVar [[r.HairStrands.SkyLighting.SampleCount:16]]
[2020.12.06-03.35.33:210][  0]LogConfig: Setting CVar [[r.HairStrands.SkyLighting.JitterIntegration:0]]
[2020.12.06-03.35.33:210][  0]LogConfig: Setting CVar [[r.HairStrands.SkyAO.SampleCount:16]]
[2020.12.06-03.35.33:210][  0]LogConfig: Setting CVar [[r.HairStrands.DeepShadow.SuperSampling:0]]
[2020.12.06-03.35.33:210][  0]LogConfig: Setting CVar [[r.HairStrands.VisibilityPPLL:0]]
[2020.12.06-03.35.33:210][  0]LogConfig: Setting CVar [[r.HairStrands.RasterizationScale:0.5]]
[2020.12.06-03.35.33:210][  0]LogConfig: Setting CVar [[r.HairStrands.VelocityRasterizationScale:1]]
[2020.12.06-03.35.33:210][  0]LogConfig: Applying CVar settings from Section [Startup] File [../../../Engine/Config/ConsoleVariables.ini]
[2020.12.06-03.35.33:210][  0]LogConfig: Setting CVar [[net.UseAdaptiveNetUpdateFrequency:0]]
[2020.12.06-03.35.33:210][  0]LogConfig: Setting CVar [[p.chaos.AllowCreatePhysxBodies:1]]
[2020.12.06-03.35.33:210][  0]LogConfig: Setting CVar [[fx.SkipVectorVMBackendOptimizations:1]]
[2020.12.06-03.35.33:210][  0]LogConfig: Applying CVar settings from Section [ConsoleVariables] File [E:/卒業制作/Fly_me_to_the_Moon/Saved/Config/Windows/Engine.ini]
[2020.12.06-03.35.33:210][  0]LogInit: Computer: DESKTOP-KQ5BGA2
[2020.12.06-03.35.33:210][  0]LogInit: User: mikan
[2020.12.06-03.35.33:210][  0]LogInit: CPU Page size=4096, Cores=6
[2020.12.06-03.35.33:210][  0]LogInit: High frequency timer resolution =10.000000 MHz
[2020.12.06-03.35.33:210][  0]LogMemory: Memory total: Physical=32.0GB (32GB approx)
[2020.12.06-03.35.33:211][  0]LogMemory: Platform Memory Stats for Windows
[2020.12.06-03.35.33:211][  0]LogMemory: Process Physical Memory: 116.49 MB used, 116.49 MB peak
[2020.12.06-03.35.33:211][  0]LogMemory: Process Virtual Memory: 102.34 MB used, 102.34 MB peak
[2020.12.06-03.35.33:211][  0]LogMemory: Physical Memory: 7182.34 MB used,  25546.05 MB free, 32728.39 MB total
[2020.12.06-03.35.33:211][  0]LogMemory: Virtual Memory: 5171.04 MB used,  134212560.00 MB free, 134217728.00 MB total
[2020.12.06-03.35.33:216][  0]LogWindows: WindowsPlatformFeatures enabled
[2020.12.06-03.35.33:263][  0]LogInit: Physics initialised using underlying interface: PhysX
[2020.12.06-03.35.33:264][  0]LogInit: Using OS detected language (ja-JP).
[2020.12.06-03.35.33:264][  0]LogInit: Using OS detected locale (ja-JP).
[2020.12.06-03.35.33:266][  0]LogTextLocalizationManager: No specific localization for 'ja-JP' exists, so the 'ja' localization will be used.
[2020.12.06-03.35.33:338][  0]LogInit: Setting process to per monitor DPI aware
[2020.12.06-03.35.33:390][  0]LogSlate: New Slate User Created.  User Index 0, Is Virtual User: 0
[2020.12.06-03.35.33:391][  0]LogSlate: Slate User Registered.  User Index 0, Is Virtual User: 0
[2020.12.06-03.35.33:482][  0]LogHMD: Failed to initialize OpenVR with code 110
[2020.12.06-03.35.33:482][  0]LogD3D11RHI: D3D11 min allowed feature level: 11_0
[2020.12.06-03.35.33:482][  0]LogD3D11RHI: D3D11 max allowed feature level: 11_0
[2020.12.06-03.35.33:482][  0]LogD3D11RHI: D3D11 adapters:
[2020.12.06-03.35.33:531][  0]LogD3D11RHI:    0. 'NVIDIA GeForce GTX 1070 Ti' (Feature Level 11_0)
[2020.12.06-03.35.33:532][  0]LogD3D11RHI:       8079/0/16364 MB DedicatedVideo/DedicatedSystem/SharedSystem, Outputs:2, VendorId:0x10de
[2020.12.06-03.35.33:534][  0]LogD3D11RHI:    1. 'Microsoft Basic Render Driver' (Feature Level 11_0)
[2020.12.06-03.35.33:534][  0]LogD3D11RHI:       0/0/16364 MB DedicatedVideo/DedicatedSystem/SharedSystem, Outputs:0, VendorId:0x1414
[2020.12.06-03.35.33:534][  0]LogD3D11RHI: Chosen D3D11 Adapter: 0
[2020.12.06-03.35.33:540][  0]LogD3D11RHI: Creating new Direct3DDevice
[2020.12.06-03.35.33:540][  0]LogD3D11RHI:     GPU DeviceId: 0x1b82 (for the marketing name, search the web for "GPU Device Id")
[2020.12.06-03.35.33:540][  0]LogWindows: EnumDisplayDevices:
[2020.12.06-03.35.33:540][  0]LogWindows:    0. 'NVIDIA GeForce GTX 1070 Ti' (P:1 D:1)
[2020.12.06-03.35.33:540][  0]LogWindows:    1. 'NVIDIA GeForce GTX 1070 Ti' (P:0 D:1)
[2020.12.06-03.35.33:540][  0]LogWindows:    2. 'NVIDIA GeForce GTX 1070 Ti' (P:0 D:0)
[2020.12.06-03.35.33:540][  0]LogWindows:    3. 'NVIDIA GeForce GTX 1070 Ti' (P:0 D:0)
[2020.12.06-03.35.33:541][  0]LogWindows: DebugString: FoundDriverCount:4 
[2020.12.06-03.35.33:541][  0]LogD3D11RHI:     Adapter Name: NVIDIA GeForce GTX 1070 Ti
[2020.12.06-03.35.33:541][  0]LogD3D11RHI:   Driver Version: 457.51 (internal:27.21.14.5751, unified:457.51)
[2020.12.06-03.35.33:541][  0]LogD3D11RHI:      Driver Date: 11-22-2020
[2020.12.06-03.35.33:541][  0]LogRHI: Texture pool is 5655 MB (70% of 8079 MB)
[2020.12.06-03.35.33:575][  0]LogD3D11RHI: RHI has support for 64 bit atomics
[2020.12.06-03.35.33:577][  0]LogD3D11RHI: [Aftermath] Enabled and primed
[2020.12.06-03.35.33:577][  0]LogD3D11RHI: Async texture creation enabled
[2020.12.06-03.35.33:577][  0]LogD3D11RHI: Array index from any shader is supported
[2020.12.06-03.35.33:604][  0]LogD3D11RHI: GPU Timing Frequency: 1000.000000 (Debug: 2 1)
[2020.12.06-03.35.33:930][  0]LogTargetPlatformManager: Display: Loaded TargetPlatform 'AllDesktop'
[2020.12.06-03.35.33:947][  0]LogTargetPlatformManager: Display: Loaded TargetPlatform 'Android'
[2020.12.06-03.35.33:947][  0]LogTargetPlatformManager: Display: Loaded TargetPlatform 'Android_ASTC'
[2020.12.06-03.35.33:947][  0]LogTargetPlatformManager: Display: Loaded TargetPlatform 'Android_DXT'
[2020.12.06-03.35.33:947][  0]LogTargetPlatformManager: Display: Loaded TargetPlatform 'Android_ETC2'
[2020.12.06-03.35.33:947][  0]LogTargetPlatformManager: Display: Loaded TargetPlatform 'AndroidClient'
[2020.12.06-03.35.33:947][  0]LogTargetPlatformManager: Display: Loaded TargetPlatform 'Android_ASTCClient'
[2020.12.06-03.35.33:947][  0]LogTargetPlatformManager: Display: Loaded TargetPlatform 'Android_DXTClient'
[2020.12.06-03.35.33:947][  0]LogTargetPlatformManager: Display: Loaded TargetPlatform 'Android_ETC2Client'
[2020.12.06-03.35.33:947][  0]LogTargetPlatformManager: Display: Loaded TargetPlatform 'Android_Multi'
[2020.12.06-03.35.33:947][  0]LogTargetPlatformManager: Display: Loaded TargetPlatform 'Android_MultiClient'
[2020.12.06-03.35.33:968][  0]LogTargetPlatformManager: Display: Loaded TargetPlatform 'IOSClient'
[2020.12.06-03.35.33:968][  0]LogTargetPlatformManager: Display: Loaded TargetPlatform 'IOS'
[2020.12.06-03.35.33:976][  0]LogTargetPlatformManager: Display: Loaded TargetPlatform 'Linux'
[2020.12.06-03.35.33:984][  0]LogTargetPlatformManager: Display: Loaded TargetPlatform 'LinuxNoEditor'
[2020.12.06-03.35.33:993][  0]LogTargetPlatformManager: Display: Loaded TargetPlatform 'LinuxClient'
[2020.12.06-03.35.34:002][  0]LogTargetPlatformManager: Display: Loaded TargetPlatform 'LinuxServer'
[2020.12.06-03.35.34:010][  0]LogTargetPlatformManager: Display: Loaded TargetPlatform 'LinuxAArch64NoEditor'
[2020.12.06-03.35.34:018][  0]LogTargetPlatformManager: Display: Loaded TargetPlatform 'LinuxAArch64Client'
[2020.12.06-03.35.34:027][  0]LogTargetPlatformManager: Display: Loaded TargetPlatform 'LinuxAArch64Server'
[2020.12.06-03.35.34:052][  0]LogTargetPlatformManager: Display: Loaded TargetPlatform 'Lumin'
[2020.12.06-03.35.34:052][  0]LogTargetPlatformManager: Display: Loaded TargetPlatform 'LuminClient'
[2020.12.06-03.35.34:065][  0]LogTargetPlatformManager: Display: Loaded TargetPlatform 'TVOSClient'
[2020.12.06-03.35.34:065][  0]LogTargetPlatformManager: Display: Loaded TargetPlatform 'TVOS'
[2020.12.06-03.35.34:073][  0]LogTargetPlatformManager: Display: Loaded TargetPlatform 'WindowsNoEditor'
[2020.12.06-03.35.34:081][  0]LogTargetPlatformManager: Display: Loaded TargetPlatform 'Windows'
[2020.12.06-03.35.34:089][  0]LogTargetPlatformManager: Display: Loaded TargetPlatform 'WindowsClient'
[2020.12.06-03.35.34:098][  0]LogTargetPlatformManager: Display: Loaded TargetPlatform 'WindowsServer'
[2020.12.06-03.35.34:098][  0]LogTargetPlatformManager: Display: Building Assets For Windows
[2020.12.06-03.35.34:105][  0]LogAudioDebug: Display: Lib vorbis DLL was dynamically loaded.
[2020.12.06-03.35.34:159][  0]LogShaderCompilers: Guid format shader working directory is 11 characters bigger than the processId version (../../../../卒業制作/Fly_me_to_the_Moon/Intermediate/Shaders/WorkingDirectory/5416/).
[2020.12.06-03.35.34:159][  0]LogShaderCompilers: Cleaned the shader compiler working directory 'C:/Users/mikan/AppData/Local/Temp/UnrealShaderWorkingDir/10CB256D40E35BEE709E5D91CFD74804/'.
[2020.12.06-03.35.34:159][  0]LogXGEController: Cleaning working directory: C:/Users/mikan/AppData/Local/Temp/UnrealXGEWorkingDir/
[2020.12.06-03.35.34:159][  0]LogXGEController: Cannot use XGE Controller as Incredibuild is not installed on this machine.
[2020.12.06-03.35.34:159][  0]LogShaderCompilers: Cannot use XGE Shader Compiler as Incredibuild is not installed on this machine.
[2020.12.06-03.35.34:159][  0]LogShaderCompilers: Display: Using Local Shader Compiler.
[2020.12.06-03.35.34:803][  0]LogDerivedDataCache: Display: Max Cache Size: 512 MB
[2020.12.06-03.35.34:859][  0]LogDerivedDataCache: Loaded boot cache 0.06s 106MB C:/Users/mikan/AppData/Local/UnrealEngine/4.25/DerivedDataCache/Boot.ddc.
[2020.12.06-03.35.34:859][  0]LogDerivedDataCache: Display: Loaded Boot cache: C:/Users/mikan/AppData/Local/UnrealEngine/4.25/DerivedDataCache/Boot.ddc
[2020.12.06-03.35.34:859][  0]LogDerivedDataCache: FDerivedDataBackendGraph:  Pak pak cache file ../../../../卒業制作/Fly_me_to_the_Moon/DerivedDataCache/DDC.ddp not found, will not use a pak cache.
[2020.12.06-03.35.34:859][  0]LogDerivedDataCache: Unable to find inner node Pak for hierarchical cache Hierarchy.
[2020.12.06-03.35.34:859][  0]LogDerivedDataCache: FDerivedDataBackendGraph:  CompressedPak pak cache file ../../../../卒業制作/Fly_me_to_the_Moon/DerivedDataCache/Compressed.ddp not found, will not use a pak cache.
[2020.12.06-03.35.34:859][  0]LogDerivedDataCache: Unable to find inner node CompressedPak for hierarchical cache Hierarchy.
[2020.12.06-03.35.34:869][  0]LogDerivedDataCache: Display: Pak cache opened for reading ../../../Engine/DerivedDataCache/Compressed.ddp.
[2020.12.06-03.35.34:869][  0]LogDerivedDataCache: FDerivedDataBackendGraph:  EnterprisePak pak cache file ../../../Enterprise/DerivedDataCache/Compressed.ddp not found, will not use a pak cache.
[2020.12.06-03.35.34:869][  0]LogDerivedDataCache: Unable to find inner node EnterprisePak for hierarchical cache Hierarchy.
[2020.12.06-03.35.34:870][  0]LogDerivedDataCache: Using Local data cache path C:/Users/mikan/AppData/Local/UnrealEngine/Common/DerivedDataCache: Writable
[2020.12.06-03.35.34:870][  0]LogDerivedDataCache: Shared data cache path not found in *engine.ini, will not use an Shared cache.
[2020.12.06-03.35.34:870][  0]LogDerivedDataCache: Unable to find inner node Shared for hierarchical cache Hierarchy.
[2020.12.06-03.35.34:919][  0]LogSlate: Using FreeType 2.10.0
[2020.12.06-03.35.34:920][  0]LogSlate: SlateFontServices - WITH_FREETYPE: 1, WITH_HARFBUZZ: 1
[2020.12.06-03.35.34:942][  0]LogAssetRegistry: FAssetRegistry took 0.0021 seconds to start up
[2020.12.06-03.35.35:156][  0]LogInit: Selected Device Profile: [Windows]
[2020.12.06-03.35.35:256][  0]LogMeshReduction: Using QuadricMeshReduction for automatic static mesh reduction
[2020.12.06-03.35.35:256][  0]LogMeshReduction: Using SimplygonMeshReduction for automatic skeletal mesh reduction
[2020.12.06-03.35.35:256][  0]LogMeshReduction: Using ProxyLODMeshReduction for automatic mesh merging
[2020.12.06-03.35.35:256][  0]LogMeshReduction: No distributed automatic mesh merging module available
[2020.12.06-03.35.35:256][  0]LogMeshMerging: No distributed automatic mesh merging module available
[2020.12.06-03.35.35:270][  0]LogNetVersion: Fly_me_to_the_Moon 1.0.0, NetCL: 13144385, EngineNetVer: 14, GameNetVer: 0 (Checksum: 527288346)
[2020.12.06-03.35.35:632][  0]LogAISub: UAISubsystem::UAISubsystem AISubsystem (00000229B240C780), frame # 0
[2020.12.06-03.35.35:632][  0]LogAISub: UAISubsystem::UAISubsystem AIPerceptionSystem (00000229B235E0C0), frame # 0
[2020.12.06-03.35.35:633][  0]LogAISub: UAISubsystem::UAISubsystem EnvQueryManager (00000229B23AA000), frame # 0
[2020.12.06-03.35.35:678][  0]LogPackageLocalizationCache: Processed 20 localized package path(s) for 1 prioritized culture(s) in 0.040043 seconds
[2020.12.06-03.35.35:682][  0]LogUObjectArray: 15917 objects as part of root set at end of initial load.
[2020.12.06-03.35.35:682][  0]LogUObjectAllocator: 3965568 out of 0 bytes used by permanent object pool.
[2020.12.06-03.35.35:682][  0]LogUObjectArray: CloseDisregardForGC: 0/0 objects in disregard for GC pool
[2020.12.06-03.35.35:989][  0]LogSubstanceCoreModule: Substance [CPU] Engine Loaded, Max Texture Size = 2048
[2020.12.06-03.35.35:998][  0]LogTcpMessaging: Initializing TcpMessaging bridge
[2020.12.06-03.35.36:003][  0]LogUdpMessaging: Initializing bridge on interface 0.0.0.0:0 to multicast group 230.0.0.1:6666.
[2020.12.06-03.35.36:073][  0]SourceControl: ソースコントロールは無効です
[2020.12.06-03.35.36:073][  0]SourceControl: ソースコントロールは無効です
[2020.12.06-03.35.36:076][  0]SourceControl: ソースコントロールは無効です
[2020.12.06-03.35.36:079][  0]SourceControl: ソースコントロールは無効です
[2020.12.06-03.35.36:086][  0]SourceControl: ソースコントロールは無効です
[2020.12.06-03.35.36:311][  0]LogAndroidPermission: UAndroidPermissionCallbackProxy::GetInstance
[2020.12.06-03.35.36:332][  0]LogAudioCaptureCore: Display: No Audio Capture implementations found. Audio input will be silent.
[2020.12.06-03.35.36:332][  0]LogAudioCaptureCore: Display: No Audio Capture implementations found. Audio input will be silent.
[2020.12.06-03.35.36:378][  0]LogOcInput: OculusInput pre-init called
[2020.12.06-03.35.36:388][  0]LogWindows: Failed to load 'OVRPlugin.dll' (GetLastError=126)
[2020.12.06-03.35.36:388][  0]LogWindows: File 'OVRPlugin.dll' does not exist
[2020.12.06-03.35.36:489][  0]LogEngine: Initializing Engine...
[2020.12.06-03.35.36:491][  0]LogHMD: Failed to initialize OpenVR with code 110
[2020.12.06-03.35.36:491][  0]LogMagicLeap: Warning: VR disabled because ZI is not enabled.  To enable, in the editor, Edit -> Project Settings -> Plugins -> Magic Leap Plugin -> Enable Zero Iteration
[2020.12.06-03.35.36:492][  0]LogStats: UGameplayTagsManager::InitializeManager -  0.000 s
[2020.12.06-03.35.36:592][  0]LogInit: Initializing FReadOnlyCVARCache
[2020.12.06-03.35.36:599][  0]LogAIModule: Creating AISystem for world Untitled
[2020.12.06-03.35.36:599][  0]LogAISub: UAISubsystem::UAISubsystem EnvQueryManager (00000229B9CE9A00), frame # 0
[2020.12.06-03.35.36:599][  0]LogAISub: UAISubsystem::UAISubsystem AIPerceptionSystem (00000229B9CFAC00), frame # 0
[2020.12.06-03.35.36:616][  0]LogAudioMixer: Display: Audio Mixer Platform Settings:
[2020.12.06-03.35.36:616][  0]LogAudioMixer: Display: 	Sample Rate:						  48000
[2020.12.06-03.35.36:616][  0]LogAudioMixer: Display: 	Callback Buffer Frame Size Requested: 1024
[2020.12.06-03.35.36:616][  0]LogAudioMixer: Display: 	Callback Buffer Frame Size To Use:	  1024
[2020.12.06-03.35.36:616][  0]LogAudioMixer: Display: 	Number of buffers to queue:			  2
[2020.12.06-03.35.36:616][  0]LogAudioMixer: Display: 	Max Channels (voices):				  32
[2020.12.06-03.35.36:616][  0]LogAudioMixer: Display: 	Number of Async Source Workers:		  0
[2020.12.06-03.35.36:616][  0]LogAudio: Display: AudioDevice MaxSources: 32
[2020.12.06-03.35.36:617][  0]LogAudio: Display: Using built-in audio occlusion.
[2020.12.06-03.35.36:617][  0]LogAudioMixer: Display: Initializing audio mixer.
[2020.12.06-03.35.36:630][  0]LogAudioMixer: Display: 0: FrontLeft
[2020.12.06-03.35.36:630][  0]LogAudioMixer: Display: 1: FrontRight
[2020.12.06-03.35.36:664][  0]LogAudioMixer: Display: Using Audio Device スピーカー (4- USB PnP Sound Device)
[2020.12.06-03.35.36:667][  0]LogAudioMixer: Display: Initializing Sound Submixes...
[2020.12.06-03.35.36:668][  0]LogAudioMixer: Display: Creating Master Submix 'MasterSubmixDefault'
[2020.12.06-03.35.36:668][  0]LogAudioMixer: Display: Creating Master Submix 'MasterReverbSubmixDefault'
[2020.12.06-03.35.36:669][  0]LogAudioMixer: Display: Creating Master Submix 'MasterEQSubmixDefault'
[2020.12.06-03.35.36:670][  0]LogInit: FAudioDevice initialized.
[2020.12.06-03.35.36:670][  0]LogNetVersion: Set ProjectVersion to 1.0.0.0. Version Checksum will be recalculated on next use.
[2020.12.06-03.35.36:754][  0]LogDerivedDataCache: Saved boot cache 0.08s 106MB C:/Users/mikan/AppData/Local/UnrealEngine/4.25/DerivedDataCache/Boot.ddc.
[2020.12.06-03.35.36:762][  0]LogInit: Texture streaming: Enabled
[2020.12.06-03.35.36:778][  0]LogEngineSessionManager: EngineSessionManager initialized
[2020.12.06-03.35.36:778][  0]LogEditorSessionSummary: Verbose: Initializing EditorSessionSummaryWriter for editor session tracking
[2020.12.06-03.35.36:780][  0]LogEditorSessionSummary: EditorSessionSummaryWriter initialized
[2020.12.06-03.35.36:845][  0]LogInit: Transaction tracking system initialized
[2020.12.06-03.35.36:866][  0]BlueprintLog: New page: エディタの読み込み
[2020.12.06-03.35.36:928][  0]LocalizationService: ローカライズのサービスが無効になりました
[2020.12.06-03.35.37:069][  0]LogCook: Display: Max memory allowance for cook 16384mb min free memory 0mb
[2020.12.06-03.35.37:069][  0]LogCook: Display: Mobile HDR setting 1
[2020.12.06-03.35.37:199][  0]LogFileCache: Scanning file cache for directory 'E:/卒業制作/Fly_me_to_the_Moon/Content/' took 0.02s
[2020.12.06-03.35.37:420][  0]SourceControl: ソースコントロールは無効です
[2020.12.06-03.35.37:420][  0]LogUnrealEdMisc: Loading editor; pre map load, took 5.253
[2020.12.06-03.35.37:421][  0]Cmd: MAP LOAD FILE="../../../../卒業制作/Fly_me_to_the_Moon/Content/VirtualRealityBP/Maps/StartupMap.umap" TEMPLATE=0 SHOWPROGRESS=1 FEATURELEVEL=3
[2020.12.06-03.35.37:421][  0]LogEditorServer: Warning: Can't find file '../../../../卒業制作/Fly_me_to_the_Moon/Content/VirtualRealityBP/Maps/StartupMap.umap'
[2020.12.06-03.35.37:421][  0]Cmd: MAP CHECKDEP NOCLEARLOG
[2020.12.06-03.35.37:421][  0]MapCheck: マップチェックが完了: 0 エラー、 0 警告、完了に 0.086ミリ秒かかりました。
[2020.12.06-03.35.37:421][  0]LogFileHelpers: Loading map 'StartupMap' took 0.000
[2020.12.06-03.35.37:421][  0]LogAssetRegistry: Flushing asset discovery search because of synchronous request, this can take several seconds...
[2020.12.06-03.35.37:459][  0]LogAssetRegistry: Asset discovery search completed in 0.0383 seconds
[2020.12.06-03.35.37:467][  0]LogCollectionManager: Loaded 0 collections in 0.000614 seconds
[2020.12.06-03.35.37:469][  0]LogFileCache: Scanning file cache for directory 'E:/卒業制作/Fly_me_to_the_Moon/Saved/Collections/' took 0.00s
[2020.12.06-03.35.37:469][  0]LogFileCache: Scanning file cache for directory 'E:/卒業制作/Fly_me_to_the_Moon/Content/Developers/mikan/Collections/' took 0.00s
[2020.12.06-03.35.37:469][  0]LogFileCache: Scanning file cache for directory 'E:/卒業制作/Fly_me_to_the_Moon/Content/Collections/' took 0.00s
[2020.12.06-03.35.37:469][  0]LogCollectionManager: Fixed up redirectors for 0 collections in 0.000004 seconds (updated 0 objects)
[2020.12.06-03.35.37:471][  0]LogUnrealEdMisc: Total Editor Startup Time, took 5.304
[2020.12.06-03.35.37:578][  0]LogSlate: Updating window title bar state: overlay mode, drag disabled, window buttons hidden, title bar hidden
[2020.12.06-03.35.37:584][  0]LogSlate: Updating window title bar state: overlay mode, drag disabled, window buttons hidden, title bar hidden
[2020.12.06-03.35.37:590][  0]LogSlate: Updating window title bar state: overlay mode, drag disabled, window buttons hidden, title bar hidden
[2020.12.06-03.35.37:595][  0]LogSlate: Updating window title bar state: overlay mode, drag disabled, window buttons hidden, title bar hidden
[2020.12.06-03.35.37:605][  0]LogContentBrowser: Native class hierarchy populated in 0.0070 seconds. Added 3436 classes and 826 folders.
[2020.12.06-03.35.37:610][  0]LogContentBrowser: Native class hierarchy updated for 'WidgetCarousel' in 0.0002 seconds. Added 0 classes and 0 folders.
[2020.12.06-03.35.37:644][  0]LogContentBrowser: Native class hierarchy updated for 'AddContentDialog' in 0.0002 seconds. Added 0 classes and 0 folders.
[2020.12.06-03.35.37:645][  0]LogContentBrowser: Native class hierarchy updated for 'SceneOutliner' in 0.0002 seconds. Added 2 classes and 0 folders.
[2020.12.06-03.35.37:668][  0]LogContentBrowser: Native class hierarchy updated for 'HierarchicalLODOutliner' in 0.0002 seconds. Added 0 classes and 0 folders.
[2020.12.06-03.35.37:668][  0]LogLoad: (Engine Initialization) Total time: 5.50 seconds
[2020.12.06-03.35.37:668][  0]LogLoad: (Engine Initialization) Total Blueprint compile time: 0.00 seconds
[2020.12.06-03.35.37:692][  0]LogContentStreaming: Texture pool size now 1000 MB
[2020.12.06-03.35.37:698][  0]LogSlate: Took 0.000102 seconds to synchronously load lazily loaded font '../../../Engine/Content/Slate/Fonts/Roboto-Regular.ttf' (155K)
[2020.12.06-03.35.37:699][  0]LogSlate: Took 0.000293 seconds to synchronously load lazily loaded font '../../../Engine/Content/Editor/Slate/Fonts/GenEiGothicPro-Regular.otf' (707K)
[2020.12.06-03.35.37:699][  0]LogSlate: Took 0.000221 seconds to synchronously load lazily loaded font '../../../Engine/Content/Editor/Slate/Fonts/GenEiGothicPro-Bold.otf' (698K)
[2020.12.06-03.35.37:699][  0]LogSlate: Took 0.000066 seconds to synchronously load lazily loaded font '../../../Engine/Content/Slate/Fonts/Roboto-Bold.ttf' (160K)
[2020.12.06-03.35.37:701][  0]LogSlate: Took 0.000076 seconds to synchronously load lazily loaded font '../../../Engine/Content/Editor/Slate/Fonts/FontAwesome.ttf' (139K)
[2020.12.06-03.35.37:746][  0]LogSlate: Took 0.000154 seconds to synchronously load lazily loaded font '../../../Engine/Content/Slate/Fonts/Roboto-Light.ttf' (167K)
[2020.12.06-03.35.37:757][  1]LogSubstanceLiveLink: Warning: Unable to send data along socket, closing connection
[2020.12.06-03.35.37:760][  1]LogFileCache: Retrieving MD5 hashes for directory 'E:/卒業制作/Fly_me_to_the_Moon/Content/' took 0.07s
[2020.12.06-03.35.37:769][  2]LogRenderer: Reallocating scene render targets to support 820x324 Format 26 NumSamples 1 (Frame:1).
[2020.12.06-03.36.02:346][878]LogSlate: Took 0.000098 seconds to synchronously load lazily loaded font '../../../Engine/Content/Slate/Fonts/Roboto-Light.ttf' (167K)
[2020.12.06-03.36.02:347][878]LogSlate: Took 0.000139 seconds to synchronously load lazily loaded font '../../../Engine/Content/Editor/Slate/Fonts/GenEiGothicPro-Light.otf' (713K)
[2020.12.06-03.36.02:360][878]LogAssetEditorSubsystem: Opening Asset editor for Texture2D /Game/Assets/BG/GreenHouse/追加/FoliagePackV1/Textures/Landscape/ForestGround/T_ForestGround_1_B.T_ForestGround_1_B
[2020.12.06-03.36.02:364][878]LogContentBrowser: Native class hierarchy updated for 'TextureEditor' in 0.0002 seconds. Added 1 classes and 2 folders.
[2020.12.06-03.36.22:631][647]LogSlate: Window 'T_ForestGround_1_B' being destroyed
[2020.12.06-03.36.22:636][647]LogSlate: Window 'T_ForestGround_1_B' being destroyed
[2020.12.06-03.36.28:031][935]LogEditorFactories: Performing atomic reimport of [C:/Users/mikan/Desktop/Game/Assets/BG/GreenHouse/追加/FoliagePackV1/Textures/Landscape/ForestGround/T_ForestGround_3_N.TGA]
[2020.12.06-03.36.28:549][935]LogFactory: FactoryCreateFile: Texture2D with ReimportTextureFactory (0 0 C:/Users/mikan/Desktop/Game/Assets/BG/GreenHouse/追加/FoliagePackV1/Textures/Landscape/ForestGround/T_ForestGround_3_N.TGA)
[2020.12.06-03.36.29:001][935]LogTexture: Display: テクスチャをビルドしています:T_ForestGround_3_N (AutoDXT、8192X8192)
[2020.12.06-03.36.30:722][935]LogEditorFactories: -- imported successfully
[2020.12.06-03.36.31:243][935]LogEditorFactories: Performing atomic reimport of [C:/Users/mikan/Desktop/Game/Assets/BG/GreenHouse/追加/FoliagePackV1/Textures/Landscape/ForestGround/T_ForestGround_4_B.TGA]
[2020.12.06-03.36.31:371][935]LogFactory: FactoryCreateFile: Texture2D with ReimportTextureFactory (0 0 C:/Users/mikan/Desktop/Game/Assets/BG/GreenHouse/追加/FoliagePackV1/Textures/Landscape/ForestGround/T_ForestGround_4_B.TGA)
[2020.12.06-03.36.31:485][935]LogTexture: Display: テクスチャをビルドしています:T_ForestGround_4_B (AutoDXT、4096X4096)
[2020.12.06-03.36.32:600][935]LogEditorFactories: -- imported successfully
[2020.12.06-03.36.32:732][935]LogEditorFactories: Performing atomic reimport of [C:/Users/mikan/Desktop/Game/Assets/BG/GreenHouse/追加/FoliagePackV1/Textures/Landscape/ForestGround/T_ForestGround_4_N.TGA]
[2020.12.06-03.36.32:861][935]LogFactory: FactoryCreateFile: Texture2D with ReimportTextureFactory (0 0 C:/Users/mikan/Desktop/Game/Assets/BG/GreenHouse/追加/FoliagePackV1/Textures/Landscape/ForestGround/T_ForestGround_4_N.TGA)
[2020.12.06-03.36.32:973][935]LogTexture: Display: テクスチャをビルドしています:T_ForestGround_4_N (AutoDXT、4096X4096)
[2020.12.06-03.36.34:061][935]LogEditorFactories: -- imported successfully
[2020.12.06-03.36.34:195][935]LogEditorFactories: Performing atomic reimport of [C:/Users/mikan/Desktop/Game/Assets/BG/GreenHouse/追加/FoliagePackV1/Textures/Landscape/ForestGround/T_ForestGround_5_B.TGA]
[2020.12.06-03.36.34:325][935]LogFactory: FactoryCreateFile: Texture2D with ReimportTextureFactory (0 0 C:/Users/mikan/Desktop/Game/Assets/BG/GreenHouse/追加/FoliagePackV1/Textures/Landscape/ForestGround/T_ForestGround_5_B.TGA)
[2020.12.06-03.36.34:439][935]LogTexture: Display: テクスチャをビルドしています:T_ForestGround_5_B (AutoDXT、4096X4096)
[2020.12.06-03.36.35:546][935]LogEditorFactories: -- imported successfully
[2020.12.06-03.36.35:678][935]LogEditorFactories: Performing atomic reimport of [C:/Users/mikan/Desktop/Game/Assets/BG/GreenHouse/追加/FoliagePackV1/Textures/Landscape/ForestGround/T_ForestGround_5_N.TGA]
[2020.12.06-03.36.35:806][935]LogFactory: FactoryCreateFile: Texture2D with ReimportTextureFactory (0 0 C:/Users/mikan/Desktop/Game/Assets/BG/GreenHouse/追加/FoliagePackV1/Textures/Landscape/ForestGround/T_ForestGround_5_N.TGA)
[2020.12.06-03.36.35:919][935]LogTexture: Display: テクスチャをビルドしています:T_ForestGround_5_N (AutoDXT、4096X4096)
[2020.12.06-03.36.37:003][935]LogEditorFactories: -- imported successfully
[2020.12.06-03.36.37:136][935]LogEditorFactories: Performing atomic reimport of [C:/Users/mikan/Desktop/Game/Assets/BG/GreenHouse/追加/FoliagePackV1/Textures/Landscape/ForestGround/T_PineNeedle_1_B.TGA]
[2020.12.06-03.36.37:233][935]LogFactory: FactoryCreateFile: Texture2D with ReimportTextureFactory (0 0 C:/Users/mikan/Desktop/Game/Assets/BG/GreenHouse/追加/FoliagePackV1/Textures/Landscape/ForestGround/T_PineNeedle_1_B.TGA)
[2020.12.06-03.36.37:403][935]LogTexture: Display: テクスチャをビルドしています:T_PineNeedle_1_B (AutoDXT、4096X4096)
[2020.12.06-03.36.38:613][935]LogEditorFactories: -- imported successfully
[2020.12.06-03.36.38:716][935]LogEditorFactories: Performing atomic reimport of [C:/Users/mikan/Desktop/Game/Assets/BG/GreenHouse/追加/FoliagePackV1/Textures/Landscape/ForestGround/T_PineNeedle_1_N.TGA]
[2020.12.06-03.36.38:844][935]LogFactory: FactoryCreateFile: Texture2D with ReimportTextureFactory (0 0 C:/Users/mikan/Desktop/Game/Assets/BG/GreenHouse/追加/FoliagePackV1/Textures/Landscape/ForestGround/T_PineNeedle_1_N.TGA)
[2020.12.06-03.36.38:963][935]LogTexture: Display: テクスチャをビルドしています:T_PineNeedle_1_N (AutoDXT、4096X4096)
[2020.12.06-03.36.40:106][935]LogEditorFactories: -- imported successfully
[2020.12.06-03.36.40:241][935]LogEditorFactories: Performing atomic reimport of [C:/Users/mikan/Desktop/Game/Assets/BG/GreenHouse/追加/FoliagePackV1/Textures/Landscape/ForestGround/T_ForestGround_1_B.TGA]
[2020.12.06-03.36.40:339][935]LogFactory: FactoryCreateFile: Texture2D with ReimportTextureFactory (0 0 C:/Users/mikan/Desktop/Game/Assets/BG/GreenHouse/追加/FoliagePackV1/Textures/Landscape/ForestGround/T_ForestGround_1_B.TGA)
[2020.12.06-03.36.40:514][935]LogTexture: Display: テクスチャをビルドしています:T_ForestGround_1_B (AutoDXT、4096X4096)
[2020.12.06-03.36.41:912][935]LogEditorFactories: -- imported successfully
[2020.12.06-03.36.42:027][935]LogEditorFactories: Performing atomic reimport of [C:/Users/mikan/Desktop/Game/Assets/BG/GreenHouse/追加/FoliagePackV1/Textures/Landscape/ForestGround/T_ForestGround_1_N.TGA]
[2020.12.06-03.36.42:175][935]LogFactory: FactoryCreateFile: Texture2D with ReimportTextureFactory (0 0 C:/Users/mikan/Desktop/Game/Assets/BG/GreenHouse/追加/FoliagePackV1/Textures/Landscape/ForestGround/T_ForestGround_1_N.TGA)
[2020.12.06-03.36.42:302][935]LogTexture: Display: テクスチャをビルドしています:T_ForestGround_1_N (AutoDXT、4096X4096)
[2020.12.06-03.36.43:535][935]LogEditorFactories: -- imported successfully
[2020.12.06-03.36.43:682][935]LogEditorFactories: Performing atomic reimport of [C:/Users/mikan/Desktop/Game/Assets/BG/GreenHouse/追加/FoliagePackV1/Textures/Landscape/ForestGround/T_ForestGround_3_B.TGA]
[2020.12.06-03.36.44:098][935]LogFactory: FactoryCreateFile: Texture2D with ReimportTextureFactory (0 0 C:/Users/mikan/Desktop/Game/Assets/BG/GreenHouse/追加/FoliagePackV1/Textures/Landscape/ForestGround/T_ForestGround_3_B.TGA)
[2020.12.06-03.36.44:842][935]LogTexture: Display: テクスチャをビルドしています:T_ForestGround_3_B (AutoDXT、8192X8192)
[2020.12.06-03.36.46:960][935]LogEditorFactories: -- imported successfully
[2020.12.06-03.36.47:392][935]LogEditorFactories: Performing atomic reimport of [C:/Users/mikan/Desktop/Game/Assets/BG/GreenHouse/追加/FoliagePackV1/Textures/Landscape/ForestGround/T_ForestGround_3_B_2.TGA]
[2020.12.06-03.36.47:799][935]LogFactory: FactoryCreateFile: Texture2D with ReimportTextureFactory (0 0 C:/Users/mikan/Desktop/Game/Assets/BG/GreenHouse/追加/FoliagePackV1/Textures/Landscape/ForestGround/T_ForestGround_3_B_2.TGA)
[2020.12.06-03.36.48:522][935]LogTexture: Display: テクスチャをビルドしています:T_ForestGround_3_B_2 (AutoDXT、8192X8192)
[2020.12.06-03.36.50:630][935]LogEditorFactories: -- imported successfully
[2020.12.06-03.37.07:082][196]LogUObjectHash: Compacting FUObjectHashTables data took   0.69ms
[2020.12.06-03.37.08:205][196]LogSlate: Window 'コンテンツを保存' being destroyed
[2020.12.06-03.37.09:851][196]LogSavePackage: Moving '../../../../卒業制作/Fly_me_to_the_Moon/Saved/T_ForestGround_1_B98A861BF459A1C5993CFA6852A74E160.tmp' to '../../../../卒業制作/Fly_me_to_the_Moon/Content/Assets/BG/GreenHouse/追加/FoliagePackV1/Textures/Landscape/ForestGround/T_ForestGround_1_B.uasset'
[2020.12.06-03.37.11:082][196]LogSavePackage: Moving '../../../../卒業制作/Fly_me_to_the_Moon/Saved/T_ForestGround_1_N42ECFC1E4D718E9DFF7D3FAF23FF9A4F.tmp' to '../../../../卒業制作/Fly_me_to_the_Moon/Content/Assets/BG/GreenHouse/追加/FoliagePackV1/Textures/Landscape/ForestGround/T_ForestGround_1_N.uasset'
[2020.12.06-03.37.14:741][196]LogSavePackage: Moving '../../../../卒業制作/Fly_me_to_the_Moon/Saved/T_ForestGround_3_B031D2F2F49639652DDEA39807D209B5B.tmp' to '../../../../卒業制作/Fly_me_to_the_Moon/Content/Assets/BG/GreenHouse/追加/FoliagePackV1/Textures/Landscape/ForestGround/T_ForestGround_3_B.uasset'
[2020.12.06-03.37.18:869][196]LogSavePackage: Moving '../../../../卒業制作/Fly_me_to_the_Moon/Saved/T_ForestGround_3_B_2A336CC5245DCB4E8DCEBF3BA73AE4F5C.tmp' to '../../../../卒業制作/Fly_me_to_the_Moon/Content/Assets/BG/GreenHouse/追加/FoliagePackV1/Textures/Landscape/ForestGround/T_ForestGround_3_B_2.uasset'
[2020.12.06-03.37.23:391][196]LogSavePackage: Moving '../../../../卒業制作/Fly_me_to_the_Moon/Saved/T_ForestGround_3_N505A27B04777E8660B2672B7C587824F.tmp' to '../../../../卒業制作/Fly_me_to_the_Moon/Content/Assets/BG/GreenHouse/追加/FoliagePackV1/Textures/Landscape/ForestGround/T_ForestGround_3_N.uasset'
[2020.12.06-03.37.25:106][196]LogSavePackage: Moving '../../../../卒業制作/Fly_me_to_the_Moon/Saved/T_ForestGround_4_B852F2930472D29788E2FDBB836CA45FC.tmp' to '../../../../卒業制作/Fly_me_to_the_Moon/Content/Assets/BG/GreenHouse/追加/FoliagePackV1/Textures/Landscape/ForestGround/T_ForestGround_4_B.uasset'
[2020.12.06-03.37.26:670][196]LogSavePackage: Moving '../../../../卒業制作/Fly_me_to_the_Moon/Saved/T_ForestGround_4_N263470FE4BF611AB2AD3648346CB4C9E.tmp' to '../../../../卒業制作/Fly_me_to_the_Moon/Content/Assets/BG/GreenHouse/追加/FoliagePackV1/Textures/Landscape/ForestGround/T_ForestGround_4_N.uasset'
[2020.12.06-03.37.28:243][196]LogSavePackage: Moving '../../../../卒業制作/Fly_me_to_the_Moon/Saved/T_ForestGround_5_B19E370DA418A53C98302C4A3510E11F3.tmp' to '../../../../卒業制作/Fly_me_to_the_Moon/Content/Assets/BG/GreenHouse/追加/FoliagePackV1/Textures/Landscape/ForestGround/T_ForestGround_5_B.uasset'
[2020.12.06-03.37.29:989][196]LogSavePackage: Moving '../../../../卒業制作/Fly_me_to_the_Moon/Saved/T_ForestGround_5_N28805CFA445A2DF562655C91415E264A.tmp' to '../../../../卒業制作/Fly_me_to_the_Moon/Content/Assets/BG/GreenHouse/追加/FoliagePackV1/Textures/Landscape/ForestGround/T_ForestGround_5_N.uasset'
[2020.12.06-03.37.31:132][196]LogSavePackage: Moving '../../../../卒業制作/Fly_me_to_the_Moon/Saved/T_PineNeedle_1_B3C56B4274615203476A4E2ACCB908778.tmp' to '../../../../卒業制作/Fly_me_to_the_Moon/Content/Assets/BG/GreenHouse/追加/FoliagePackV1/Textures/Landscape/ForestGround/T_PineNeedle_1_B.uasset'
[2020.12.06-03.37.32:323][196]LogSavePackage: Moving '../../../../卒業制作/Fly_me_to_the_Moon/Saved/T_PineNeedle_1_NC24885D447BFA6E9D5ABA3BEB3ADEA93.tmp' to '../../../../卒業制作/Fly_me_to_the_Moon/Content/Assets/BG/GreenHouse/追加/FoliagePackV1/Textures/Landscape/ForestGround/T_PineNeedle_1_N.uasset'
[2020.12.06-03.37.32:347][196]AssetCheck: New page: アセット保存:複数のアセット
[2020.12.06-03.37.32:347][196]LogContentValidation: Display: Texture2D /Game/Assets/BG/GreenHouse/追加/FoliagePackV1/Textures/Landscape/ForestGround/T_ForestGround_1_B.T_ForestGround_1_B を検証しています
[2020.12.06-03.37.32:347][196]LogContentValidation: Display: Texture2D /Game/Assets/BG/GreenHouse/追加/FoliagePackV1/Textures/Landscape/ForestGround/T_ForestGround_1_N.T_ForestGround_1_N を検証しています
[2020.12.06-03.37.32:347][196]LogContentValidation: Display: Texture2D /Game/Assets/BG/GreenHouse/追加/FoliagePackV1/Textures/Landscape/ForestGround/T_ForestGround_3_B.T_ForestGround_3_B を検証しています
[2020.12.06-03.37.32:347][196]LogContentValidation: Display: Texture2D /Game/Assets/BG/GreenHouse/追加/FoliagePackV1/Textures/Landscape/ForestGround/T_ForestGround_3_B_2.T_ForestGround_3_B_2 を検証しています
[2020.12.06-03.37.32:347][196]LogContentValidation: Display: Texture2D /Game/Assets/BG/GreenHouse/追加/FoliagePackV1/Textures/Landscape/ForestGround/T_ForestGround_3_N.T_ForestGround_3_N を検証しています
[2020.12.06-03.37.32:347][196]LogContentValidation: Display: Texture2D /Game/Assets/BG/GreenHouse/追加/FoliagePackV1/Textures/Landscape/ForestGround/T_ForestGround_4_B.T_ForestGround_4_B を検証しています
[2020.12.06-03.37.32:347][196]LogContentValidation: Display: Texture2D /Game/Assets/BG/GreenHouse/追加/FoliagePackV1/Textures/Landscape/ForestGround/T_ForestGround_4_N.T_ForestGround_4_N を検証しています
[2020.12.06-03.37.32:348][196]LogContentValidation: Display: Texture2D /Game/Assets/BG/GreenHouse/追加/FoliagePackV1/Textures/Landscape/ForestGround/T_ForestGround_5_B.T_ForestGround_5_B を検証しています
[2020.12.06-03.37.32:348][196]LogContentValidation: Display: Texture2D /Game/Assets/BG/GreenHouse/追加/FoliagePackV1/Textures/Landscape/ForestGround/T_ForestGround_5_N.T_ForestGround_5_N を検証しています
[2020.12.06-03.37.32:348][196]LogContentValidation: Display: Texture2D /Game/Assets/BG/GreenHouse/追加/FoliagePackV1/Textures/Landscape/ForestGround/T_PineNeedle_1_B.T_PineNeedle_1_B を検証しています
[2020.12.06-03.37.32:348][196]LogContentValidation: Display: Texture2D /Game/Assets/BG/GreenHouse/追加/FoliagePackV1/Textures/Landscape/ForestGround/T_PineNeedle_1_N.T_PineNeedle_1_N を検証しています
[2020.12.06-03.38.03:201][564]LogAssetEditorSubsystem: Opening Asset editor for Texture2D /Game/Assets/BG/GreenHouse/追加/FoliagePackV1/Textures/Landscape/ForestGround/T_ForestGround_1_B.T_ForestGround_1_B
[2020.12.06-03.38.04:741][729]LogAssetEditorSubsystem: Opening Asset editor for Texture2D /Game/Assets/BG/GreenHouse/追加/FoliagePackV1/Textures/Landscape/ForestGround/T_ForestGround_1_N.T_ForestGround_1_N
[2020.12.06-03.38.06:200][890]LogSlate: Window 'T_ForestGround_1_N' being destroyed
[2020.12.06-03.38.06:204][890]LogSlate: Window 'T_ForestGround_1_N' being destroyed
[2020.12.06-03.38.06:956][971]LogAssetEditorSubsystem: Opening Asset editor for Texture2D /Game/Assets/BG/GreenHouse/追加/FoliagePackV1/Textures/Landscape/ForestGround/T_ForestGround_3_B.T_ForestGround_3_B
[2020.12.06-03.38.14:803][897]LogSlate: Window 'T_ForestGround_3_B' being destroyed
[2020.12.06-03.38.14:808][897]LogSlate: Window 'T_ForestGround_3_B' being destroyed
[2020.12.06-03.38.15:915][ 22]LogAssetEditorSubsystem: Opening Asset editor for Texture2D /Game/Assets/BG/GreenHouse/追加/FoliagePackV1/Textures/Landscape/ForestGround/T_ForestGround_1_B.T_ForestGround_1_B
[2020.12.06-03.38.17:200][160]LogAssetEditorSubsystem: Opening Asset editor for Texture2D /Game/Assets/BG/GreenHouse/追加/FoliagePackV1/Textures/Landscape/ForestGround/T_ForestGround_1_N.T_ForestGround_1_N
[2020.12.06-03.38.19:769][455]LogSlate: Window 'T_ForestGround_1_N' being destroyed
[2020.12.06-03.38.19:773][455]LogSlate: Window 'T_ForestGround_1_N' being destroyed
[2020.12.06-03.39.33:778][425]LogEditorFactories: Performing atomic reimport of [C:/Users/mikan/Desktop/Game/Assets/BG/GreenHouse/追加/FoliagePackV1/Textures/Landscape/ForestGround/T_ForestGround_4_N.TGA]
[2020.12.06-03.39.33:786][425]LogFactory: FactoryCreateFile: Texture2D with ReimportTextureFactory (0 0 C:/Users/mikan/Desktop/Game/Assets/BG/GreenHouse/追加/FoliagePackV1/Textures/Landscape/ForestGround/T_ForestGround_4_N.TGA)
[2020.12.06-03.39.33:797][425]LogTexture: Display: テクスチャをビルドしています:T_ForestGround_4_N (AutoDXT、1024X1024)
[2020.12.06-03.39.34:037][425]LogEditorFactories: -- imported successfully
[2020.12.06-03.39.34:050][425]LogEditorFactories: Performing atomic reimport of [C:/Users/mikan/Desktop/Game/Assets/BG/GreenHouse/追加/FoliagePackV1/Textures/Landscape/ForestGround/T_ForestGround_5_B.TGA]
[2020.12.06-03.39.34:058][425]LogFactory: FactoryCreateFile: Texture2D with ReimportTextureFactory (0 0 C:/Users/mikan/Desktop/Game/Assets/BG/GreenHouse/追加/FoliagePackV1/Textures/Landscape/ForestGround/T_ForestGround_5_B.TGA)
[2020.12.06-03.39.34:067][425]LogTexture: Display: テクスチャをビルドしています:T_ForestGround_5_B (AutoDXT、1024X1024)
[2020.12.06-03.39.34:301][425]LogEditorFactories: -- imported successfully
[2020.12.06-03.39.34:313][425]LogEditorFactories: Performing atomic reimport of [C:/Users/mikan/Desktop/Game/Assets/BG/GreenHouse/追加/FoliagePackV1/Textures/Landscape/ForestGround/T_ForestGround_5_N.TGA]
[2020.12.06-03.39.34:321][425]LogFactory: FactoryCreateFile: Texture2D with ReimportTextureFactory (0 0 C:/Users/mikan/Desktop/Game/Assets/BG/GreenHouse/追加/FoliagePackV1/Textures/Landscape/ForestGround/T_ForestGround_5_N.TGA)
[2020.12.06-03.39.34:331][425]LogTexture: Display: テクスチャをビルドしています:T_ForestGround_5_N (AutoDXT、1024X1024)
[2020.12.06-03.39.34:560][425]LogEditorFactories: -- imported successfully
[2020.12.06-03.39.34:572][425]LogEditorFactories: Performing atomic reimport of [C:/Users/mikan/Desktop/Game/Assets/BG/GreenHouse/追加/FoliagePackV1/Textures/Landscape/ForestGround/T_PineNeedle_1_B.TGA]
[2020.12.06-03.39.34:578][425]LogFactory: FactoryCreateFile: Texture2D with ReimportTextureFactory (0 0 C:/Users/mikan/Desktop/Game/Assets/BG/GreenHouse/追加/FoliagePackV1/Textures/Landscape/ForestGround/T_PineNeedle_1_B.TGA)
[2020.12.06-03.39.34:590][425]LogTexture: Display: テクスチャをビルドしています:T_PineNeedle_1_B (AutoDXT、1024X1024)
[2020.12.06-03.39.34:840][425]LogEditorFactories: -- imported successfully
[2020.12.06-03.39.34:850][425]LogEditorFactories: Performing atomic reimport of [C:/Users/mikan/Desktop/Game/Assets/BG/GreenHouse/追加/FoliagePackV1/Textures/Landscape/ForestGround/T_PineNeedle_1_N.TGA]
[2020.12.06-03.39.34:859][425]LogFactory: FactoryCreateFile: Texture2D with ReimportTextureFactory (0 0 C:/Users/mikan/Desktop/Game/Assets/BG/GreenHouse/追加/FoliagePackV1/Textures/Landscape/ForestGround/T_PineNeedle_1_N.TGA)
[2020.12.06-03.39.34:865][425]LogTexture: Display: テクスチャをビルドしています:T_PineNeedle_1_N (AutoDXT、1024X1024)
[2020.12.06-03.39.35:094][425]LogEditorFactories: -- imported successfully
[2020.12.06-03.39.35:106][425]LogEditorFactories: Performing atomic reimport of [C:/Users/mikan/Desktop/Game/Assets/BG/GreenHouse/追加/FoliagePackV1/Textures/Landscape/ForestGround/T_ForestGround_1_B.TGA]
[2020.12.06-03.39.35:112][425]LogFactory: FactoryCreateFile: Texture2D with ReimportTextureFactory (0 0 C:/Users/mikan/Desktop/Game/Assets/BG/GreenHouse/追加/FoliagePackV1/Textures/Landscape/ForestGround/T_ForestGround_1_B.TGA)
[2020.12.06-03.39.35:126][425]LogTexture: Display: テクスチャをビルドしています:T_ForestGround_1_B (AutoDXT、1024X1024)
[2020.12.06-03.39.35:380][425]LogEditorFactories: -- imported successfully
[2020.12.06-03.39.35:391][425]LogEditorFactories: Performing atomic reimport of [C:/Users/mikan/Desktop/Game/Assets/BG/GreenHouse/追加/FoliagePackV1/Textures/Landscape/ForestGround/T_ForestGround_1_N.TGA]
[2020.12.06-03.39.35:400][425]LogFactory: FactoryCreateFile: Texture2D with ReimportTextureFactory (0 0 C:/Users/mikan/Desktop/Game/Assets/BG/GreenHouse/追加/FoliagePackV1/Textures/Landscape/ForestGround/T_ForestGround_1_N.TGA)
[2020.12.06-03.39.35:406][425]LogTexture: Display: テクスチャをビルドしています:T_ForestGround_1_N (AutoDXT、1024X1024)
[2020.12.06-03.39.35:628][425]LogEditorFactories: -- imported successfully
[2020.12.06-03.39.35:640][425]LogEditorFactories: Performing atomic reimport of [C:/Users/mikan/Desktop/Game/Assets/BG/GreenHouse/追加/FoliagePackV1/Textures/Landscape/ForestGround/T_ForestGround_3_B.TGA]
[2020.12.06-03.39.35:647][425]LogFactory: FactoryCreateFile: Texture2D with ReimportTextureFactory (0 0 C:/Users/mikan/Desktop/Game/Assets/BG/GreenHouse/追加/FoliagePackV1/Textures/Landscape/ForestGround/T_ForestGround_3_B.TGA)
[2020.12.06-03.39.35:661][425]LogTexture: Display: テクスチャをビルドしています:T_ForestGround_3_B (AutoDXT、1024X1024)
[2020.12.06-03.39.35:915][425]LogEditorFactories: -- imported successfully
[2020.12.06-03.39.35:925][425]LogEditorFactories: Performing atomic reimport of [C:/Users/mikan/Desktop/Game/Assets/BG/GreenHouse/追加/FoliagePackV1/Textures/Landscape/ForestGround/T_ForestGround_3_B_2.TGA]
[2020.12.06-03.39.35:932][425]LogFactory: FactoryCreateFile: Texture2D with ReimportTextureFactory (0 0 C:/Users/mikan/Desktop/Game/Assets/BG/GreenHouse/追加/FoliagePackV1/Textures/Landscape/ForestGround/T_ForestGround_3_B_2.TGA)
[2020.12.06-03.39.35:945][425]LogTexture: Display: テクスチャをビルドしています:T_ForestGround_3_B_2 (AutoDXT、1024X1024)
[2020.12.06-03.39.36:204][425]LogEditorFactories: -- imported successfully
[2020.12.06-03.39.36:215][425]LogEditorFactories: Performing atomic reimport of [C:/Users/mikan/Desktop/Game/Assets/BG/GreenHouse/追加/FoliagePackV1/Textures/Landscape/ForestGround/T_ForestGround_3_N.TGA]
[2020.12.06-03.39.36:223][425]LogFactory: FactoryCreateFile: Texture2D with ReimportTextureFactory (0 0 C:/Users/mikan/Desktop/Game/Assets/BG/GreenHouse/追加/FoliagePackV1/Textures/Landscape/ForestGround/T_ForestGround_3_N.TGA)
[2020.12.06-03.39.36:236][425]LogTexture: Display: テクスチャをビルドしています:T_ForestGround_3_N (AutoDXT、1024X1024)
[2020.12.06-03.39.36:456][425]LogEditorFactories: -- imported successfully
[2020.12.06-03.39.36:468][425]LogEditorFactories: Performing atomic reimport of [C:/Users/mikan/Desktop/Game/Assets/BG/GreenHouse/追加/FoliagePackV1/Textures/Landscape/ForestGround/T_ForestGround_4_B.TGA]
[2020.12.06-03.39.36:476][425]LogFactory: FactoryCreateFile: Texture2D with ReimportTextureFactory (0 0 C:/Users/mikan/Desktop/Game/Assets/BG/GreenHouse/追加/FoliagePackV1/Textures/Landscape/ForestGround/T_ForestGround_4_B.TGA)
[2020.12.06-03.39.36:485][425]LogTexture: Display: テクスチャをビルドしています:T_ForestGround_4_B (AutoDXT、1024X1024)
[2020.12.06-03.39.36:712][425]LogEditorFactories: -- imported successfully
[2020.12.06-03.39.40:910][901]LogAssetEditorSubsystem: Opening Asset editor for Texture2D /Game/Assets/BG/GreenHouse/追加/FoliagePackV1/Textures/Landscape/ForestGround/T_ForestGround_1_B.T_ForestGround_1_B
[2020.12.06-03.39.44:176][269]LogSlate: Window 'T_ForestGround_1_B' being destroyed
[2020.12.06-03.39.44:181][269]LogSlate: Window 'T_ForestGround_1_B' being destroyed
[2020.12.06-03.39.45:121][375]LogUObjectHash: Compacting FUObjectHashTables data took   0.44ms
[2020.12.06-03.39.46:119][375]LogSlate: Window 'コンテンツを保存' being destroyed
[2020.12.06-03.39.46:278][375]LogSavePackage: Moving '../../../../卒業制作/Fly_me_to_the_Moon/Saved/T_ForestGround_1_B35944B474CA72918F80EE9A5EDE7B358.tmp' to '../../../../卒業制作/Fly_me_to_the_Moon/Content/Assets/BG/GreenHouse/追加/FoliagePackV1/Textures/Landscape/ForestGround/T_ForestGround_1_B.uasset'
[2020.12.06-03.39.46:421][375]LogSavePackage: Moving '../../../../卒業制作/Fly_me_to_the_Moon/Saved/T_ForestGround_1_ND6C92F2048145118397BE59C3684F643.tmp' to '../../../../卒業制作/Fly_me_to_the_Moon/Content/Assets/BG/GreenHouse/追加/FoliagePackV1/Textures/Landscape/ForestGround/T_ForestGround_1_N.uasset'
[2020.12.06-03.39.46:541][375]LogSavePackage: Moving '../../../../卒業制作/Fly_me_to_the_Moon/Saved/T_ForestGround_3_B8768E69D4243ACC50C4DCD878012AD66.tmp' to '../../../../卒業制作/Fly_me_to_the_Moon/Content/Assets/BG/GreenHouse/追加/FoliagePackV1/Textures/Landscape/ForestGround/T_ForestGround_3_B.uasset'
[2020.12.06-03.39.46:670][375]LogSavePackage: Moving '../../../../卒業制作/Fly_me_to_the_Moon/Saved/T_ForestGround_3_B_28CB9624E436907475F200881C15523E7.tmp' to '../../../../卒業制作/Fly_me_to_the_Moon/Content/Assets/BG/GreenHouse/追加/FoliagePackV1/Textures/Landscape/ForestGround/T_ForestGround_3_B_2.uasset'
[2020.12.06-03.39.47:080][375]LogSavePackage: Moving '../../../../卒業制作/Fly_me_to_the_Moon/Saved/T_ForestGround_3_NBA461DF947C63151D9F2DCA7D6465413.tmp' to '../../../../卒業制作/Fly_me_to_the_Moon/Content/Assets/BG/GreenHouse/追加/FoliagePackV1/Textures/Landscape/ForestGround/T_ForestGround_3_N.uasset'
[2020.12.06-03.39.47:231][375]LogSavePackage: Moving '../../../../卒業制作/Fly_me_to_the_Moon/Saved/T_ForestGround_4_B9B42654748855D0DB3B761B03F82C4EB.tmp' to '../../../../卒業制作/Fly_me_to_the_Moon/Content/Assets/BG/GreenHouse/追加/FoliagePackV1/Textures/Landscape/ForestGround/T_ForestGround_4_B.uasset'
[2020.12.06-03.39.47:391][375]LogSavePackage: Moving '../../../../卒業制作/Fly_me_to_the_Moon/Saved/T_ForestGround_4_N4060943344E1048AB1E6C0B16CFB47A7.tmp' to '../../../../卒業制作/Fly_me_to_the_Moon/Content/Assets/BG/GreenHouse/追加/FoliagePackV1/Textures/Landscape/ForestGround/T_ForestGround_4_N.uasset'
[2020.12.06-03.39.47:537][375]LogSavePackage: Moving '../../../../卒業制作/Fly_me_to_the_Moon/Saved/T_ForestGround_5_B6A8C40AE47BB042634BD2AAEBE686F90.tmp' to '../../../../卒業制作/Fly_me_to_the_Moon/Content/Assets/BG/GreenHouse/追加/FoliagePackV1/Textures/Landscape/ForestGround/T_ForestGround_5_B.uasset'
[2020.12.06-03.39.47:704][375]LogSavePackage: Moving '../../../../卒業制作/Fly_me_to_the_Moon/Saved/T_ForestGround_5_ND8D31A834493A25BB8822AA3E998EAA6.tmp' to '../../../../卒業制作/Fly_me_to_the_Moon/Content/Assets/BG/GreenHouse/追加/FoliagePackV1/Textures/Landscape/ForestGround/T_ForestGround_5_N.uasset'
[2020.12.06-03.39.47:836][375]LogSavePackage: Moving '../../../../卒業制作/Fly_me_to_the_Moon/Saved/T_PineNeedle_1_B71E5850646E116B734382A9940D23651.tmp' to '../../../../卒業制作/Fly_me_to_the_Moon/Content/Assets/BG/GreenHouse/追加/FoliagePackV1/Textures/Landscape/ForestGround/T_PineNeedle_1_B.uasset'
[2020.12.06-03.39.47:974][375]LogSavePackage: Moving '../../../../卒業制作/Fly_me_to_the_Moon/Saved/T_PineNeedle_1_N66C25EF443F77DCFE72984A28CFD1F11.tmp' to '../../../../卒業制作/Fly_me_to_the_Moon/Content/Assets/BG/GreenHouse/追加/FoliagePackV1/Textures/Landscape/ForestGround/T_PineNeedle_1_N.uasset'
[2020.12.06-03.39.48:166][375]AssetCheck: New page: アセット保存:複数のアセット
[2020.12.06-03.39.48:166][375]LogContentValidation: Display: Texture2D /Game/Assets/BG/GreenHouse/追加/FoliagePackV1/Textures/Landscape/ForestGround/T_ForestGround_1_B.T_ForestGround_1_B を検証しています
[2020.12.06-03.39.48:166][375]LogContentValidation: Display: Texture2D /Game/Assets/BG/GreenHouse/追加/FoliagePackV1/Textures/Landscape/ForestGround/T_ForestGround_1_N.T_ForestGround_1_N を検証しています
[2020.12.06-03.39.48:166][375]LogContentValidation: Display: Texture2D /Game/Assets/BG/GreenHouse/追加/FoliagePackV1/Textures/Landscape/ForestGround/T_ForestGround_3_B.T_ForestGround_3_B を検証しています
[2020.12.06-03.39.48:166][375]LogContentValidation: Display: Texture2D /Game/Assets/BG/GreenHouse/追加/FoliagePackV1/Textures/Landscape/ForestGround/T_ForestGround_3_B_2.T_ForestGround_3_B_2 を検証しています
[2020.12.06-03.39.48:166][375]LogContentValidation: Display: Texture2D /Game/Assets/BG/GreenHouse/追加/FoliagePackV1/Textures/Landscape/ForestGround/T_ForestGround_3_N.T_ForestGround_3_N を検証しています
[2020.12.06-03.39.48:166][375]LogContentValidation: Display: Texture2D /Game/Assets/BG/GreenHouse/追加/FoliagePackV1/Textures/Landscape/ForestGround/T_ForestGround_4_B.T_ForestGround_4_B を検証しています
[2020.12.06-03.39.48:166][375]LogContentValidation: Display: Texture2D /Game/Assets/BG/GreenHouse/追加/FoliagePackV1/Textures/Landscape/ForestGround/T_ForestGround_4_N.T_ForestGround_4_N を検証しています
[2020.12.06-03.39.48:166][375]LogContentValidation: Display: Texture2D /Game/Assets/BG/GreenHouse/追加/FoliagePackV1/Textures/Landscape/ForestGround/T_ForestGround_5_B.T_ForestGround_5_B を検証しています
[2020.12.06-03.39.48:166][375]LogContentValidation: Display: Texture2D /Game/Assets/BG/GreenHouse/追加/FoliagePackV1/Textures/Landscape/ForestGround/T_ForestGround_5_N.T_ForestGround_5_N を検証しています
[2020.12.06-03.39.48:166][375]LogContentValidation: Display: Texture2D /Game/Assets/BG/GreenHouse/追加/FoliagePackV1/Textures/Landscape/ForestGround/T_PineNeedle_1_B.T_PineNeedle_1_B を検証しています
[2020.12.06-03.39.48:166][375]LogContentValidation: Display: Texture2D /Game/Assets/BG/GreenHouse/追加/FoliagePackV1/Textures/Landscape/ForestGround/T_PineNeedle_1_N.T_PineNeedle_1_N を検証しています
[2020.12.06-03.40.00:647][111]LogAssetTools: Exporting "/Game/Assets/BG/GreenHouse/追加/FoliagePackV1/Textures/Landscape/Soil/T_Ground_1_B.T_Ground_1_B" to "C:/Users/mikan/Desktop/Game/Assets/BG/GreenHouse/追加/FoliagePackV1/Textures/Landscape/Soil/T_Ground_1_B.TGA"
[2020.12.06-03.40.02:063][111]LogAssetTools: Exporting "/Game/Assets/BG/GreenHouse/追加/FoliagePackV1/Textures/Landscape/Soil/T_Ground_1_N.T_Ground_1_N" to "C:/Users/mikan/Desktop/Game/Assets/BG/GreenHouse/追加/FoliagePackV1/Textures/Landscape/Soil/T_Ground_1_N.TGA"
[2020.12.06-03.40.20:210][500]LogAssetEditorSubsystem: Opening Asset editor for Texture2D /Game/Assets/BG/GreenHouse/追加/FoliagePackV1/Textures/Landscape/ForestGround/T_PineNeedle_1_N.T_PineNeedle_1_N
[2020.12.06-03.40.22:983][814]LogSlate: Window 'T_PineNeedle_1_N' being destroyed
[2020.12.06-03.40.22:989][814]LogSlate: Window 'T_PineNeedle_1_N' being destroyed
[2020.12.06-03.40.23:760][900]LogAssetEditorSubsystem: Opening Asset editor for Texture2D /Game/Assets/BG/GreenHouse/追加/FoliagePackV1/Textures/Landscape/ForestGround/T_PineNeedle_1_B.T_PineNeedle_1_B
[2020.12.06-03.40.25:476][ 84]LogRenderer: Reallocating scene render targets to support 1224x352 Format 26 NumSamples 1 (Frame:7807).
[2020.12.06-03.40.27:412][246]LogAssetEditorSubsystem: Opening Asset editor for Texture2D /Game/Assets/BG/GreenHouse/追加/FoliagePackV1/Textures/Landscape/ForestGround/T_ForestGround_5_N.T_ForestGround_5_N
[2020.12.06-03.40.28:031][306]LogAssetEditorSubsystem: Opening Asset editor for Texture2D /Game/Assets/BG/GreenHouse/追加/FoliagePackV1/Textures/Landscape/ForestGround/T_ForestGround_5_B.T_ForestGround_5_B
[2020.12.06-03.40.28:572][356]LogAssetEditorSubsystem: Opening Asset editor for Texture2D /Game/Assets/BG/GreenHouse/追加/FoliagePackV1/Textures/Landscape/ForestGround/T_ForestGround_4_B.T_ForestGround_4_B
[2020.12.06-03.41.03:212][179]LogAssetEditorSubsystem: Opening Asset editor for Texture2D /Game/Assets/BG/GreenHouse/追加/FoliagePackV1/Textures/Landscape/ForestGround/T_ForestGround_3_N.T_ForestGround_3_N
[2020.12.06-03.41.03:794][235]LogAssetEditorSubsystem: Opening Asset editor for Texture2D /Game/Assets/BG/GreenHouse/追加/FoliagePackV1/Textures/Landscape/ForestGround/T_ForestGround_3_B_2.T_ForestGround_3_B_2
[2020.12.06-03.41.04:363][290]LogAssetEditorSubsystem: Opening Asset editor for Texture2D /Game/Assets/BG/GreenHouse/追加/FoliagePackV1/Textures/Landscape/ForestGround/T_ForestGround_3_B.T_ForestGround_3_B
[2020.12.06-03.41.05:635][429]LogAssetEditorSubsystem: Opening Asset editor for Texture2D /Game/Assets/BG/GreenHouse/追加/FoliagePackV1/Textures/Landscape/ForestGround/T_ForestGround_1_N.T_ForestGround_1_N
[2020.12.06-03.41.06:198][483]LogAssetEditorSubsystem: Opening Asset editor for Texture2D /Game/Assets/BG/GreenHouse/追加/FoliagePackV1/Textures/Landscape/ForestGround/T_ForestGround_1_B.T_ForestGround_1_B
[2020.12.06-03.41.08:195][707]LogSlate: Window 'T_ForestGround_1_B' being destroyed
[2020.12.06-03.41.08:200][707]LogSlate: Window 'T_ForestGround_1_B' being destroyed
[2020.12.06-03.42.33:269][667]LogEditorFactories: Performing atomic reimport of [C:/Users/mikan/Desktop/Game/Assets/BG/GreenHouse/追加/FoliagePackV1/Textures/Landscape/Soil/T_Ground_1_N.TGA]
[2020.12.06-03.42.33:277][667]LogFactory: FactoryCreateFile: Texture2D with ReimportTextureFactory (0 0 C:/Users/mikan/Desktop/Game/Assets/BG/GreenHouse/追加/FoliagePackV1/Textures/Landscape/Soil/T_Ground_1_N.TGA)
[2020.12.06-03.42.33:282][667]LogTexture: Display: テクスチャをビルドしています:T_Ground_1_N (AutoDXT、1024X1024)
[2020.12.06-03.42.33:530][667]LogEditorFactories: -- imported successfully
[2020.12.06-03.42.33:541][667]LogEditorFactories: Performing atomic reimport of [C:/Users/mikan/Desktop/Game/Assets/BG/GreenHouse/追加/FoliagePackV1/Textures/Landscape/Soil/T_Ground_1_B.TGA]
[2020.12.06-03.42.33:548][667]LogFactory: FactoryCreateFile: Texture2D with ReimportTextureFactory (0 0 C:/Users/mikan/Desktop/Game/Assets/BG/GreenHouse/追加/FoliagePackV1/Textures/Landscape/Soil/T_Ground_1_B.TGA)
[2020.12.06-03.42.33:557][667]LogTexture: Display: テクスチャをビルドしています:T_Ground_1_B (AutoDXT、1024X1024)
[2020.12.06-03.42.33:816][667]LogEditorFactories: -- imported successfully
[2020.12.06-03.42.35:592][876]LogUObjectHash: Compacting FUObjectHashTables data took   0.50ms
[2020.12.06-03.42.36:645][876]LogSlate: Window 'コンテンツを保存' being destroyed
[2020.12.06-03.42.36:775][876]LogSavePackage: Moving '../../../../卒業制作/Fly_me_to_the_Moon/Saved/T_Ground_1_B8F19CFD7459130950A99E882121FE68E.tmp' to '../../../../卒業制作/Fly_me_to_the_Moon/Content/Assets/BG/GreenHouse/追加/FoliagePackV1/Textures/Landscape/Soil/T_Ground_1_B.uasset'
[2020.12.06-03.42.36:892][876]LogSavePackage: Moving '../../../../卒業制作/Fly_me_to_the_Moon/Saved/T_Ground_1_N420749CB4114525A429626BB56F66E66.tmp' to '../../../../卒業制作/Fly_me_to_the_Moon/Content/Assets/BG/GreenHouse/追加/FoliagePackV1/Textures/Landscape/Soil/T_Ground_1_N.uasset'
[2020.12.06-03.42.36:903][876]AssetCheck: New page: アセット保存:複数のアセット
[2020.12.06-03.42.36:903][876]LogContentValidation: Display: Texture2D /Game/Assets/BG/GreenHouse/追加/FoliagePackV1/Textures/Landscape/Soil/T_Ground_1_B.T_Ground_1_B を検証しています
[2020.12.06-03.42.36:903][876]LogContentValidation: Display: Texture2D /Game/Assets/BG/GreenHouse/追加/FoliagePackV1/Textures/Landscape/Soil/T_Ground_1_N.T_Ground_1_N を検証しています
[2020.12.06-03.43.24:596][638]LogAssetEditorSubsystem: Opening Asset editor for Texture2D /Game/Assets/BG/GreenHouse/追加/幹/01_Mossy_Tree_rbewF/rbewF_8K_Albedo.rbewF_8K_Albedo
[2020.12.06-03.43.26:030][789]LogAssetEditorSubsystem: Opening Asset editor for Texture2D /Game/Assets/BG/GreenHouse/追加/幹/01_Mossy_Tree_rbewF/rbewF_8K_Displacement.rbewF_8K_Displacement
[2020.12.06-03.43.26:571][839]LogAssetEditorSubsystem: Opening Asset editor for Texture2D /Game/Assets/BG/GreenHouse/追加/幹/01_Mossy_Tree_rbewF/rbewF_8K_NormalLOD0.rbewF_8K_NormalLOD0
[2020.12.06-03.43.27:598][947]LogAssetEditorSubsystem: Opening Asset editor for Texture2D /Game/Assets/BG/GreenHouse/追加/幹/01_Mossy_Tree_rbewF/rbewF_8K_Roughness.rbewF_8K_Roughness
[2020.12.06-03.43.28:933][ 92]LogSlate: Window 'rbewF_8K_Roughness' being destroyed
[2020.12.06-03.43.28:938][ 92]LogSlate: Window 'rbewF_8K_Roughness' being destroyed
[2020.12.06-03.44.19:892][617]LogAssetEditorSubsystem: Opening Asset editor for Texture2D /Game/Assets/BG/GreenHouse/追加/幹/01_Mossy_Tree_rbewF/rbewF_8K_Albedo.rbewF_8K_Albedo
[2020.12.06-03.44.23:477][  7]LogSlate: Window 'rbewF_8K_Albedo' being destroyed
[2020.12.06-03.44.46:068][879]LogSlate: Took 0.000510 seconds to synchronously load lazily loaded font '../../../Engine/Content/Editor/Slate/Fonts/GenEiGothicPro-SemiBold.otf' (703K)
[2020.12.06-03.44.46:070][879]LogSlate: Took 0.001614 seconds to synchronously load lazily loaded font '../../../Engine/Content/Editor/Slate/Fonts/GenEiGothicPro-Heavy.otf' (704K)
[2020.12.06-03.44.46:074][879]LogSlate: Took 0.003801 seconds to synchronously load lazily loaded font '../../../Engine/Content/Slate/Fonts/DroidSansFallback.ttf' (3848K)
[2020.12.06-03.44.47:811][969]LogEditorFactories: Performing atomic reimport of [C:/Users/mikan/Desktop/rbewF_8K_Albedo.TGA]
[2020.12.06-03.44.47:819][969]LogFactory: FactoryCreateFile: Texture2D with ReimportTextureFactory (0 0 C:/Users/mikan/Desktop/rbewF_8K_Albedo.TGA)
[2020.12.06-03.44.47:839][969]LogTexture: Display: テクスチャをビルドしています:rbewF_8K_Albedo (AutoDXT、1024X1024)
[2020.12.06-03.44.48:162][969]LogEditorFactories: -- imported successfully
[2020.12.06-03.45.10:651][595]LogAssetEditorSubsystem: Opening Asset editor for Texture2D /Game/Assets/BG/GreenHouse/追加/幹/010_Wood_Stump_rlsxM/rlsxM_8K_Albedo.rlsxM_8K_Albedo
[2020.12.06-03.45.12:033][710]LogAssetEditorSubsystem: Opening Asset editor for Texture2D /Game/Assets/BG/GreenHouse/追加/幹/010_Wood_Stump_rlsxM/rlsxM_8K_Displacement.rlsxM_8K_Displacement
[2020.12.06-03.45.12:749][762]LogAssetEditorSubsystem: Opening Asset editor for Texture2D /Game/Assets/BG/GreenHouse/追加/幹/010_Wood_Stump_rlsxM/rlsxM_8K_NormalLOD0.rlsxM_8K_NormalLOD0
[2020.12.06-03.45.13:854][831]LogAssetEditorSubsystem: Opening Asset editor for Texture2D /Game/Assets/BG/GreenHouse/追加/幹/010_Wood_Stump_rlsxM/rlsxM_8K_Roughness.rlsxM_8K_Roughness
[2020.12.06-03.45.15:198][921]LogSlate: Window 'rlsxM_8K_Roughness' being destroyed
[2020.12.06-03.45.15:210][921]LogSlate: Window 'rlsxM_8K_Roughness' being destroyed
[2020.12.06-03.45.40:080][601]LogEditorFactories: Performing atomic reimport of [C:/Users/mikan/Desktop/rlsxM_8K_Albedo.TGA]
[2020.12.06-03.45.40:090][601]LogFactory: FactoryCreateFile: Texture2D with ReimportTextureFactory (0 0 C:/Users/mikan/Desktop/rlsxM_8K_Albedo.TGA)
[2020.12.06-03.45.40:107][601]LogTexture: Display: テクスチャをビルドしています:rlsxM_8K_Albedo (AutoDXT、1024X1024)
[2020.12.06-03.45.40:397][601]LogEditorFactories: -- imported successfully
[2020.12.06-03.45.48:311][131]LogAssetEditorSubsystem: Opening Asset editor for Texture2D /Game/Assets/BG/GreenHouse/追加/幹/29_Rock_Granite_rjmar/rjmar_8K_Albedo.rjmar_8K_Albedo
[2020.12.06-03.45.50:386][282]LogSlate: Window 'rjmar_8K_Albedo' being destroyed
[2020.12.06-03.45.50:398][282]LogSlate: Window 'rjmar_8K_Albedo' being destroyed
[2020.12.06-03.46.18:890][486]LogEditorFactories: Performing atomic reimport of [C:/Users/mikan/Desktop/rjmar_8K_Albedo.TGA]
[2020.12.06-03.46.18:899][486]LogFactory: FactoryCreateFile: Texture2D with ReimportTextureFactory (0 0 C:/Users/mikan/Desktop/rjmar_8K_Albedo.TGA)
[2020.12.06-03.46.18:915][486]LogTexture: Display: テクスチャをビルドしています:rjmar_8K_Albedo (AutoDXT、1024X1024)
[2020.12.06-03.46.19:210][486]LogEditorFactories: -- imported successfully
[2020.12.06-03.46.21:103][635]LogUObjectHash: Compacting FUObjectHashTables data took   1.19ms
[2020.12.06-03.46.22:800][635]LogSlate: Window 'コンテンツを保存' being destroyed
[2020.12.06-03.46.23:006][635]LogSavePackage: Moving '../../../../卒業制作/Fly_me_to_the_Moon/Saved/rlsxM_8K_Albedo2FDDF7FA482EA86EF548CD9BAA5863C5.tmp' to '../../../../卒業制作/Fly_me_to_the_Moon/Content/Assets/BG/GreenHouse/追加/幹/010_Wood_Stump_rlsxM/rlsxM_8K_Albedo.uasset'
[2020.12.06-03.46.23:145][635]LogSavePackage: Moving '../../../../卒業制作/Fly_me_to_the_Moon/Saved/rbewF_8K_Albedo0143BFFE4B17CC108E22FB8E0A4C2ADC.tmp' to '../../../../卒業制作/Fly_me_to_the_Moon/Content/Assets/BG/GreenHouse/追加/幹/01_Mossy_Tree_rbewF/rbewF_8K_Albedo.uasset'
[2020.12.06-03.46.23:324][635]LogSavePackage: Moving '../../../../卒業制作/Fly_me_to_the_Moon/Saved/rjmar_8K_AlbedoD4D9DFF14274D3E4BA0A25AF0CB35665.tmp' to '../../../../卒業制作/Fly_me_to_the_Moon/Content/Assets/BG/GreenHouse/追加/幹/29_Rock_Granite_rjmar/rjmar_8K_Albedo.uasset'
[2020.12.06-03.46.23:337][635]AssetCheck: New page: アセット保存:複数のアセット
[2020.12.06-03.46.23:337][635]LogContentValidation: Display: Texture2D /Game/Assets/BG/GreenHouse/追加/幹/010_Wood_Stump_rlsxM/rlsxM_8K_Albedo.rlsxM_8K_Albedo を検証しています
[2020.12.06-03.46.23:337][635]LogContentValidation: Display: Texture2D /Game/Assets/BG/GreenHouse/追加/幹/01_Mossy_Tree_rbewF/rbewF_8K_Albedo.rbewF_8K_Albedo を検証しています
[2020.12.06-03.46.23:337][635]LogContentValidation: Display: Texture2D /Game/Assets/BG/GreenHouse/追加/幹/29_Rock_Granite_rjmar/rjmar_8K_Albedo.rjmar_8K_Albedo を検証しています
